[ 2015-12-04T01:15:51+08:00 ] 127.0.0.1 /
INFO: [ app_init ] --START--
INFO: Run Behavior\BuildLiteBehavior [ RunTime:0.000000s ]
INFO: [ app_init ] --END-- [ RunTime:0.001000s ]
INFO: [ app_begin ] --START--
INFO: Run Behavior\ReadHtmlCacheBehavior [ RunTime:0.001000s ]
INFO: [ app_begin ] --END-- [ RunTime:0.001000s ]
NOTIC: [8] Undefined index: member D:\vhosts\tpshop\App\Home\Controller\BaseController.class.php 第 23 行.
SQL: SHOW COLUMNS FROM `tp_cart` [ RunTime:0.0050s ]
NOTIC: [8] Undefined index: meb_id D:\vhosts\tpshop\App\Home\Model\CartModel.class.php 第 72 行.
SQL: SHOW COLUMNS FROM `tp_goods` [ RunTime:0.0080s ]
SQL: SELECT `id`,`goods_name`,`shop_price`,`image_thumb` FROM `tp_goods` WHERE `is_on_sale` = 1 AND `is_best` = 1 AND `is_del` = 0 ORDER BY id desc LIMIT 4   [ RunTime:0.0000s ]
SQL: SELECT `id`,`goods_name`,`shop_price`,`image_thumb` FROM `tp_goods` WHERE `is_on_sale` = 1 AND `is_hot` = 1 AND `is_del` = 0 ORDER BY id desc LIMIT 4   [ RunTime:0.0010s ]
SQL: SELECT `id`,`goods_name`,`shop_price`,`image_thumb` FROM `tp_goods` WHERE `is_on_sale` = 1 AND `is_new` = 1 AND `is_del` = 0 ORDER BY id desc LIMIT 4   [ RunTime:0.0010s ]
INFO: [ view_parse ] --START--
INFO: [ template_filter ] --START--
INFO: Run Behavior\ContentReplaceBehavior [ RunTime:0.001000s ]
INFO: [ template_filter ] --END-- [ RunTime:0.001000s ]
INFO: Run Behavior\ParseTemplateBehavior [ RunTime:0.081005s ]
INFO: [ view_parse ] --END-- [ RunTime:0.081005s ]
INFO: [ view_filter ] --START--
INFO: Run Behavior\WriteHtmlCacheBehavior [ RunTime:0.001000s ]
INFO: [ view_filter ] --END-- [ RunTime:0.001000s ]
INFO: [ app_end ] --START--
INFO: Run Behavior\ShowPageTraceBehavior [ RunTime:0.001000s ]
INFO: [ app_end ] --END-- [ RunTime:0.001000s ]

[ 2015-12-04T01:15:56+08:00 ] 127.0.0.1 /index.php/Home/Index/goodslist/id/50
INFO: [ app_init ] --START--
INFO: Run Behavior\BuildLiteBehavior [ RunTime:0.000000s ]
INFO: [ app_init ] --END-- [ RunTime:0.000000s ]
INFO: [ app_begin ] --START--
INFO: Run Behavior\ReadHtmlCacheBehavior [ RunTime:0.001000s ]
INFO: [ app_begin ] --END-- [ RunTime:0.001000s ]
NOTIC: [8] Undefined index: member D:\vhosts\tpshop\App\Home\Controller\BaseController.class.php 第 23 行.
SQL: SHOW COLUMNS FROM `tp_cart` [ RunTime:0.0060s ]
NOTIC: [8] Undefined index: meb_id D:\vhosts\tpshop\App\Home\Model\CartModel.class.php 第 72 行.
SQL: SHOW COLUMNS FROM `tp_goods` [ RunTime:0.0080s ]
SQL: SELECT `id`,`goods_name`,`shop_price`,`image_thumb` FROM `tp_goods` WHERE `cat_id` = 50 ORDER BY id desc  [ RunTime:0.0010s ]
SQL: SHOW COLUMNS FROM `tp_category` [ RunTime:0.0060s ]
SQL: SELECT * FROM `tp_category`  [ RunTime:0.0020s ]
SQL: SHOW COLUMNS FROM `tp_category` [ RunTime:0.0050s ]
SQL: SHOW COLUMNS FROM `tp_category` [ RunTime:0.0060s ]
SQL: SELECT `cat_id`,`cat_name`,`parent_id` FROM `tp_category` WHERE `cat_id` = 50 LIMIT 1   [ RunTime:0.0010s ]
SQL: SELECT `cat_id`,`cat_name` FROM `tp_category` WHERE `parent_id` = 15 AND `is_show` = 1  [ RunTime:0.0010s ]
SQL: SHOW COLUMNS FROM `tp_goods` [ RunTime:0.0070s ]
SQL: SELECT `id`,`goods_name`,`shop_price`,`image_thumb` FROM `tp_goods` WHERE `is_on_sale` = 1 AND `is_best` = 1 AND `is_del` = 0 ORDER BY id desc LIMIT 3   [ RunTime:0.0010s ]
NOTIC: [8] Undefined index: meb_id D:\vhosts\tpshop\App\Home\Controller\BaseController.class.php 第 77 行.
SQL: SHOW COLUMNS FROM `tp_meb_browse` [ RunTime:0.0050s ]
SQL: SELECT `goods_id` FROM `tp_meb_browse` WHERE `meb_id` = null ORDER BY browse_time desc LIMIT 3   [ RunTime:0.0220s ]
SQL: SHOW COLUMNS FROM `tp_goods` [ RunTime:0.0070s ]
ERR: SQLSTATE[42000]: Syntax error or access violation: 1064 You have an error in your SQL syntax; check the manual that corresponds to your MySQL server version for the right syntax to use near ')' at line 1

[ 2015-12-04T01:17:18+08:00 ] 127.0.0.1 /index.php/Home/Index/goodslist/id/50
INFO: [ app_init ] --START--
INFO: Run Behavior\BuildLiteBehavior [ RunTime:0.000000s ]
INFO: [ app_init ] --END-- [ RunTime:0.001000s ]
INFO: [ app_begin ] --START--
INFO: Run Behavior\ReadHtmlCacheBehavior [ RunTime:0.001000s ]
INFO: [ app_begin ] --END-- [ RunTime:0.001000s ]
NOTIC: [8] Undefined index: member D:\vhosts\tpshop\App\Home\Controller\BaseController.class.php 第 23 行.
SQL: SHOW COLUMNS FROM `tp_cart` [ RunTime:0.0060s ]
NOTIC: [8] Undefined index: meb_id D:\vhosts\tpshop\App\Home\Model\CartModel.class.php 第 72 行.
SQL: SHOW COLUMNS FROM `tp_goods` [ RunTime:0.0060s ]
SQL: SELECT `id`,`goods_name`,`shop_price`,`image_thumb` FROM `tp_goods` WHERE `cat_id` = 50 ORDER BY id desc  [ RunTime:0.0010s ]
INFO: [ view_parse ] --START--
INFO: [ template_filter ] --START--
INFO: Run Behavior\ContentReplaceBehavior [ RunTime:0.000000s ]
INFO: [ template_filter ] --END-- [ RunTime:0.000000s ]
NOTIC: [8] Undefined variable: breadcrumb D:\vhosts\tpshop\App\Runtime\Cache\Home\b202b53ab2d42fc87b75d93984aef4cb.php 第 180 行.
NOTIC: [8] Undefined variable: cat_parent D:\vhosts\tpshop\App\Runtime\Cache\Home\b202b53ab2d42fc87b75d93984aef4cb.php 第 200 行.
NOTIC: [8] Undefined variable: cat_child D:\vhosts\tpshop\App\Runtime\Cache\Home\b202b53ab2d42fc87b75d93984aef4cb.php 第 202 行.
NOTIC: [8] Undefined variable: best_good D:\vhosts\tpshop\App\Runtime\Cache\Home\b202b53ab2d42fc87b75d93984aef4cb.php 第 215 行.
NOTIC: [8] Undefined variable: Browse D:\vhosts\tpshop\App\Runtime\Cache\Home\b202b53ab2d42fc87b75d93984aef4cb.php 第 236 行.
INFO: Run Behavior\ParseTemplateBehavior [ RunTime:0.142008s ]
INFO: [ view_parse ] --END-- [ RunTime:0.142008s ]
INFO: [ view_filter ] --START--
INFO: Run Behavior\WriteHtmlCacheBehavior [ RunTime:0.001000s ]
INFO: [ view_filter ] --END-- [ RunTime:0.001000s ]
INFO: [ app_end ] --START--
INFO: Run Behavior\ShowPageTraceBehavior [ RunTime:0.001000s ]
INFO: [ app_end ] --END-- [ RunTime:0.001000s ]

[ 2015-12-04T01:17:35+08:00 ] 127.0.0.1 /index.php/Home/Index/goodslist/id/50
INFO: [ app_init ] --START--
INFO: Run Behavior\BuildLiteBehavior [ RunTime:0.000000s ]
INFO: [ app_init ] --END-- [ RunTime:0.001000s ]
INFO: [ app_begin ] --START--
INFO: Run Behavior\ReadHtmlCacheBehavior [ RunTime:0.001000s ]
INFO: [ app_begin ] --END-- [ RunTime:0.001000s ]
NOTIC: [8] Undefined index: member D:\vhosts\tpshop\App\Home\Controller\BaseController.class.php 第 23 行.
SQL: SHOW COLUMNS FROM `tp_cart` [ RunTime:0.0040s ]
NOTIC: [8] Undefined index: meb_id D:\vhosts\tpshop\App\Home\Model\CartModel.class.php 第 72 行.
SQL: SHOW COLUMNS FROM `tp_goods` [ RunTime:0.0070s ]
SQL: SELECT `id`,`goods_name`,`shop_price`,`image_thumb` FROM `tp_goods` WHERE `cat_id` = 50 ORDER BY id desc  [ RunTime:0.0010s ]
SQL: SHOW COLUMNS FROM `tp_category` [ RunTime:0.0060s ]
SQL: SELECT * FROM `tp_category`  [ RunTime:0.0010s ]
SQL: SHOW COLUMNS FROM `tp_category` [ RunTime:0.0050s ]
SQL: SHOW COLUMNS FROM `tp_category` [ RunTime:0.0070s ]
SQL: SELECT `cat_id`,`cat_name`,`parent_id` FROM `tp_category` WHERE `cat_id` = 50 LIMIT 1   [ RunTime:0.0020s ]
SQL: SELECT `cat_id`,`cat_name` FROM `tp_category` WHERE `parent_id` = 15 AND `is_show` = 1  [ RunTime:0.0010s ]
INFO: [ view_parse ] --START--
INFO: [ template_filter ] --START--
INFO: Run Behavior\ContentReplaceBehavior [ RunTime:0.000000s ]
INFO: [ template_filter ] --END-- [ RunTime:0.000000s ]
NOTIC: [8] Undefined variable: best_good D:\vhosts\tpshop\App\Runtime\Cache\Home\b202b53ab2d42fc87b75d93984aef4cb.php 第 215 行.
NOTIC: [8] Undefined variable: Browse D:\vhosts\tpshop\App\Runtime\Cache\Home\b202b53ab2d42fc87b75d93984aef4cb.php 第 236 行.
INFO: Run Behavior\ParseTemplateBehavior [ RunTime:0.080005s ]
INFO: [ view_parse ] --END-- [ RunTime:0.080005s ]
INFO: [ view_filter ] --START--
INFO: Run Behavior\WriteHtmlCacheBehavior [ RunTime:0.001000s ]
INFO: [ view_filter ] --END-- [ RunTime:0.001000s ]
INFO: [ app_end ] --START--
INFO: Run Behavior\ShowPageTraceBehavior [ RunTime:0.002000s ]
INFO: [ app_end ] --END-- [ RunTime:0.002000s ]

[ 2015-12-04T01:18:54+08:00 ] 127.0.0.1 /index.php/Home/Index/goodslist/id/50
INFO: [ app_init ] --START--
INFO: Run Behavior\BuildLiteBehavior [ RunTime:0.000000s ]
INFO: [ app_init ] --END-- [ RunTime:0.001000s ]
INFO: [ app_begin ] --START--
INFO: Run Behavior\ReadHtmlCacheBehavior [ RunTime:0.001000s ]
INFO: [ app_begin ] --END-- [ RunTime:0.001000s ]
NOTIC: [8] Undefined index: member D:\vhosts\tpshop\App\Home\Controller\BaseController.class.php 第 23 行.
SQL: SHOW COLUMNS FROM `tp_cart` [ RunTime:0.0050s ]
NOTIC: [8] Undefined index: meb_id D:\vhosts\tpshop\App\Home\Model\CartModel.class.php 第 72 行.
SQL: SHOW COLUMNS FROM `tp_goods` [ RunTime:0.0070s ]
SQL: SELECT `id`,`goods_name`,`shop_price`,`image_thumb` FROM `tp_goods` WHERE `cat_id` = 50 ORDER BY id desc  [ RunTime:0.0010s ]
SQL: SHOW COLUMNS FROM `tp_category` [ RunTime:0.0060s ]
SQL: SELECT * FROM `tp_category`  [ RunTime:0.0010s ]
SQL: SHOW COLUMNS FROM `tp_category` [ RunTime:0.0050s ]
SQL: SHOW COLUMNS FROM `tp_category` [ RunTime:0.0050s ]
SQL: SELECT `cat_id`,`cat_name`,`parent_id` FROM `tp_category` WHERE `cat_id` = 50 LIMIT 1   [ RunTime:0.0000s ]
SQL: SELECT `cat_id`,`cat_name` FROM `tp_category` WHERE `parent_id` = 15 AND `is_show` = 1  [ RunTime:0.0000s ]
SQL: SHOW COLUMNS FROM `tp_goods` [ RunTime:0.0050s ]
SQL: SELECT `id`,`goods_name`,`shop_price`,`image_thumb` FROM `tp_goods` WHERE `is_on_sale` = 1 AND `is_best` = 1 AND `is_del` = 0 ORDER BY id desc LIMIT 3   [ RunTime:0.0000s ]
INFO: [ view_parse ] --START--
INFO: [ template_filter ] --START--
INFO: Run Behavior\ContentReplaceBehavior [ RunTime:0.001000s ]
INFO: [ template_filter ] --END-- [ RunTime:0.001000s ]
NOTIC: [8] Undefined variable: Browse D:\vhosts\tpshop\App\Runtime\Cache\Home\b202b53ab2d42fc87b75d93984aef4cb.php 第 236 行.
INFO: Run Behavior\ParseTemplateBehavior [ RunTime:0.047003s ]
INFO: [ view_parse ] --END-- [ RunTime:0.047003s ]
INFO: [ view_filter ] --START--
INFO: Run Behavior\WriteHtmlCacheBehavior [ RunTime:0.000000s ]
INFO: [ view_filter ] --END-- [ RunTime:0.001000s ]
INFO: [ app_end ] --START--
INFO: Run Behavior\ShowPageTraceBehavior [ RunTime:0.001000s ]
INFO: [ app_end ] --END-- [ RunTime:0.001000s ]

[ 2015-12-04T01:19:02+08:00 ] 127.0.0.1 /index.php/Home/Index/goodslist/id/50
INFO: [ app_init ] --START--
INFO: Run Behavior\BuildLiteBehavior [ RunTime:0.000000s ]
INFO: [ app_init ] --END-- [ RunTime:0.000000s ]
INFO: [ app_begin ] --START--
INFO: Run Behavior\ReadHtmlCacheBehavior [ RunTime:0.001000s ]
INFO: [ app_begin ] --END-- [ RunTime:0.001000s ]
NOTIC: [8] Undefined index: member D:\vhosts\tpshop\App\Home\Controller\BaseController.class.php 第 23 行.
SQL: SHOW COLUMNS FROM `tp_cart` [ RunTime:0.0040s ]
NOTIC: [8] Undefined index: meb_id D:\vhosts\tpshop\App\Home\Model\CartModel.class.php 第 72 行.
SQL: SHOW COLUMNS FROM `tp_goods` [ RunTime:0.0060s ]
SQL: SELECT `id`,`goods_name`,`shop_price`,`image_thumb` FROM `tp_goods` WHERE `cat_id` = 50 ORDER BY id desc  [ RunTime:0.0010s ]
SQL: SHOW COLUMNS FROM `tp_category` [ RunTime:0.0050s ]
SQL: SELECT * FROM `tp_category`  [ RunTime:0.0020s ]
SQL: SHOW COLUMNS FROM `tp_category` [ RunTime:0.0050s ]
SQL: SHOW COLUMNS FROM `tp_category` [ RunTime:0.0080s ]
SQL: SELECT `cat_id`,`cat_name`,`parent_id` FROM `tp_category` WHERE `cat_id` = 50 LIMIT 1   [ RunTime:0.0010s ]
SQL: SELECT `cat_id`,`cat_name` FROM `tp_category` WHERE `parent_id` = 15 AND `is_show` = 1  [ RunTime:0.0010s ]
SQL: SHOW COLUMNS FROM `tp_goods` [ RunTime:0.0060s ]
SQL: SELECT `id`,`goods_name`,`shop_price`,`image_thumb` FROM `tp_goods` WHERE `is_on_sale` = 1 AND `is_best` = 1 AND `is_del` = 0 ORDER BY id desc LIMIT 3   [ RunTime:0.0010s ]
NOTIC: [8] Undefined index: meb_id D:\vhosts\tpshop\App\Home\Controller\BaseController.class.php 第 77 行.
SQL: SHOW COLUMNS FROM `tp_meb_browse` [ RunTime:0.0060s ]
SQL: SELECT `goods_id` FROM `tp_meb_browse` WHERE `meb_id` = null ORDER BY browse_time desc LIMIT 3   [ RunTime:0.0010s ]
SQL: SHOW COLUMNS FROM `tp_goods` [ RunTime:0.0050s ]
ERR: SQLSTATE[42000]: Syntax error or access violation: 1064 You have an error in your SQL syntax; check the manual that corresponds to your MySQL server version for the right syntax to use near ')' at line 1

[ 2015-12-04T01:19:40+08:00 ] 127.0.0.1 /index.php/Home/Index/goodslist/id/50
INFO: [ app_init ] --START--
INFO: Run Behavior\BuildLiteBehavior [ RunTime:0.000000s ]
INFO: [ app_init ] --END-- [ RunTime:0.001000s ]
INFO: [ app_begin ] --START--
INFO: Run Behavior\ReadHtmlCacheBehavior [ RunTime:0.001000s ]
INFO: [ app_begin ] --END-- [ RunTime:0.001000s ]
NOTIC: [8] Undefined index: member D:\vhosts\tpshop\App\Home\Controller\BaseController.class.php 第 23 行.
SQL: SHOW COLUMNS FROM `tp_cart` [ RunTime:0.0050s ]
NOTIC: [8] Undefined index: meb_id D:\vhosts\tpshop\App\Home\Model\CartModel.class.php 第 72 行.
SQL: SHOW COLUMNS FROM `tp_goods` [ RunTime:0.0060s ]
SQL: SELECT `id`,`goods_name`,`shop_price`,`image_thumb` FROM `tp_goods` WHERE `cat_id` = 50 ORDER BY id desc  [ RunTime:0.0010s ]
SQL: SHOW COLUMNS FROM `tp_category` [ RunTime:0.0050s ]
SQL: SELECT * FROM `tp_category`  [ RunTime:0.0010s ]
SQL: SHOW COLUMNS FROM `tp_category` [ RunTime:0.0060s ]
SQL: SHOW COLUMNS FROM `tp_category` [ RunTime:0.0090s ]
SQL: SELECT `cat_id`,`cat_name`,`parent_id` FROM `tp_category` WHERE `cat_id` = 50 LIMIT 1   [ RunTime:0.0010s ]
SQL: SELECT `cat_id`,`cat_name` FROM `tp_category` WHERE `parent_id` = 15 AND `is_show` = 1  [ RunTime:0.0000s ]
SQL: SHOW COLUMNS FROM `tp_goods` [ RunTime:0.0050s ]
SQL: SELECT `id`,`goods_name`,`shop_price`,`image_thumb` FROM `tp_goods` WHERE `is_on_sale` = 1 AND `is_best` = 1 AND `is_del` = 0 ORDER BY id desc LIMIT 3   [ RunTime:0.0010s ]
NOTIC: [8] Undefined index: meb_id D:\vhosts\tpshop\App\Home\Controller\BaseController.class.php 第 77 行.
SQL: SHOW COLUMNS FROM `tp_meb_browse` [ RunTime:0.0050s ]
SQL: SELECT `goods_id` FROM `tp_meb_browse` WHERE `meb_id` = null ORDER BY browse_time desc LIMIT 3   [ RunTime:0.0010s ]

[ 2015-12-04T01:38:41+08:00 ] 127.0.0.1 /index.php/Home/Index/goodslist/id/50
INFO: [ app_init ] --START--
INFO: Run Behavior\BuildLiteBehavior [ RunTime:0.000000s ]
INFO: [ app_init ] --END-- [ RunTime:0.002000s ]
INFO: [ app_begin ] --START--
INFO: Run Behavior\ReadHtmlCacheBehavior [ RunTime:0.001000s ]
INFO: [ app_begin ] --END-- [ RunTime:0.002000s ]
NOTIC: [8] Undefined index: member D:\vhosts\tpshop\App\Home\Controller\BaseController.class.php 第 23 行.
SQL: SHOW COLUMNS FROM `tp_cart` [ RunTime:0.0060s ]
NOTIC: [8] Undefined index: meb_id D:\vhosts\tpshop\App\Home\Model\CartModel.class.php 第 72 行.
SQL: SHOW COLUMNS FROM `tp_goods` [ RunTime:0.0070s ]
SQL: SELECT `id`,`goods_name`,`shop_price`,`image_thumb` FROM `tp_goods` WHERE `cat_id` = 50 ORDER BY id desc  [ RunTime:0.0010s ]
SQL: SHOW COLUMNS FROM `tp_category` [ RunTime:0.0050s ]
SQL: SELECT * FROM `tp_category`  [ RunTime:0.0010s ]
SQL: SHOW COLUMNS FROM `tp_category` [ RunTime:0.0070s ]
SQL: SHOW COLUMNS FROM `tp_category` [ RunTime:0.0060s ]
SQL: SELECT `cat_id`,`cat_name`,`parent_id` FROM `tp_category` WHERE `cat_id` = 50 LIMIT 1   [ RunTime:0.0010s ]
SQL: SELECT `cat_id`,`cat_name` FROM `tp_category` WHERE `parent_id` = 15 AND `is_show` = 1  [ RunTime:0.0010s ]
SQL: SHOW COLUMNS FROM `tp_goods` [ RunTime:0.0070s ]
SQL: SELECT `id`,`goods_name`,`shop_price`,`image_thumb` FROM `tp_goods` WHERE `is_on_sale` = 1 AND `is_best` = 1 AND `is_del` = 0 ORDER BY id desc LIMIT 3   [ RunTime:0.0010s ]
NOTIC: [8] Undefined index: meb_id D:\vhosts\tpshop\App\Home\Controller\BaseController.class.php 第 77 行.
INFO: [ view_parse ] --START--
INFO: [ template_filter ] --START--
INFO: Run Behavior\ContentReplaceBehavior [ RunTime:0.000000s ]
INFO: [ template_filter ] --END-- [ RunTime:0.000000s ]
NOTIC: [8] Undefined variable: Browse D:\vhosts\tpshop\App\Runtime\Cache\Home\b202b53ab2d42fc87b75d93984aef4cb.php 第 236 行.
INFO: Run Behavior\ParseTemplateBehavior [ RunTime:0.049003s ]
INFO: [ view_parse ] --END-- [ RunTime:0.049003s ]
INFO: [ view_filter ] --START--
INFO: Run Behavior\WriteHtmlCacheBehavior [ RunTime:0.001000s ]
INFO: [ view_filter ] --END-- [ RunTime:0.001000s ]
INFO: [ app_end ] --START--
INFO: Run Behavior\ShowPageTraceBehavior [ RunTime:0.002000s ]
INFO: [ app_end ] --END-- [ RunTime:0.002000s ]

[ 2015-12-04T01:38:46+08:00 ] 127.0.0.1 /index.php/Home/Member/login
INFO: [ app_init ] --START--
INFO: Run Behavior\BuildLiteBehavior [ RunTime:0.000000s ]
INFO: [ app_init ] --END-- [ RunTime:0.001000s ]
INFO: [ app_begin ] --START--
INFO: Run Behavior\ReadHtmlCacheBehavior [ RunTime:0.001000s ]
INFO: [ app_begin ] --END-- [ RunTime:0.001000s ]
INFO: [ view_parse ] --START--
INFO: [ template_filter ] --START--
INFO: Run Behavior\ContentReplaceBehavior [ RunTime:0.001000s ]
INFO: [ template_filter ] --END-- [ RunTime:0.001000s ]
INFO: Run Behavior\ParseTemplateBehavior [ RunTime:0.034002s ]
INFO: [ view_parse ] --END-- [ RunTime:0.034002s ]
INFO: [ view_filter ] --START--
INFO: Run Behavior\WriteHtmlCacheBehavior [ RunTime:0.000000s ]
INFO: [ view_filter ] --END-- [ RunTime:0.001000s ]
INFO: [ app_end ] --START--
INFO: Run Behavior\ShowPageTraceBehavior [ RunTime:0.001000s ]
INFO: [ app_end ] --END-- [ RunTime:0.001000s ]

[ 2015-12-04T01:38:47+08:00 ] 127.0.0.1 /index.php/Home/Member/verify
INFO: [ app_init ] --START--
INFO: Run Behavior\BuildLiteBehavior [ RunTime:0.000000s ]
INFO: [ app_init ] --END-- [ RunTime:0.000000s ]
INFO: [ app_begin ] --START--
INFO: Run Behavior\ReadHtmlCacheBehavior [ RunTime:0.001000s ]
INFO: [ app_begin ] --END-- [ RunTime:0.001000s ]
INFO: [ app_end ] --START--
INFO: Run Behavior\ShowPageTraceBehavior [ RunTime:0.001000s ]
INFO: [ app_end ] --END-- [ RunTime:0.001000s ]

[ 2015-12-04T01:38:54+08:00 ] 127.0.0.1 /index.php/Home/Member/login
INFO: [ app_init ] --START--
INFO: Run Behavior\BuildLiteBehavior [ RunTime:0.000000s ]
INFO: [ app_init ] --END-- [ RunTime:0.001000s ]
INFO: [ app_begin ] --START--
INFO: Run Behavior\ReadHtmlCacheBehavior [ RunTime:0.001000s ]
INFO: [ app_begin ] --END-- [ RunTime:0.001000s ]
SQL: SHOW COLUMNS FROM `tp_member` [ RunTime:0.0060s ]
SQL: SELECT * FROM `tp_member` WHERE `meb_name` = 'luoqi' LIMIT 1   [ RunTime:0.0010s ]
SQL: SHOW COLUMNS FROM `tp_cart` [ RunTime:0.0050s ]
INFO: [ view_parse ] --START--
INFO: [ template_filter ] --START--
INFO: Run Behavior\ContentReplaceBehavior [ RunTime:0.000000s ]
INFO: [ template_filter ] --END-- [ RunTime:0.000000s ]
INFO: Run Behavior\ParseTemplateBehavior [ RunTime:0.012001s ]
INFO: [ view_parse ] --END-- [ RunTime:0.012001s ]
INFO: [ view_filter ] --START--
INFO: Run Behavior\WriteHtmlCacheBehavior [ RunTime:0.001000s ]
INFO: [ view_filter ] --END-- [ RunTime:0.001000s ]

[ 2015-12-04T01:38:56+08:00 ] 127.0.0.1 /index.php/Home/Index/index.html
INFO: [ app_init ] --START--
INFO: Run Behavior\BuildLiteBehavior [ RunTime:0.000000s ]
INFO: [ app_init ] --END-- [ RunTime:0.000000s ]
INFO: [ app_begin ] --START--
INFO: Run Behavior\ReadHtmlCacheBehavior [ RunTime:0.001000s ]
INFO: [ app_begin ] --END-- [ RunTime:0.001000s ]
SQL: SHOW COLUMNS FROM `tp_cart` [ RunTime:0.0050s ]
SQL: SELECT * FROM `tp_cart` WHERE `meb_id` = 2  [ RunTime:0.0120s ]
SQL: SHOW COLUMNS FROM `tp_goods` [ RunTime:0.0060s ]
SQL: SELECT `goods_name`,`image_thumb`,`shop_price` FROM `tp_goods` WHERE `id` = 31 LIMIT 1   [ RunTime:0.0010s ]
SQL: select group_concat(concat(b.att_name,':',a.attr_value) separator '<br/>') attrs from tp_goods_attr a left join tp_attribute b on a.attr_id=b.id where a.id in (73,76,78) [ RunTime:0.0800s ]
SQL: SHOW COLUMNS FROM `tp_goods` [ RunTime:0.0070s ]
SQL: SELECT `id`,`goods_name`,`shop_price`,`image_thumb` FROM `tp_goods` WHERE `is_on_sale` = 1 AND `is_best` = 1 AND `is_del` = 0 ORDER BY id desc LIMIT 4   [ RunTime:0.0000s ]
SQL: SELECT `id`,`goods_name`,`shop_price`,`image_thumb` FROM `tp_goods` WHERE `is_on_sale` = 1 AND `is_hot` = 1 AND `is_del` = 0 ORDER BY id desc LIMIT 4   [ RunTime:0.0010s ]
SQL: SELECT `id`,`goods_name`,`shop_price`,`image_thumb` FROM `tp_goods` WHERE `is_on_sale` = 1 AND `is_new` = 1 AND `is_del` = 0 ORDER BY id desc LIMIT 4   [ RunTime:0.0010s ]
INFO: [ view_parse ] --START--
INFO: [ template_filter ] --START--
INFO: Run Behavior\ContentReplaceBehavior [ RunTime:0.001000s ]
INFO: [ template_filter ] --END-- [ RunTime:0.001000s ]
INFO: Run Behavior\ParseTemplateBehavior [ RunTime:0.062004s ]
INFO: [ view_parse ] --END-- [ RunTime:0.062004s ]
INFO: [ view_filter ] --START--
INFO: Run Behavior\WriteHtmlCacheBehavior [ RunTime:0.001000s ]
INFO: [ view_filter ] --END-- [ RunTime:0.001000s ]
INFO: [ app_end ] --START--
INFO: Run Behavior\ShowPageTraceBehavior [ RunTime:0.001000s ]
INFO: [ app_end ] --END-- [ RunTime:0.002000s ]

[ 2015-12-04T01:39:01+08:00 ] 127.0.0.1 /index.php/Home/Index/goodslist/id/50
INFO: [ app_init ] --START--
INFO: Run Behavior\BuildLiteBehavior [ RunTime:0.001000s ]
INFO: [ app_init ] --END-- [ RunTime:0.001000s ]
INFO: [ app_begin ] --START--
INFO: Run Behavior\ReadHtmlCacheBehavior [ RunTime:0.003000s ]
INFO: [ app_begin ] --END-- [ RunTime:0.004000s ]
SQL: SHOW COLUMNS FROM `tp_cart` [ RunTime:0.0050s ]
SQL: SELECT * FROM `tp_cart` WHERE `meb_id` = 2  [ RunTime:0.0010s ]
SQL: SHOW COLUMNS FROM `tp_goods` [ RunTime:0.0060s ]
SQL: SELECT `goods_name`,`image_thumb`,`shop_price` FROM `tp_goods` WHERE `id` = 31 LIMIT 1   [ RunTime:0.0010s ]
SQL: select group_concat(concat(b.att_name,':',a.attr_value) separator '<br/>') attrs from tp_goods_attr a left join tp_attribute b on a.attr_id=b.id where a.id in (73,76,78) [ RunTime:0.0020s ]
SQL: SHOW COLUMNS FROM `tp_goods` [ RunTime:0.0060s ]
SQL: SELECT `id`,`goods_name`,`shop_price`,`image_thumb` FROM `tp_goods` WHERE `cat_id` = 50 ORDER BY id desc  [ RunTime:0.0010s ]
SQL: SHOW COLUMNS FROM `tp_category` [ RunTime:0.0060s ]
SQL: SELECT * FROM `tp_category`  [ RunTime:0.0010s ]
SQL: SHOW COLUMNS FROM `tp_category` [ RunTime:0.0050s ]
SQL: SHOW COLUMNS FROM `tp_category` [ RunTime:0.0090s ]
SQL: SELECT `cat_id`,`cat_name`,`parent_id` FROM `tp_category` WHERE `cat_id` = 50 LIMIT 1   [ RunTime:0.0010s ]
SQL: SELECT `cat_id`,`cat_name` FROM `tp_category` WHERE `parent_id` = 15 AND `is_show` = 1  [ RunTime:0.0010s ]
SQL: SHOW COLUMNS FROM `tp_goods` [ RunTime:0.0070s ]
SQL: SELECT `id`,`goods_name`,`shop_price`,`image_thumb` FROM `tp_goods` WHERE `is_on_sale` = 1 AND `is_best` = 1 AND `is_del` = 0 ORDER BY id desc LIMIT 3   [ RunTime:0.0000s ]
SQL: SHOW COLUMNS FROM `tp_meb_browse` [ RunTime:0.0050s ]
SQL: SELECT `goods_id` FROM `tp_meb_browse` WHERE `meb_id` = 2 ORDER BY browse_time desc LIMIT 3   [ RunTime:0.0010s ]
SQL: SELECT * FROM `tp_goods` WHERE `id` IN ('31','17','30')  [ RunTime:0.0010s ]
INFO: [ view_parse ] --START--
INFO: [ template_filter ] --START--
INFO: Run Behavior\ContentReplaceBehavior [ RunTime:0.000000s ]
INFO: [ template_filter ] --END-- [ RunTime:0.000000s ]
INFO: Run Behavior\ParseTemplateBehavior [ RunTime:0.046003s ]
INFO: [ view_parse ] --END-- [ RunTime:0.047003s ]
INFO: [ view_filter ] --START--
INFO: Run Behavior\WriteHtmlCacheBehavior [ RunTime:0.000000s ]
INFO: [ view_filter ] --END-- [ RunTime:0.000000s ]
INFO: [ app_end ] --START--
INFO: Run Behavior\ShowPageTraceBehavior [ RunTime:0.001000s ]
INFO: [ app_end ] --END-- [ RunTime:0.001000s ]

[ 2015-12-04T01:54:24+08:00 ] 127.0.0.1 /
INFO: [ app_init ] --START--
INFO: Run Behavior\BuildLiteBehavior [ RunTime:0.000000s ]
INFO: [ app_init ] --END-- [ RunTime:0.001001s ]
INFO: [ app_begin ] --START--
INFO: Run Behavior\ReadHtmlCacheBehavior [ RunTime:0.001000s ]
INFO: [ app_begin ] --END-- [ RunTime:0.001000s ]
SQL: SHOW COLUMNS FROM `tp_cart` [ RunTime:0.0070s ]
SQL: SELECT * FROM `tp_cart` WHERE `meb_id` = 2  [ RunTime:0.0010s ]
SQL: SHOW COLUMNS FROM `tp_goods` [ RunTime:0.0070s ]
SQL: SELECT `goods_name`,`image_thumb`,`shop_price` FROM `tp_goods` WHERE `id` = 31 LIMIT 1   [ RunTime:0.0000s ]
SQL: select group_concat(concat(b.att_name,':',a.attr_value) separator '<br/>') attrs from tp_goods_attr a left join tp_attribute b on a.attr_id=b.id where a.id in (73,76,78) [ RunTime:0.0000s ]
SQL: SHOW COLUMNS FROM `tp_goods` [ RunTime:0.0070s ]
SQL: SELECT `id`,`goods_name`,`shop_price`,`image_thumb` FROM `tp_goods` WHERE `is_on_sale` = 1 AND `is_best` = 1 AND `is_del` = 0 ORDER BY id desc LIMIT 4   [ RunTime:0.0010s ]
SQL: SELECT `id`,`goods_name`,`shop_price`,`image_thumb` FROM `tp_goods` WHERE `is_on_sale` = 1 AND `is_hot` = 1 AND `is_del` = 0 ORDER BY id desc LIMIT 4   [ RunTime:0.0010s ]
SQL: SELECT `id`,`goods_name`,`shop_price`,`image_thumb` FROM `tp_goods` WHERE `is_on_sale` = 1 AND `is_new` = 1 AND `is_del` = 0 ORDER BY id desc LIMIT 4   [ RunTime:0.0010s ]
INFO: [ view_parse ] --START--
INFO: [ template_filter ] --START--
INFO: Run Behavior\ContentReplaceBehavior [ RunTime:0.001000s ]
INFO: [ template_filter ] --END-- [ RunTime:0.001000s ]
INFO: Run Behavior\ParseTemplateBehavior [ RunTime:0.066004s ]
INFO: [ view_parse ] --END-- [ RunTime:0.066004s ]
INFO: [ view_filter ] --START--
INFO: Run Behavior\WriteHtmlCacheBehavior [ RunTime:0.001000s ]
INFO: [ view_filter ] --END-- [ RunTime:0.001000s ]
INFO: [ app_end ] --START--
INFO: Run Behavior\ShowPageTraceBehavior [ RunTime:0.001000s ]
INFO: [ app_end ] --END-- [ RunTime:0.001000s ]

[ 2015-12-04T01:54:26+08:00 ] 127.0.0.1 /index.php/Home/Index/goodslist/id/50
INFO: [ app_init ] --START--
INFO: Run Behavior\BuildLiteBehavior [ RunTime:0.000000s ]
INFO: [ app_init ] --END-- [ RunTime:0.001000s ]
INFO: [ app_begin ] --START--
INFO: Run Behavior\ReadHtmlCacheBehavior [ RunTime:0.001001s ]
INFO: [ app_begin ] --END-- [ RunTime:0.001001s ]
SQL: SHOW COLUMNS FROM `tp_cart` [ RunTime:0.0050s ]
SQL: SELECT * FROM `tp_cart` WHERE `meb_id` = 2  [ RunTime:0.0010s ]
SQL: SHOW COLUMNS FROM `tp_goods` [ RunTime:0.0070s ]
SQL: SELECT `goods_name`,`image_thumb`,`shop_price` FROM `tp_goods` WHERE `id` = 31 LIMIT 1   [ RunTime:0.0000s ]
SQL: select group_concat(concat(b.att_name,':',a.attr_value) separator '<br/>') attrs from tp_goods_attr a left join tp_attribute b on a.attr_id=b.id where a.id in (73,76,78) [ RunTime:0.0000s ]
SQL: SHOW COLUMNS FROM `tp_goods` [ RunTime:0.0060s ]
SQL: SELECT `id`,`goods_name`,`shop_price`,`image_thumb` FROM `tp_goods` WHERE `cat_id` = 50 ORDER BY id desc  [ RunTime:0.0010s ]
SQL: SHOW COLUMNS FROM `tp_category` [ RunTime:0.0070s ]
SQL: SELECT * FROM `tp_category`  [ RunTime:0.0010s ]
SQL: SHOW COLUMNS FROM `tp_category` [ RunTime:0.0060s ]
SQL: SHOW COLUMNS FROM `tp_category` [ RunTime:0.0060s ]
SQL: SELECT `cat_id`,`cat_name`,`parent_id` FROM `tp_category` WHERE `cat_id` = 50 LIMIT 1   [ RunTime:0.0010s ]
SQL: SELECT `cat_id`,`cat_name` FROM `tp_category` WHERE `parent_id` = 15 AND `is_show` = 1  [ RunTime:0.0000s ]
SQL: SHOW COLUMNS FROM `tp_goods` [ RunTime:0.0060s ]
SQL: SELECT `id`,`goods_name`,`shop_price`,`image_thumb` FROM `tp_goods` WHERE `is_on_sale` = 1 AND `is_best` = 1 AND `is_del` = 0 ORDER BY id desc LIMIT 3   [ RunTime:0.0020s ]
SQL: SHOW COLUMNS FROM `tp_meb_browse` [ RunTime:0.0060s ]
SQL: SELECT `goods_id` FROM `tp_meb_browse` WHERE `meb_id` = 2 ORDER BY browse_time desc LIMIT 3   [ RunTime:0.0000s ]
SQL: SELECT * FROM `tp_goods` WHERE `id` IN ('31','17','30')  [ RunTime:0.0010s ]
INFO: [ view_parse ] --START--
INFO: [ template_filter ] --START--
INFO: Run Behavior\ContentReplaceBehavior [ RunTime:0.001000s ]
INFO: [ template_filter ] --END-- [ RunTime:0.001000s ]
INFO: Run Behavior\ParseTemplateBehavior [ RunTime:0.045003s ]
INFO: [ view_parse ] --END-- [ RunTime:0.045003s ]
INFO: [ view_filter ] --START--
INFO: Run Behavior\WriteHtmlCacheBehavior [ RunTime:0.001000s ]
INFO: [ view_filter ] --END-- [ RunTime:0.001000s ]
INFO: [ app_end ] --START--
INFO: Run Behavior\ShowPageTraceBehavior [ RunTime:0.001000s ]
INFO: [ app_end ] --END-- [ RunTime:0.002000s ]

[ 2015-12-04T01:54:28+08:00 ] 127.0.0.1 /index.php/Home/Index/good/id/30
INFO: [ app_init ] --START--
INFO: Run Behavior\BuildLiteBehavior [ RunTime:0.000000s ]
INFO: [ app_init ] --END-- [ RunTime:0.001000s ]
INFO: [ app_begin ] --START--
INFO: Run Behavior\ReadHtmlCacheBehavior [ RunTime:0.002000s ]
INFO: [ app_begin ] --END-- [ RunTime:0.002000s ]
SQL: SHOW COLUMNS FROM `tp_cart` [ RunTime:0.0050s ]
SQL: SELECT * FROM `tp_cart` WHERE `meb_id` = 2  [ RunTime:0.0010s ]
SQL: SHOW COLUMNS FROM `tp_goods` [ RunTime:0.0070s ]
SQL: SELECT `goods_name`,`image_thumb`,`shop_price` FROM `tp_goods` WHERE `id` = 31 LIMIT 1   [ RunTime:0.0000s ]
SQL: select group_concat(concat(b.att_name,':',a.attr_value) separator '<br/>') attrs from tp_goods_attr a left join tp_attribute b on a.attr_id=b.id where a.id in (73,76,78) [ RunTime:0.0000s ]
SQL: SHOW COLUMNS FROM `tp_goods` [ RunTime:0.0060s ]
SQL: SELECT * FROM `tp_goods` WHERE `id` = 30 AND `is_del` = 0 LIMIT 1   [ RunTime:0.0010s ]
SQL: select a.id,a.attr_id,a.attr_value,b.att_name,b.att_type from tp_goods_attr a left join tp_attribute b on a.attr_id=b.id where a.goods_id=30 [ RunTime:0.0010s ]
SQL: SHOW COLUMNS FROM `tp_goods_album` [ RunTime:0.0060s ]
SQL: SELECT * FROM `tp_goods_album` WHERE `goods_id` = 30  [ RunTime:0.0000s ]
SQL: SHOW COLUMNS FROM `tp_category` [ RunTime:0.0070s ]
SQL: SELECT * FROM `tp_category`  [ RunTime:0.0010s ]
SQL: SHOW COLUMNS FROM `tp_category` [ RunTime:0.0070s ]
SQL: SHOW COLUMNS FROM `tp_category` [ RunTime:0.0090s ]
SQL: SELECT `cat_id`,`cat_name`,`parent_id` FROM `tp_category` WHERE `cat_id` = 30 LIMIT 1   [ RunTime:0.0010s ]
SQL: SELECT `cat_id`,`cat_name` FROM `tp_category` WHERE `parent_id` = 16 AND `is_show` = 1  [ RunTime:0.0010s ]
SQL: SHOW COLUMNS FROM `tp_goods` [ RunTime:0.0060s ]
SQL: SELECT `id`,`goods_name`,`shop_price`,`image_thumb` FROM `tp_goods` WHERE `is_on_sale` = 1 AND `is_best` = 1 AND `is_del` = 0 ORDER BY id desc LIMIT 3   [ RunTime:0.0010s ]
SQL: SHOW COLUMNS FROM `tp_meb_browse` [ RunTime:0.0050s ]
SQL: SELECT `goods_id` FROM `tp_meb_browse` WHERE `meb_id` = 2 ORDER BY browse_time desc LIMIT 3   [ RunTime:0.0000s ]
SQL: SELECT * FROM `tp_goods` WHERE `id` IN ('31','17','30')  [ RunTime:0.0000s ]
SQL: SHOW COLUMNS FROM `tp_meb_browse` [ RunTime:0.0050s ]
SQL: SELECT * FROM `tp_meb_browse` WHERE `meb_id` = 2 AND `goods_id` = 30 LIMIT 1   [ RunTime:0.0010s ]
SQL: UPDATE `tp_meb_browse` SET `browse_time`='1449165268' WHERE `meb_id` = 2 AND `goods_id` = 30 [ RunTime:0.1260s ]
INFO: [ view_parse ] --START--
INFO: [ template_filter ] --START--
INFO: Run Behavior\ContentReplaceBehavior [ RunTime:0.001000s ]
INFO: [ template_filter ] --END-- [ RunTime:0.001000s ]
INFO: Run Behavior\ParseTemplateBehavior [ RunTime:0.092005s ]
INFO: [ view_parse ] --END-- [ RunTime:0.092005s ]
INFO: [ view_filter ] --START--
INFO: Run Behavior\WriteHtmlCacheBehavior [ RunTime:0.000000s ]
INFO: [ view_filter ] --END-- [ RunTime:0.001000s ]
INFO: [ app_end ] --START--
INFO: Run Behavior\ShowPageTraceBehavior [ RunTime:0.001001s ]
INFO: [ app_end ] --END-- [ RunTime:0.001001s ]

[ 2015-12-04T01:54:34+08:00 ] 127.0.0.1 /index.php
INFO: [ app_init ] --START--
INFO: Run Behavior\BuildLiteBehavior [ RunTime:0.000000s ]
INFO: [ app_init ] --END-- [ RunTime:0.001000s ]
INFO: [ app_begin ] --START--
INFO: Run Behavior\ReadHtmlCacheBehavior [ RunTime:0.001000s ]
INFO: [ app_begin ] --END-- [ RunTime:0.001000s ]
SQL: SHOW COLUMNS FROM `tp_cart` [ RunTime:0.0040s ]
SQL: SELECT * FROM `tp_cart` WHERE `meb_id` = 2  [ RunTime:0.0010s ]
SQL: SHOW COLUMNS FROM `tp_goods` [ RunTime:0.0080s ]
SQL: SELECT `goods_name`,`image_thumb`,`shop_price` FROM `tp_goods` WHERE `id` = 31 LIMIT 1   [ RunTime:0.0010s ]
SQL: select group_concat(concat(b.att_name,':',a.attr_value) separator '<br/>') attrs from tp_goods_attr a left join tp_attribute b on a.attr_id=b.id where a.id in (73,76,78) [ RunTime:0.0010s ]
SQL: SHOW COLUMNS FROM `tp_goods` [ RunTime:0.0070s ]
SQL: SELECT `id`,`goods_name`,`shop_price`,`image_thumb` FROM `tp_goods` WHERE `is_on_sale` = 1 AND `is_best` = 1 AND `is_del` = 0 ORDER BY id desc LIMIT 4   [ RunTime:0.0010s ]
SQL: SELECT `id`,`goods_name`,`shop_price`,`image_thumb` FROM `tp_goods` WHERE `is_on_sale` = 1 AND `is_hot` = 1 AND `is_del` = 0 ORDER BY id desc LIMIT 4   [ RunTime:0.0010s ]
SQL: SELECT `id`,`goods_name`,`shop_price`,`image_thumb` FROM `tp_goods` WHERE `is_on_sale` = 1 AND `is_new` = 1 AND `is_del` = 0 ORDER BY id desc LIMIT 4   [ RunTime:0.0000s ]
INFO: [ view_parse ] --START--
INFO: [ template_filter ] --START--
INFO: Run Behavior\ContentReplaceBehavior [ RunTime:0.001000s ]
INFO: [ template_filter ] --END-- [ RunTime:0.001000s ]
INFO: Run Behavior\ParseTemplateBehavior [ RunTime:0.062003s ]
INFO: [ view_parse ] --END-- [ RunTime:0.062003s ]
INFO: [ view_filter ] --START--
INFO: Run Behavior\WriteHtmlCacheBehavior [ RunTime:0.000000s ]
INFO: [ view_filter ] --END-- [ RunTime:0.001000s ]
INFO: [ app_end ] --START--
INFO: Run Behavior\ShowPageTraceBehavior [ RunTime:0.001000s ]
INFO: [ app_end ] --END-- [ RunTime:0.001000s ]

[ 2015-12-04T01:54:35+08:00 ] 127.0.0.1 /index.php/Home/Index/good/id/31
INFO: [ app_init ] --START--
INFO: Run Behavior\BuildLiteBehavior [ RunTime:0.001000s ]
INFO: [ app_init ] --END-- [ RunTime:0.001000s ]
INFO: [ app_begin ] --START--
INFO: Run Behavior\ReadHtmlCacheBehavior [ RunTime:0.001000s ]
INFO: [ app_begin ] --END-- [ RunTime:0.002000s ]
SQL: SHOW COLUMNS FROM `tp_cart` [ RunTime:0.0090s ]
SQL: SELECT * FROM `tp_cart` WHERE `meb_id` = 2  [ RunTime:0.0000s ]
SQL: SHOW COLUMNS FROM `tp_goods` [ RunTime:0.0070s ]
SQL: SELECT `goods_name`,`image_thumb`,`shop_price` FROM `tp_goods` WHERE `id` = 31 LIMIT 1   [ RunTime:0.0000s ]
SQL: select group_concat(concat(b.att_name,':',a.attr_value) separator '<br/>') attrs from tp_goods_attr a left join tp_attribute b on a.attr_id=b.id where a.id in (73,76,78) [ RunTime:0.0010s ]
SQL: SHOW COLUMNS FROM `tp_goods` [ RunTime:0.0060s ]
SQL: SELECT * FROM `tp_goods` WHERE `id` = 31 AND `is_del` = 0 LIMIT 1   [ RunTime:0.0010s ]
SQL: select a.id,a.attr_id,a.attr_value,b.att_name,b.att_type from tp_goods_attr a left join tp_attribute b on a.attr_id=b.id where a.goods_id=31 [ RunTime:0.0000s ]
SQL: SHOW COLUMNS FROM `tp_goods_album` [ RunTime:0.0060s ]
SQL: SELECT * FROM `tp_goods_album` WHERE `goods_id` = 31  [ RunTime:0.0000s ]
SQL: SHOW COLUMNS FROM `tp_category` [ RunTime:0.0050s ]
SQL: SELECT * FROM `tp_category`  [ RunTime:0.0010s ]
SQL: SHOW COLUMNS FROM `tp_category` [ RunTime:0.0050s ]
SQL: SHOW COLUMNS FROM `tp_category` [ RunTime:0.0050s ]
SQL: SELECT `cat_id`,`cat_name`,`parent_id` FROM `tp_category` WHERE `cat_id` = 31 LIMIT 1   [ RunTime:0.0010s ]
SQL: SELECT `cat_id`,`cat_name` FROM `tp_category` WHERE `parent_id` = 16 AND `is_show` = 1  [ RunTime:0.0010s ]
SQL: SHOW COLUMNS FROM `tp_goods` [ RunTime:0.0070s ]
SQL: SELECT `id`,`goods_name`,`shop_price`,`image_thumb` FROM `tp_goods` WHERE `is_on_sale` = 1 AND `is_best` = 1 AND `is_del` = 0 ORDER BY id desc LIMIT 3   [ RunTime:0.0000s ]
SQL: SHOW COLUMNS FROM `tp_meb_browse` [ RunTime:0.0050s ]
SQL: SELECT `goods_id` FROM `tp_meb_browse` WHERE `meb_id` = 2 ORDER BY browse_time desc LIMIT 3   [ RunTime:0.0000s ]
SQL: SELECT * FROM `tp_goods` WHERE `id` IN ('30','31','17')  [ RunTime:0.0000s ]
SQL: SHOW COLUMNS FROM `tp_meb_browse` [ RunTime:0.0060s ]
SQL: SELECT * FROM `tp_meb_browse` WHERE `meb_id` = 2 AND `goods_id` = 31 LIMIT 1   [ RunTime:0.0010s ]
SQL: UPDATE `tp_meb_browse` SET `browse_time`='1449165275' WHERE `meb_id` = 2 AND `goods_id` = 31 [ RunTime:0.0690s ]
INFO: [ view_parse ] --START--
INFO: [ template_filter ] --START--
INFO: Run Behavior\ContentReplaceBehavior [ RunTime:0.002000s ]
INFO: [ template_filter ] --END-- [ RunTime:0.002000s ]
INFO: Run Behavior\ParseTemplateBehavior [ RunTime:0.053003s ]
INFO: [ view_parse ] --END-- [ RunTime:0.053003s ]
INFO: [ view_filter ] --START--
INFO: Run Behavior\WriteHtmlCacheBehavior [ RunTime:0.001001s ]
INFO: [ view_filter ] --END-- [ RunTime:0.001001s ]
INFO: [ app_end ] --START--
INFO: Run Behavior\ShowPageTraceBehavior [ RunTime:0.002000s ]
INFO: [ app_end ] --END-- [ RunTime:0.002000s ]

[ 2015-12-04T10:43:27+08:00 ] 127.0.0.1 /
INFO: [ app_init ] --START--
INFO: Run Behavior\BuildLiteBehavior [ RunTime:0.000000s ]
INFO: [ app_init ] --END-- [ RunTime:0.001000s ]
INFO: [ app_begin ] --START--
INFO: Run Behavior\ReadHtmlCacheBehavior [ RunTime:0.001000s ]
INFO: [ app_begin ] --END-- [ RunTime:0.001000s ]
NOTIC: [8] Undefined index: member D:\vhosts\tpshop\App\Home\Controller\BaseController.class.php 第 23 行.
SQL: SHOW COLUMNS FROM `tp_cart` [ RunTime:0.0440s ]
NOTIC: [8] Undefined index: meb_id D:\vhosts\tpshop\App\Home\Model\CartModel.class.php 第 72 行.
SQL: SHOW COLUMNS FROM `tp_category` [ RunTime:0.0220s ]
SQL: SHOW COLUMNS FROM `tp_category` [ RunTime:0.0050s ]
SQL: SELECT `cat_id`,`cat_name`,`parent_id` FROM `tp_category` WHERE `grade` = 0 AND `is_show` = 1 ORDER BY sort_order LIMIT 8   [ RunTime:0.0010s ]
SQL: SELECT `cat_id`,`cat_name`,`parent_id` FROM `tp_category` WHERE `grade` = 1 AND `is_show` = 1 ORDER BY sort_order  [ RunTime:0.0000s ]
SQL: SELECT `cat_id`,`cat_name`,`parent_id` FROM `tp_category` WHERE `grade` = 2 AND `is_show` = 1 ORDER BY sort_order  [ RunTime:0.0000s ]
SQL: SHOW COLUMNS FROM `tp_goods` [ RunTime:0.0230s ]
SQL: SELECT `id`,`goods_name`,`shop_price`,`image_thumb` FROM `tp_goods` WHERE `is_on_sale` = 1 AND `is_best` = 1 AND `is_del` = 0 ORDER BY id desc LIMIT 4   [ RunTime:0.0010s ]
SQL: SELECT `id`,`goods_name`,`shop_price`,`image_thumb` FROM `tp_goods` WHERE `is_on_sale` = 1 AND `is_hot` = 1 AND `is_del` = 0 ORDER BY id desc LIMIT 4   [ RunTime:0.0010s ]
SQL: SELECT `id`,`goods_name`,`shop_price`,`image_thumb` FROM `tp_goods` WHERE `is_on_sale` = 1 AND `is_new` = 1 AND `is_del` = 0 ORDER BY id desc LIMIT 4   [ RunTime:0.0000s ]
INFO: [ view_parse ] --START--
INFO: [ template_filter ] --START--
INFO: Run Behavior\ContentReplaceBehavior [ RunTime:0.001000s ]
INFO: [ template_filter ] --END-- [ RunTime:0.001000s ]
INFO: Run Behavior\ParseTemplateBehavior [ RunTime:0.060003s ]
INFO: [ view_parse ] --END-- [ RunTime:0.060003s ]
INFO: [ view_filter ] --START--
INFO: Run Behavior\WriteHtmlCacheBehavior [ RunTime:0.000000s ]
INFO: [ view_filter ] --END-- [ RunTime:0.000000s ]
INFO: [ app_end ] --START--
INFO: Run Behavior\ShowPageTraceBehavior [ RunTime:0.001000s ]
INFO: [ app_end ] --END-- [ RunTime:0.001000s ]

[ 2015-12-04T10:43:37+08:00 ] 127.0.0.1 /index.php/Home/Index/goodslist/id/50
INFO: [ app_init ] --START--
INFO: Run Behavior\BuildLiteBehavior [ RunTime:0.000000s ]
INFO: [ app_init ] --END-- [ RunTime:0.000000s ]
INFO: [ app_begin ] --START--
INFO: Run Behavior\ReadHtmlCacheBehavior [ RunTime:0.001000s ]
INFO: [ app_begin ] --END-- [ RunTime:0.001000s ]
NOTIC: [8] Undefined index: member D:\vhosts\tpshop\App\Home\Controller\BaseController.class.php 第 23 行.
SQL: SHOW COLUMNS FROM `tp_cart` [ RunTime:0.0050s ]
NOTIC: [8] Undefined index: meb_id D:\vhosts\tpshop\App\Home\Model\CartModel.class.php 第 72 行.
SQL: SHOW COLUMNS FROM `tp_goods` [ RunTime:0.0060s ]
SQL: SELECT `id`,`goods_name`,`shop_price`,`image_thumb` FROM `tp_goods` WHERE `cat_id` = 50 ORDER BY id desc  [ RunTime:0.0010s ]
SQL: SHOW COLUMNS FROM `tp_category` [ RunTime:0.0060s ]
SQL: SELECT * FROM `tp_category`  [ RunTime:0.0020s ]
SQL: SHOW COLUMNS FROM `tp_category` [ RunTime:0.0060s ]
SQL: SHOW COLUMNS FROM `tp_category` [ RunTime:0.0050s ]
SQL: SELECT `cat_id`,`cat_name`,`parent_id` FROM `tp_category` WHERE `cat_id` = 50 LIMIT 1   [ RunTime:0.0000s ]
SQL: SELECT `cat_id`,`cat_name` FROM `tp_category` WHERE `parent_id` = 15 AND `is_show` = 1  [ RunTime:0.0010s ]
SQL: SHOW COLUMNS FROM `tp_goods` [ RunTime:0.0070s ]
SQL: SELECT `id`,`goods_name`,`shop_price`,`image_thumb` FROM `tp_goods` WHERE `is_on_sale` = 1 AND `is_best` = 1 AND `is_del` = 0 ORDER BY id desc LIMIT 3   [ RunTime:0.0000s ]
NOTIC: [8] Undefined index: meb_id D:\vhosts\tpshop\App\Home\Controller\BaseController.class.php 第 77 行.
INFO: [ view_parse ] --START--
INFO: [ template_filter ] --START--
INFO: Run Behavior\ContentReplaceBehavior [ RunTime:0.000000s ]
INFO: [ template_filter ] --END-- [ RunTime:0.000000s ]
NOTIC: [8] Undefined variable: Browse D:\vhosts\tpshop\App\Runtime\Cache\Home\b202b53ab2d42fc87b75d93984aef4cb.php 第 236 行.
INFO: Run Behavior\ParseTemplateBehavior [ RunTime:0.045003s ]
INFO: [ view_parse ] --END-- [ RunTime:0.045003s ]
INFO: [ view_filter ] --START--
INFO: Run Behavior\WriteHtmlCacheBehavior [ RunTime:0.000000s ]
INFO: [ view_filter ] --END-- [ RunTime:0.001000s ]
INFO: [ app_end ] --START--
INFO: Run Behavior\ShowPageTraceBehavior [ RunTime:0.001000s ]
INFO: [ app_end ] --END-- [ RunTime:0.001000s ]

[ 2015-12-04T10:43:46+08:00 ] 127.0.0.1 /index.php/Home/Index/good/id/31
INFO: [ app_init ] --START--
INFO: Run Behavior\BuildLiteBehavior [ RunTime:0.000000s ]
INFO: [ app_init ] --END-- [ RunTime:0.001000s ]
INFO: [ app_begin ] --START--
INFO: Run Behavior\ReadHtmlCacheBehavior [ RunTime:0.002000s ]
INFO: [ app_begin ] --END-- [ RunTime:0.002000s ]
NOTIC: [8] Undefined index: member D:\vhosts\tpshop\App\Home\Controller\BaseController.class.php 第 23 行.
SQL: SHOW COLUMNS FROM `tp_cart` [ RunTime:0.0060s ]
NOTIC: [8] Undefined index: meb_id D:\vhosts\tpshop\App\Home\Model\CartModel.class.php 第 72 行.
SQL: SHOW COLUMNS FROM `tp_goods` [ RunTime:0.0070s ]
SQL: SELECT * FROM `tp_goods` WHERE `id` = 31 AND `is_del` = 0 LIMIT 1   [ RunTime:0.0010s ]
SQL: select a.id,a.attr_id,a.attr_value,b.att_name,b.att_type from tp_goods_attr a left join tp_attribute b on a.attr_id=b.id where a.goods_id=31 [ RunTime:0.0970s ]
SQL: SHOW COLUMNS FROM `tp_goods_album` [ RunTime:0.1100s ]
SQL: SELECT * FROM `tp_goods_album` WHERE `goods_id` = 31  [ RunTime:0.0010s ]
SQL: SHOW COLUMNS FROM `tp_category` [ RunTime:0.0070s ]
SQL: SELECT * FROM `tp_category`  [ RunTime:0.0010s ]
SQL: SHOW COLUMNS FROM `tp_category` [ RunTime:0.0060s ]
SQL: SHOW COLUMNS FROM `tp_category` [ RunTime:0.0060s ]
SQL: SELECT `cat_id`,`cat_name`,`parent_id` FROM `tp_category` WHERE `cat_id` = 31 LIMIT 1   [ RunTime:0.0000s ]
SQL: SELECT `cat_id`,`cat_name` FROM `tp_category` WHERE `parent_id` = 16 AND `is_show` = 1  [ RunTime:0.0000s ]
SQL: SHOW COLUMNS FROM `tp_goods` [ RunTime:0.0070s ]
SQL: SELECT `id`,`goods_name`,`shop_price`,`image_thumb` FROM `tp_goods` WHERE `is_on_sale` = 1 AND `is_best` = 1 AND `is_del` = 0 ORDER BY id desc LIMIT 3   [ RunTime:0.0000s ]
NOTIC: [8] Undefined index: meb_id D:\vhosts\tpshop\App\Home\Controller\BaseController.class.php 第 77 行.
NOTIC: [8] Undefined index: meb_id D:\vhosts\tpshop\App\Home\Controller\IndexController.class.php 第 77 行.
SQL: SHOW COLUMNS FROM `tp_meb_browse` [ RunTime:0.0360s ]
INFO: [ view_parse ] --START--
INFO: [ template_filter ] --START--
INFO: Run Behavior\ContentReplaceBehavior [ RunTime:0.001000s ]
INFO: [ template_filter ] --END-- [ RunTime:0.001000s ]
NOTIC: [8] Undefined variable: Browse D:\vhosts\tpshop\App\Runtime\Cache\Home\89f3955b4cd3d266de685a133a599d6f.php 第 356 行.
INFO: Run Behavior\ParseTemplateBehavior [ RunTime:0.051003s ]
INFO: [ view_parse ] --END-- [ RunTime:0.051003s ]
INFO: [ view_filter ] --START--
INFO: Run Behavior\WriteHtmlCacheBehavior [ RunTime:0.001000s ]
INFO: [ view_filter ] --END-- [ RunTime:0.001000s ]
INFO: [ app_end ] --START--
INFO: Run Behavior\ShowPageTraceBehavior [ RunTime:0.002000s ]
INFO: [ app_end ] --END-- [ RunTime:0.002000s ]

[ 2015-12-04T10:43:59+08:00 ] 127.0.0.1 /index.php/Home/Index/goodslist/id/25
INFO: [ app_init ] --START--
INFO: Run Behavior\BuildLiteBehavior [ RunTime:0.000000s ]
INFO: [ app_init ] --END-- [ RunTime:0.001000s ]
INFO: [ app_begin ] --START--
INFO: Run Behavior\ReadHtmlCacheBehavior [ RunTime:0.001000s ]
INFO: [ app_begin ] --END-- [ RunTime:0.001000s ]
NOTIC: [8] Undefined index: member D:\vhosts\tpshop\App\Home\Controller\BaseController.class.php 第 23 行.
SQL: SHOW COLUMNS FROM `tp_cart` [ RunTime:0.0070s ]
NOTIC: [8] Undefined index: meb_id D:\vhosts\tpshop\App\Home\Model\CartModel.class.php 第 72 行.
SQL: SHOW COLUMNS FROM `tp_goods` [ RunTime:0.0060s ]
SQL: SELECT `id`,`goods_name`,`shop_price`,`image_thumb` FROM `tp_goods` WHERE `cat_id` = 25 ORDER BY id desc  [ RunTime:0.0000s ]
SQL: SHOW COLUMNS FROM `tp_category` [ RunTime:0.0060s ]
SQL: SELECT * FROM `tp_category`  [ RunTime:0.0010s ]
SQL: SHOW COLUMNS FROM `tp_category` [ RunTime:0.0060s ]
SQL: SHOW COLUMNS FROM `tp_category` [ RunTime:0.0080s ]
SQL: SELECT `cat_id`,`cat_name`,`parent_id` FROM `tp_category` WHERE `cat_id` = 25 LIMIT 1   [ RunTime:0.0010s ]
SQL: SELECT `cat_id`,`cat_name` FROM `tp_category` WHERE `parent_id` = 16 AND `is_show` = 1  [ RunTime:0.0010s ]
SQL: SHOW COLUMNS FROM `tp_goods` [ RunTime:0.0070s ]
SQL: SELECT `id`,`goods_name`,`shop_price`,`image_thumb` FROM `tp_goods` WHERE `is_on_sale` = 1 AND `is_best` = 1 AND `is_del` = 0 ORDER BY id desc LIMIT 3   [ RunTime:0.0000s ]
NOTIC: [8] Undefined index: meb_id D:\vhosts\tpshop\App\Home\Controller\BaseController.class.php 第 77 行.
INFO: [ view_parse ] --START--
INFO: [ template_filter ] --START--
INFO: Run Behavior\ContentReplaceBehavior [ RunTime:0.001000s ]
INFO: [ template_filter ] --END-- [ RunTime:0.001000s ]
NOTIC: [8] Undefined variable: Browse D:\vhosts\tpshop\App\Runtime\Cache\Home\b202b53ab2d42fc87b75d93984aef4cb.php 第 236 行.
INFO: Run Behavior\ParseTemplateBehavior [ RunTime:0.044003s ]
INFO: [ view_parse ] --END-- [ RunTime:0.044003s ]
INFO: [ view_filter ] --START--
INFO: Run Behavior\WriteHtmlCacheBehavior [ RunTime:0.000000s ]
INFO: [ view_filter ] --END-- [ RunTime:0.000000s ]
INFO: [ app_end ] --START--
INFO: Run Behavior\ShowPageTraceBehavior [ RunTime:0.001000s ]
INFO: [ app_end ] --END-- [ RunTime:0.001000s ]

[ 2015-12-04T10:44:01+08:00 ] 127.0.0.1 /index.php/Home/Index/goodslist/id/31
INFO: [ app_init ] --START--
INFO: Run Behavior\BuildLiteBehavior [ RunTime:0.000000s ]
INFO: [ app_init ] --END-- [ RunTime:0.001000s ]
INFO: [ app_begin ] --START--
INFO: Run Behavior\ReadHtmlCacheBehavior [ RunTime:0.002000s ]
INFO: [ app_begin ] --END-- [ RunTime:0.003000s ]
NOTIC: [8] Undefined index: member D:\vhosts\tpshop\App\Home\Controller\BaseController.class.php 第 23 行.
SQL: SHOW COLUMNS FROM `tp_cart` [ RunTime:0.0050s ]
NOTIC: [8] Undefined index: meb_id D:\vhosts\tpshop\App\Home\Model\CartModel.class.php 第 72 行.
SQL: SHOW COLUMNS FROM `tp_goods` [ RunTime:0.0060s ]
SQL: SELECT `id`,`goods_name`,`shop_price`,`image_thumb` FROM `tp_goods` WHERE `cat_id` = 31 ORDER BY id desc  [ RunTime:0.0010s ]
SQL: SHOW COLUMNS FROM `tp_category` [ RunTime:0.0050s ]
SQL: SELECT * FROM `tp_category`  [ RunTime:0.0010s ]
SQL: SHOW COLUMNS FROM `tp_category` [ RunTime:0.0060s ]
SQL: SHOW COLUMNS FROM `tp_category` [ RunTime:0.0060s ]
SQL: SELECT `cat_id`,`cat_name`,`parent_id` FROM `tp_category` WHERE `cat_id` = 31 LIMIT 1   [ RunTime:0.0010s ]
SQL: SELECT `cat_id`,`cat_name` FROM `tp_category` WHERE `parent_id` = 16 AND `is_show` = 1  [ RunTime:0.0010s ]
SQL: SHOW COLUMNS FROM `tp_goods` [ RunTime:0.0060s ]
SQL: SELECT `id`,`goods_name`,`shop_price`,`image_thumb` FROM `tp_goods` WHERE `is_on_sale` = 1 AND `is_best` = 1 AND `is_del` = 0 ORDER BY id desc LIMIT 3   [ RunTime:0.0010s ]
NOTIC: [8] Undefined index: meb_id D:\vhosts\tpshop\App\Home\Controller\BaseController.class.php 第 77 行.
INFO: [ view_parse ] --START--
INFO: [ template_filter ] --START--
INFO: Run Behavior\ContentReplaceBehavior [ RunTime:0.001000s ]
INFO: [ template_filter ] --END-- [ RunTime:0.001000s ]
NOTIC: [8] Undefined variable: Browse D:\vhosts\tpshop\App\Runtime\Cache\Home\b202b53ab2d42fc87b75d93984aef4cb.php 第 236 行.
INFO: Run Behavior\ParseTemplateBehavior [ RunTime:0.042003s ]
INFO: [ view_parse ] --END-- [ RunTime:0.042003s ]
INFO: [ view_filter ] --START--
INFO: Run Behavior\WriteHtmlCacheBehavior [ RunTime:0.001000s ]
INFO: [ view_filter ] --END-- [ RunTime:0.001000s ]
INFO: [ app_end ] --START--
INFO: Run Behavior\ShowPageTraceBehavior [ RunTime:0.001000s ]
INFO: [ app_end ] --END-- [ RunTime:0.001000s ]

[ 2015-12-04T10:44:02+08:00 ] 127.0.0.1 /index.php/Home/Index/goodslist/id/43
INFO: [ app_init ] --START--
INFO: Run Behavior\BuildLiteBehavior [ RunTime:0.000000s ]
INFO: [ app_init ] --END-- [ RunTime:0.001000s ]
INFO: [ app_begin ] --START--
INFO: Run Behavior\ReadHtmlCacheBehavior [ RunTime:0.001000s ]
INFO: [ app_begin ] --END-- [ RunTime:0.001000s ]
NOTIC: [8] Undefined index: member D:\vhosts\tpshop\App\Home\Controller\BaseController.class.php 第 23 行.
SQL: SHOW COLUMNS FROM `tp_cart` [ RunTime:0.0060s ]
NOTIC: [8] Undefined index: meb_id D:\vhosts\tpshop\App\Home\Model\CartModel.class.php 第 72 行.
SQL: SHOW COLUMNS FROM `tp_goods` [ RunTime:0.0070s ]
SQL: SELECT `id`,`goods_name`,`shop_price`,`image_thumb` FROM `tp_goods` WHERE `cat_id` = 43 ORDER BY id desc  [ RunTime:0.0000s ]
SQL: SHOW COLUMNS FROM `tp_category` [ RunTime:0.0060s ]
SQL: SELECT * FROM `tp_category`  [ RunTime:0.0020s ]
SQL: SHOW COLUMNS FROM `tp_category` [ RunTime:0.0070s ]
SQL: SHOW COLUMNS FROM `tp_category` [ RunTime:0.0050s ]
SQL: SELECT `cat_id`,`cat_name`,`parent_id` FROM `tp_category` WHERE `cat_id` = 43 LIMIT 1   [ RunTime:0.0010s ]
SQL: SELECT `cat_id`,`cat_name` FROM `tp_category` WHERE `parent_id` = 16 AND `is_show` = 1  [ RunTime:0.0010s ]
SQL: SHOW COLUMNS FROM `tp_goods` [ RunTime:0.0070s ]
SQL: SELECT `id`,`goods_name`,`shop_price`,`image_thumb` FROM `tp_goods` WHERE `is_on_sale` = 1 AND `is_best` = 1 AND `is_del` = 0 ORDER BY id desc LIMIT 3   [ RunTime:0.0000s ]
NOTIC: [8] Undefined index: meb_id D:\vhosts\tpshop\App\Home\Controller\BaseController.class.php 第 77 行.
INFO: [ view_parse ] --START--
INFO: [ template_filter ] --START--
INFO: Run Behavior\ContentReplaceBehavior [ RunTime:0.001000s ]
INFO: [ template_filter ] --END-- [ RunTime:0.001000s ]
NOTIC: [8] Undefined variable: Browse D:\vhosts\tpshop\App\Runtime\Cache\Home\b202b53ab2d42fc87b75d93984aef4cb.php 第 236 行.
INFO: Run Behavior\ParseTemplateBehavior [ RunTime:0.043003s ]
INFO: [ view_parse ] --END-- [ RunTime:0.043003s ]
INFO: [ view_filter ] --START--
INFO: Run Behavior\WriteHtmlCacheBehavior [ RunTime:0.001000s ]
INFO: [ view_filter ] --END-- [ RunTime:0.001000s ]
INFO: [ app_end ] --START--
INFO: Run Behavior\ShowPageTraceBehavior [ RunTime:0.001000s ]
INFO: [ app_end ] --END-- [ RunTime:0.002000s ]

[ 2015-12-04T10:44:03+08:00 ] 127.0.0.1 /index.php/Home/Index/goodslist/id/48
INFO: [ app_init ] --START--
INFO: Run Behavior\BuildLiteBehavior [ RunTime:0.000000s ]
INFO: [ app_init ] --END-- [ RunTime:0.001000s ]
INFO: [ app_begin ] --START--
INFO: Run Behavior\ReadHtmlCacheBehavior [ RunTime:0.000000s ]
INFO: [ app_begin ] --END-- [ RunTime:0.002000s ]
NOTIC: [8] Undefined index: member D:\vhosts\tpshop\App\Home\Controller\BaseController.class.php 第 23 行.
SQL: SHOW COLUMNS FROM `tp_cart` [ RunTime:0.0060s ]
NOTIC: [8] Undefined index: meb_id D:\vhosts\tpshop\App\Home\Model\CartModel.class.php 第 72 行.
SQL: SHOW COLUMNS FROM `tp_goods` [ RunTime:0.0060s ]
SQL: SELECT `id`,`goods_name`,`shop_price`,`image_thumb` FROM `tp_goods` WHERE `cat_id` = 48 ORDER BY id desc  [ RunTime:0.0010s ]
SQL: SHOW COLUMNS FROM `tp_category` [ RunTime:0.0050s ]
SQL: SELECT * FROM `tp_category`  [ RunTime:0.0010s ]
SQL: SHOW COLUMNS FROM `tp_category` [ RunTime:0.0060s ]
SQL: SHOW COLUMNS FROM `tp_category` [ RunTime:0.0060s ]
SQL: SELECT `cat_id`,`cat_name`,`parent_id` FROM `tp_category` WHERE `cat_id` = 48 LIMIT 1   [ RunTime:0.0010s ]
SQL: SELECT `cat_id`,`cat_name` FROM `tp_category` WHERE `parent_id` = 16 AND `is_show` = 1  [ RunTime:0.0010s ]
SQL: SHOW COLUMNS FROM `tp_goods` [ RunTime:0.0060s ]
SQL: SELECT `id`,`goods_name`,`shop_price`,`image_thumb` FROM `tp_goods` WHERE `is_on_sale` = 1 AND `is_best` = 1 AND `is_del` = 0 ORDER BY id desc LIMIT 3   [ RunTime:0.0010s ]
NOTIC: [8] Undefined index: meb_id D:\vhosts\tpshop\App\Home\Controller\BaseController.class.php 第 77 行.
INFO: [ view_parse ] --START--
INFO: [ template_filter ] --START--
INFO: Run Behavior\ContentReplaceBehavior [ RunTime:0.000000s ]
INFO: [ template_filter ] --END-- [ RunTime:0.000000s ]
NOTIC: [8] Undefined variable: Browse D:\vhosts\tpshop\App\Runtime\Cache\Home\b202b53ab2d42fc87b75d93984aef4cb.php 第 236 行.
INFO: Run Behavior\ParseTemplateBehavior [ RunTime:0.044002s ]
INFO: [ view_parse ] --END-- [ RunTime:0.045002s ]
INFO: [ view_filter ] --START--
INFO: Run Behavior\WriteHtmlCacheBehavior [ RunTime:0.000000s ]
INFO: [ view_filter ] --END-- [ RunTime:0.000000s ]
INFO: [ app_end ] --START--
INFO: Run Behavior\ShowPageTraceBehavior [ RunTime:0.001000s ]
INFO: [ app_end ] --END-- [ RunTime:0.002001s ]

[ 2015-12-04T10:44:05+08:00 ] 127.0.0.1 /index.php/Home/Index/goodslist/id/49
INFO: [ app_init ] --START--
INFO: Run Behavior\BuildLiteBehavior [ RunTime:0.000000s ]
INFO: [ app_init ] --END-- [ RunTime:0.000000s ]
INFO: [ app_begin ] --START--
INFO: Run Behavior\ReadHtmlCacheBehavior [ RunTime:0.001000s ]
INFO: [ app_begin ] --END-- [ RunTime:0.001000s ]
NOTIC: [8] Undefined index: member D:\vhosts\tpshop\App\Home\Controller\BaseController.class.php 第 23 行.
SQL: SHOW COLUMNS FROM `tp_cart` [ RunTime:0.0050s ]
NOTIC: [8] Undefined index: meb_id D:\vhosts\tpshop\App\Home\Model\CartModel.class.php 第 72 行.
SQL: SHOW COLUMNS FROM `tp_goods` [ RunTime:0.0060s ]
SQL: SELECT `id`,`goods_name`,`shop_price`,`image_thumb` FROM `tp_goods` WHERE `cat_id` = 49 ORDER BY id desc  [ RunTime:0.0010s ]
SQL: SHOW COLUMNS FROM `tp_category` [ RunTime:0.0060s ]
SQL: SELECT * FROM `tp_category`  [ RunTime:0.0010s ]
SQL: SHOW COLUMNS FROM `tp_category` [ RunTime:0.0060s ]
SQL: SHOW COLUMNS FROM `tp_category` [ RunTime:0.0050s ]
SQL: SELECT `cat_id`,`cat_name`,`parent_id` FROM `tp_category` WHERE `cat_id` = 49 LIMIT 1   [ RunTime:0.0010s ]
SQL: SELECT `cat_id`,`cat_name` FROM `tp_category` WHERE `parent_id` = 16 AND `is_show` = 1  [ RunTime:0.0000s ]
SQL: SHOW COLUMNS FROM `tp_goods` [ RunTime:0.0070s ]
SQL: SELECT `id`,`goods_name`,`shop_price`,`image_thumb` FROM `tp_goods` WHERE `is_on_sale` = 1 AND `is_best` = 1 AND `is_del` = 0 ORDER BY id desc LIMIT 3   [ RunTime:0.0010s ]
NOTIC: [8] Undefined index: meb_id D:\vhosts\tpshop\App\Home\Controller\BaseController.class.php 第 77 行.
INFO: [ view_parse ] --START--
INFO: [ template_filter ] --START--
INFO: Run Behavior\ContentReplaceBehavior [ RunTime:0.001000s ]
INFO: [ template_filter ] --END-- [ RunTime:0.001000s ]
NOTIC: [8] Undefined variable: Browse D:\vhosts\tpshop\App\Runtime\Cache\Home\b202b53ab2d42fc87b75d93984aef4cb.php 第 236 行.
INFO: Run Behavior\ParseTemplateBehavior [ RunTime:0.043002s ]
INFO: [ view_parse ] --END-- [ RunTime:0.043002s ]
INFO: [ view_filter ] --START--
INFO: Run Behavior\WriteHtmlCacheBehavior [ RunTime:0.001000s ]
INFO: [ view_filter ] --END-- [ RunTime:0.001000s ]
INFO: [ app_end ] --START--
INFO: Run Behavior\ShowPageTraceBehavior [ RunTime:0.001000s ]
INFO: [ app_end ] --END-- [ RunTime:0.001000s ]

[ 2015-12-04T10:44:05+08:00 ] 127.0.0.1 /index.php/Home/Index/goodslist/id/46
INFO: [ app_init ] --START--
INFO: Run Behavior\BuildLiteBehavior [ RunTime:0.000000s ]
INFO: [ app_init ] --END-- [ RunTime:0.000000s ]
INFO: [ app_begin ] --START--
INFO: Run Behavior\ReadHtmlCacheBehavior [ RunTime:0.001000s ]
INFO: [ app_begin ] --END-- [ RunTime:0.001000s ]
NOTIC: [8] Undefined index: member D:\vhosts\tpshop\App\Home\Controller\BaseController.class.php 第 23 行.
SQL: SHOW COLUMNS FROM `tp_cart` [ RunTime:0.0050s ]
NOTIC: [8] Undefined index: meb_id D:\vhosts\tpshop\App\Home\Model\CartModel.class.php 第 72 行.
SQL: SHOW COLUMNS FROM `tp_goods` [ RunTime:0.0060s ]
SQL: SELECT `id`,`goods_name`,`shop_price`,`image_thumb` FROM `tp_goods` WHERE `cat_id` = 46 ORDER BY id desc  [ RunTime:0.0010s ]
SQL: SHOW COLUMNS FROM `tp_category` [ RunTime:0.0060s ]
SQL: SELECT * FROM `tp_category`  [ RunTime:0.0010s ]
SQL: SHOW COLUMNS FROM `tp_category` [ RunTime:0.0070s ]
SQL: SHOW COLUMNS FROM `tp_category` [ RunTime:0.0060s ]
SQL: SELECT `cat_id`,`cat_name`,`parent_id` FROM `tp_category` WHERE `cat_id` = 46 LIMIT 1   [ RunTime:0.0000s ]
SQL: SELECT `cat_id`,`cat_name` FROM `tp_category` WHERE `parent_id` = 16 AND `is_show` = 1  [ RunTime:0.0010s ]
SQL: SHOW COLUMNS FROM `tp_goods` [ RunTime:0.0060s ]
SQL: SELECT `id`,`goods_name`,`shop_price`,`image_thumb` FROM `tp_goods` WHERE `is_on_sale` = 1 AND `is_best` = 1 AND `is_del` = 0 ORDER BY id desc LIMIT 3   [ RunTime:0.0010s ]
NOTIC: [8] Undefined index: meb_id D:\vhosts\tpshop\App\Home\Controller\BaseController.class.php 第 77 行.
INFO: [ view_parse ] --START--
INFO: [ template_filter ] --START--
INFO: Run Behavior\ContentReplaceBehavior [ RunTime:0.001000s ]
INFO: [ template_filter ] --END-- [ RunTime:0.001000s ]
NOTIC: [8] Undefined variable: Browse D:\vhosts\tpshop\App\Runtime\Cache\Home\b202b53ab2d42fc87b75d93984aef4cb.php 第 236 行.
INFO: Run Behavior\ParseTemplateBehavior [ RunTime:0.045003s ]
INFO: [ view_parse ] --END-- [ RunTime:0.045003s ]
INFO: [ view_filter ] --START--
INFO: Run Behavior\WriteHtmlCacheBehavior [ RunTime:0.000000s ]
INFO: [ view_filter ] --END-- [ RunTime:0.000000s ]
INFO: [ app_end ] --START--
INFO: Run Behavior\ShowPageTraceBehavior [ RunTime:0.001000s ]
INFO: [ app_end ] --END-- [ RunTime:0.001000s ]

[ 2015-12-04T10:44:06+08:00 ] 127.0.0.1 /index.php/Home/Index/goodslist/id/44
INFO: [ app_init ] --START--
INFO: Run Behavior\BuildLiteBehavior [ RunTime:0.000000s ]
INFO: [ app_init ] --END-- [ RunTime:0.001000s ]
INFO: [ app_begin ] --START--
INFO: Run Behavior\ReadHtmlCacheBehavior [ RunTime:0.001000s ]
INFO: [ app_begin ] --END-- [ RunTime:0.001000s ]
NOTIC: [8] Undefined index: member D:\vhosts\tpshop\App\Home\Controller\BaseController.class.php 第 23 行.
SQL: SHOW COLUMNS FROM `tp_cart` [ RunTime:0.0060s ]
NOTIC: [8] Undefined index: meb_id D:\vhosts\tpshop\App\Home\Model\CartModel.class.php 第 72 行.
SQL: SHOW COLUMNS FROM `tp_goods` [ RunTime:0.0070s ]
SQL: SELECT `id`,`goods_name`,`shop_price`,`image_thumb` FROM `tp_goods` WHERE `cat_id` = 44 ORDER BY id desc  [ RunTime:0.0010s ]
SQL: SHOW COLUMNS FROM `tp_category` [ RunTime:0.0050s ]
SQL: SELECT * FROM `tp_category`  [ RunTime:0.0010s ]
SQL: SHOW COLUMNS FROM `tp_category` [ RunTime:0.0060s ]
SQL: SHOW COLUMNS FROM `tp_category` [ RunTime:0.0070s ]
SQL: SELECT `cat_id`,`cat_name`,`parent_id` FROM `tp_category` WHERE `cat_id` = 44 LIMIT 1   [ RunTime:0.0010s ]
SQL: SELECT `cat_id`,`cat_name` FROM `tp_category` WHERE `parent_id` = 16 AND `is_show` = 1  [ RunTime:0.0000s ]
SQL: SHOW COLUMNS FROM `tp_goods` [ RunTime:0.0070s ]
SQL: SELECT `id`,`goods_name`,`shop_price`,`image_thumb` FROM `tp_goods` WHERE `is_on_sale` = 1 AND `is_best` = 1 AND `is_del` = 0 ORDER BY id desc LIMIT 3   [ RunTime:0.0000s ]
NOTIC: [8] Undefined index: meb_id D:\vhosts\tpshop\App\Home\Controller\BaseController.class.php 第 77 行.
INFO: [ view_parse ] --START--
INFO: [ template_filter ] --START--
INFO: Run Behavior\ContentReplaceBehavior [ RunTime:0.001000s ]
INFO: [ template_filter ] --END-- [ RunTime:0.001000s ]
NOTIC: [8] Undefined variable: Browse D:\vhosts\tpshop\App\Runtime\Cache\Home\b202b53ab2d42fc87b75d93984aef4cb.php 第 236 行.
INFO: Run Behavior\ParseTemplateBehavior [ RunTime:0.042003s ]
INFO: [ view_parse ] --END-- [ RunTime:0.042003s ]
INFO: [ view_filter ] --START--
INFO: Run Behavior\WriteHtmlCacheBehavior [ RunTime:0.000000s ]
INFO: [ view_filter ] --END-- [ RunTime:0.000000s ]
INFO: [ app_end ] --START--
INFO: Run Behavior\ShowPageTraceBehavior [ RunTime:0.000000s ]
INFO: [ app_end ] --END-- [ RunTime:0.002000s ]

[ 2015-12-04T10:44:06+08:00 ] 127.0.0.1 /index.php/Home/Index/goodslist/id/30
INFO: [ app_init ] --START--
INFO: Run Behavior\BuildLiteBehavior [ RunTime:0.000000s ]
INFO: [ app_init ] --END-- [ RunTime:0.001000s ]
INFO: [ app_begin ] --START--
INFO: Run Behavior\ReadHtmlCacheBehavior [ RunTime:0.001000s ]
INFO: [ app_begin ] --END-- [ RunTime:0.001000s ]
NOTIC: [8] Undefined index: member D:\vhosts\tpshop\App\Home\Controller\BaseController.class.php 第 23 行.
SQL: SHOW COLUMNS FROM `tp_cart` [ RunTime:0.0050s ]
NOTIC: [8] Undefined index: meb_id D:\vhosts\tpshop\App\Home\Model\CartModel.class.php 第 72 行.
SQL: SHOW COLUMNS FROM `tp_goods` [ RunTime:0.0070s ]
SQL: SELECT `id`,`goods_name`,`shop_price`,`image_thumb` FROM `tp_goods` WHERE `cat_id` = 30 ORDER BY id desc  [ RunTime:0.0000s ]
SQL: SHOW COLUMNS FROM `tp_category` [ RunTime:0.0060s ]
SQL: SELECT * FROM `tp_category`  [ RunTime:0.0010s ]
SQL: SHOW COLUMNS FROM `tp_category` [ RunTime:0.0060s ]
SQL: SHOW COLUMNS FROM `tp_category` [ RunTime:0.0060s ]
SQL: SELECT `cat_id`,`cat_name`,`parent_id` FROM `tp_category` WHERE `cat_id` = 30 LIMIT 1   [ RunTime:0.0010s ]
SQL: SELECT `cat_id`,`cat_name` FROM `tp_category` WHERE `parent_id` = 16 AND `is_show` = 1  [ RunTime:0.0010s ]
SQL: SHOW COLUMNS FROM `tp_goods` [ RunTime:0.0060s ]
SQL: SELECT `id`,`goods_name`,`shop_price`,`image_thumb` FROM `tp_goods` WHERE `is_on_sale` = 1 AND `is_best` = 1 AND `is_del` = 0 ORDER BY id desc LIMIT 3   [ RunTime:0.0010s ]
NOTIC: [8] Undefined index: meb_id D:\vhosts\tpshop\App\Home\Controller\BaseController.class.php 第 77 行.
INFO: [ view_parse ] --START--
INFO: [ template_filter ] --START--
INFO: Run Behavior\ContentReplaceBehavior [ RunTime:0.001000s ]
INFO: [ template_filter ] --END-- [ RunTime:0.001000s ]
NOTIC: [8] Undefined variable: Browse D:\vhosts\tpshop\App\Runtime\Cache\Home\b202b53ab2d42fc87b75d93984aef4cb.php 第 236 行.
INFO: Run Behavior\ParseTemplateBehavior [ RunTime:0.042002s ]
INFO: [ view_parse ] --END-- [ RunTime:0.042002s ]
INFO: [ view_filter ] --START--
INFO: Run Behavior\WriteHtmlCacheBehavior [ RunTime:0.001000s ]
INFO: [ view_filter ] --END-- [ RunTime:0.001000s ]
INFO: [ app_end ] --START--
INFO: Run Behavior\ShowPageTraceBehavior [ RunTime:0.001001s ]
INFO: [ app_end ] --END-- [ RunTime:0.001001s ]

[ 2015-12-04T10:44:08+08:00 ] 127.0.0.1 /index.php/Home/Index/goodslist/id/25
INFO: [ app_init ] --START--
INFO: Run Behavior\BuildLiteBehavior [ RunTime:0.000000s ]
INFO: [ app_init ] --END-- [ RunTime:0.001000s ]
INFO: [ app_begin ] --START--
INFO: Run Behavior\ReadHtmlCacheBehavior [ RunTime:0.000000s ]
INFO: [ app_begin ] --END-- [ RunTime:0.002000s ]
NOTIC: [8] Undefined index: member D:\vhosts\tpshop\App\Home\Controller\BaseController.class.php 第 23 行.
SQL: SHOW COLUMNS FROM `tp_cart` [ RunTime:0.0060s ]
NOTIC: [8] Undefined index: meb_id D:\vhosts\tpshop\App\Home\Model\CartModel.class.php 第 72 行.
SQL: SHOW COLUMNS FROM `tp_goods` [ RunTime:0.0060s ]
SQL: SELECT `id`,`goods_name`,`shop_price`,`image_thumb` FROM `tp_goods` WHERE `cat_id` = 25 ORDER BY id desc  [ RunTime:0.0000s ]
SQL: SHOW COLUMNS FROM `tp_category` [ RunTime:0.0050s ]
SQL: SELECT * FROM `tp_category`  [ RunTime:0.0010s ]
SQL: SHOW COLUMNS FROM `tp_category` [ RunTime:0.0060s ]
SQL: SHOW COLUMNS FROM `tp_category` [ RunTime:0.0050s ]
SQL: SELECT `cat_id`,`cat_name`,`parent_id` FROM `tp_category` WHERE `cat_id` = 25 LIMIT 1   [ RunTime:0.0000s ]
SQL: SELECT `cat_id`,`cat_name` FROM `tp_category` WHERE `parent_id` = 16 AND `is_show` = 1  [ RunTime:0.0000s ]
SQL: SHOW COLUMNS FROM `tp_goods` [ RunTime:0.0060s ]
SQL: SELECT `id`,`goods_name`,`shop_price`,`image_thumb` FROM `tp_goods` WHERE `is_on_sale` = 1 AND `is_best` = 1 AND `is_del` = 0 ORDER BY id desc LIMIT 3   [ RunTime:0.0010s ]
NOTIC: [8] Undefined index: meb_id D:\vhosts\tpshop\App\Home\Controller\BaseController.class.php 第 77 行.
INFO: [ view_parse ] --START--
INFO: [ template_filter ] --START--
INFO: Run Behavior\ContentReplaceBehavior [ RunTime:0.001000s ]
INFO: [ template_filter ] --END-- [ RunTime:0.001000s ]
NOTIC: [8] Undefined variable: Browse D:\vhosts\tpshop\App\Runtime\Cache\Home\b202b53ab2d42fc87b75d93984aef4cb.php 第 236 行.
INFO: Run Behavior\ParseTemplateBehavior [ RunTime:0.043002s ]
INFO: [ view_parse ] --END-- [ RunTime:0.043002s ]
INFO: [ view_filter ] --START--
INFO: Run Behavior\WriteHtmlCacheBehavior [ RunTime:0.000000s ]
INFO: [ view_filter ] --END-- [ RunTime:0.000000s ]
INFO: [ app_end ] --START--
INFO: Run Behavior\ShowPageTraceBehavior [ RunTime:0.001000s ]
INFO: [ app_end ] --END-- [ RunTime:0.001000s ]

[ 2015-12-04T10:44:08+08:00 ] 127.0.0.1 /index.php/Home/Index/goodslist/id/31
INFO: [ app_init ] --START--
INFO: Run Behavior\BuildLiteBehavior [ RunTime:0.000000s ]
INFO: [ app_init ] --END-- [ RunTime:0.001000s ]
INFO: [ app_begin ] --START--
INFO: Run Behavior\ReadHtmlCacheBehavior [ RunTime:0.001000s ]
INFO: [ app_begin ] --END-- [ RunTime:0.001000s ]
NOTIC: [8] Undefined index: member D:\vhosts\tpshop\App\Home\Controller\BaseController.class.php 第 23 行.
SQL: SHOW COLUMNS FROM `tp_cart` [ RunTime:0.0050s ]
NOTIC: [8] Undefined index: meb_id D:\vhosts\tpshop\App\Home\Model\CartModel.class.php 第 72 行.
SQL: SHOW COLUMNS FROM `tp_goods` [ RunTime:0.0060s ]
SQL: SELECT `id`,`goods_name`,`shop_price`,`image_thumb` FROM `tp_goods` WHERE `cat_id` = 31 ORDER BY id desc  [ RunTime:0.0000s ]
SQL: SHOW COLUMNS FROM `tp_category` [ RunTime:0.0060s ]
SQL: SELECT * FROM `tp_category`  [ RunTime:0.0010s ]
SQL: SHOW COLUMNS FROM `tp_category` [ RunTime:0.0060s ]
SQL: SHOW COLUMNS FROM `tp_category` [ RunTime:0.0060s ]
SQL: SELECT `cat_id`,`cat_name`,`parent_id` FROM `tp_category` WHERE `cat_id` = 31 LIMIT 1   [ RunTime:0.0010s ]
SQL: SELECT `cat_id`,`cat_name` FROM `tp_category` WHERE `parent_id` = 16 AND `is_show` = 1  [ RunTime:0.0010s ]
SQL: SHOW COLUMNS FROM `tp_goods` [ RunTime:0.0060s ]
SQL: SELECT `id`,`goods_name`,`shop_price`,`image_thumb` FROM `tp_goods` WHERE `is_on_sale` = 1 AND `is_best` = 1 AND `is_del` = 0 ORDER BY id desc LIMIT 3   [ RunTime:0.0010s ]
NOTIC: [8] Undefined index: meb_id D:\vhosts\tpshop\App\Home\Controller\BaseController.class.php 第 77 行.
INFO: [ view_parse ] --START--
INFO: [ template_filter ] --START--
INFO: Run Behavior\ContentReplaceBehavior [ RunTime:0.000000s ]
INFO: [ template_filter ] --END-- [ RunTime:0.001000s ]
NOTIC: [8] Undefined variable: Browse D:\vhosts\tpshop\App\Runtime\Cache\Home\b202b53ab2d42fc87b75d93984aef4cb.php 第 236 行.
INFO: Run Behavior\ParseTemplateBehavior [ RunTime:0.043002s ]
INFO: [ view_parse ] --END-- [ RunTime:0.043002s ]
INFO: [ view_filter ] --START--
INFO: Run Behavior\WriteHtmlCacheBehavior [ RunTime:0.001000s ]
INFO: [ view_filter ] --END-- [ RunTime:0.001000s ]
INFO: [ app_end ] --START--
INFO: Run Behavior\ShowPageTraceBehavior [ RunTime:0.001000s ]
INFO: [ app_end ] --END-- [ RunTime:0.001000s ]

[ 2015-12-04T10:44:09+08:00 ] 127.0.0.1 /index.php/Home/Index/goodslist/id/31
INFO: [ app_init ] --START--
INFO: Run Behavior\BuildLiteBehavior [ RunTime:0.001000s ]
INFO: [ app_init ] --END-- [ RunTime:0.001000s ]
INFO: [ app_begin ] --START--
INFO: Run Behavior\ReadHtmlCacheBehavior [ RunTime:0.001000s ]
INFO: [ app_begin ] --END-- [ RunTime:0.001000s ]
NOTIC: [8] Undefined index: member D:\vhosts\tpshop\App\Home\Controller\BaseController.class.php 第 23 行.
SQL: SHOW COLUMNS FROM `tp_cart` [ RunTime:0.0050s ]
NOTIC: [8] Undefined index: meb_id D:\vhosts\tpshop\App\Home\Model\CartModel.class.php 第 72 行.
SQL: SHOW COLUMNS FROM `tp_goods` [ RunTime:0.0070s ]
SQL: SELECT `id`,`goods_name`,`shop_price`,`image_thumb` FROM `tp_goods` WHERE `cat_id` = 31 ORDER BY id desc  [ RunTime:0.0000s ]
SQL: SHOW COLUMNS FROM `tp_category` [ RunTime:0.0050s ]
SQL: SELECT * FROM `tp_category`  [ RunTime:0.0010s ]
SQL: SHOW COLUMNS FROM `tp_category` [ RunTime:0.0060s ]
SQL: SHOW COLUMNS FROM `tp_category` [ RunTime:0.0060s ]
SQL: SELECT `cat_id`,`cat_name`,`parent_id` FROM `tp_category` WHERE `cat_id` = 31 LIMIT 1   [ RunTime:0.0010s ]
SQL: SELECT `cat_id`,`cat_name` FROM `tp_category` WHERE `parent_id` = 16 AND `is_show` = 1  [ RunTime:0.0010s ]
SQL: SHOW COLUMNS FROM `tp_goods` [ RunTime:0.0070s ]
SQL: SELECT `id`,`goods_name`,`shop_price`,`image_thumb` FROM `tp_goods` WHERE `is_on_sale` = 1 AND `is_best` = 1 AND `is_del` = 0 ORDER BY id desc LIMIT 3   [ RunTime:0.0000s ]
NOTIC: [8] Undefined index: meb_id D:\vhosts\tpshop\App\Home\Controller\BaseController.class.php 第 77 行.
INFO: [ view_parse ] --START--
INFO: [ template_filter ] --START--
INFO: Run Behavior\ContentReplaceBehavior [ RunTime:0.001000s ]
INFO: [ template_filter ] --END-- [ RunTime:0.001000s ]
NOTIC: [8] Undefined variable: Browse D:\vhosts\tpshop\App\Runtime\Cache\Home\b202b53ab2d42fc87b75d93984aef4cb.php 第 236 行.
INFO: Run Behavior\ParseTemplateBehavior [ RunTime:0.044002s ]
INFO: [ view_parse ] --END-- [ RunTime:0.044002s ]
INFO: [ view_filter ] --START--
INFO: Run Behavior\WriteHtmlCacheBehavior [ RunTime:0.000000s ]
INFO: [ view_filter ] --END-- [ RunTime:0.000000s ]
INFO: [ app_end ] --START--
INFO: Run Behavior\ShowPageTraceBehavior [ RunTime:0.001000s ]
INFO: [ app_end ] --END-- [ RunTime:0.001000s ]

[ 2015-12-04T10:44:11+08:00 ] 127.0.0.1 /index.php
INFO: [ app_init ] --START--
INFO: Run Behavior\BuildLiteBehavior [ RunTime:0.000000s ]
INFO: [ app_init ] --END-- [ RunTime:0.001000s ]
INFO: [ app_begin ] --START--
INFO: Run Behavior\ReadHtmlCacheBehavior [ RunTime:0.001000s ]
INFO: [ app_begin ] --END-- [ RunTime:0.001000s ]
NOTIC: [8] Undefined index: member D:\vhosts\tpshop\App\Home\Controller\BaseController.class.php 第 23 行.
SQL: SHOW COLUMNS FROM `tp_cart` [ RunTime:0.0060s ]
NOTIC: [8] Undefined index: meb_id D:\vhosts\tpshop\App\Home\Model\CartModel.class.php 第 72 行.
SQL: SHOW COLUMNS FROM `tp_goods` [ RunTime:0.0070s ]
SQL: SELECT `id`,`goods_name`,`shop_price`,`image_thumb` FROM `tp_goods` WHERE `is_on_sale` = 1 AND `is_best` = 1 AND `is_del` = 0 ORDER BY id desc LIMIT 4   [ RunTime:0.0000s ]
SQL: SELECT `id`,`goods_name`,`shop_price`,`image_thumb` FROM `tp_goods` WHERE `is_on_sale` = 1 AND `is_hot` = 1 AND `is_del` = 0 ORDER BY id desc LIMIT 4   [ RunTime:0.0000s ]
SQL: SELECT `id`,`goods_name`,`shop_price`,`image_thumb` FROM `tp_goods` WHERE `is_on_sale` = 1 AND `is_new` = 1 AND `is_del` = 0 ORDER BY id desc LIMIT 4   [ RunTime:0.0000s ]
INFO: [ view_parse ] --START--
INFO: [ template_filter ] --START--
INFO: Run Behavior\ContentReplaceBehavior [ RunTime:0.001000s ]
INFO: [ template_filter ] --END-- [ RunTime:0.001000s ]
INFO: Run Behavior\ParseTemplateBehavior [ RunTime:0.057003s ]
INFO: [ view_parse ] --END-- [ RunTime:0.057003s ]
INFO: [ view_filter ] --START--
INFO: Run Behavior\WriteHtmlCacheBehavior [ RunTime:0.001000s ]
INFO: [ view_filter ] --END-- [ RunTime:0.001000s ]
INFO: [ app_end ] --START--
INFO: Run Behavior\ShowPageTraceBehavior [ RunTime:0.001000s ]
INFO: [ app_end ] --END-- [ RunTime:0.001000s ]

[ 2015-12-04T16:38:52+08:00 ] 127.0.0.1 /
INFO: [ app_init ] --START--
INFO: Run Behavior\BuildLiteBehavior [ RunTime:0.000000s ]
INFO: [ app_init ] --END-- [ RunTime:0.001000s ]
INFO: [ app_begin ] --START--
INFO: Run Behavior\ReadHtmlCacheBehavior [ RunTime:0.001000s ]
INFO: [ app_begin ] --END-- [ RunTime:0.001000s ]
NOTIC: [8] Undefined index: member D:\vhosts\tpshop\App\Home\Controller\BaseController.class.php 第 23 行.
SQL: SHOW COLUMNS FROM `tp_cart` [ RunTime:0.0060s ]
NOTIC: [8] Undefined index: meb_id D:\vhosts\tpshop\App\Home\Model\CartModel.class.php 第 72 行.
SQL: SHOW COLUMNS FROM `tp_goods` [ RunTime:0.0060s ]
SQL: SELECT `id`,`goods_name`,`shop_price`,`image_thumb` FROM `tp_goods` WHERE `is_on_sale` = 1 AND `is_best` = 1 AND `is_del` = 0 ORDER BY id desc LIMIT 4   [ RunTime:0.0010s ]
SQL: SELECT `id`,`goods_name`,`shop_price`,`image_thumb` FROM `tp_goods` WHERE `is_on_sale` = 1 AND `is_hot` = 1 AND `is_del` = 0 ORDER BY id desc LIMIT 4   [ RunTime:0.0010s ]
SQL: SELECT `id`,`goods_name`,`shop_price`,`image_thumb` FROM `tp_goods` WHERE `is_on_sale` = 1 AND `is_new` = 1 AND `is_del` = 0 ORDER BY id desc LIMIT 4   [ RunTime:0.0010s ]
INFO: [ view_parse ] --START--
INFO: [ template_filter ] --START--
INFO: Run Behavior\ContentReplaceBehavior [ RunTime:0.000000s ]
INFO: [ template_filter ] --END-- [ RunTime:0.001000s ]
INFO: Run Behavior\ParseTemplateBehavior [ RunTime:0.060003s ]
INFO: [ view_parse ] --END-- [ RunTime:0.061003s ]
INFO: [ view_filter ] --START--
INFO: Run Behavior\WriteHtmlCacheBehavior [ RunTime:0.001000s ]
INFO: [ view_filter ] --END-- [ RunTime:0.001000s ]
INFO: [ app_end ] --START--
INFO: Run Behavior\ShowPageTraceBehavior [ RunTime:0.001001s ]
INFO: [ app_end ] --END-- [ RunTime:0.001001s ]

[ 2015-12-04T16:51:28+08:00 ] 127.0.0.1 /index.php
INFO: [ app_init ] --START--
INFO: Run Behavior\BuildLiteBehavior [ RunTime:0.000000s ]
INFO: [ app_init ] --END-- [ RunTime:0.001000s ]
INFO: [ app_begin ] --START--
INFO: Run Behavior\ReadHtmlCacheBehavior [ RunTime:0.001000s ]
INFO: [ app_begin ] --END-- [ RunTime:0.001000s ]
NOTIC: [8] Undefined index: member D:\vhosts\tpshop\App\Home\Controller\BaseController.class.php 第 23 行.
SQL: SHOW COLUMNS FROM `tp_cart` [ RunTime:0.0060s ]
NOTIC: [8] Undefined index: meb_id D:\vhosts\tpshop\App\Home\Model\CartModel.class.php 第 72 行.
SQL: SHOW COLUMNS FROM `tp_goods` [ RunTime:0.0070s ]
SQL: SELECT `id`,`goods_name`,`shop_price`,`image_thumb` FROM `tp_goods` WHERE `is_on_sale` = 1 AND `is_best` = 1 AND `is_del` = 0 ORDER BY id desc LIMIT 4   [ RunTime:0.0010s ]
SQL: SELECT `id`,`goods_name`,`shop_price`,`image_thumb` FROM `tp_goods` WHERE `is_on_sale` = 1 AND `is_hot` = 1 AND `is_del` = 0 ORDER BY id desc LIMIT 4   [ RunTime:0.0010s ]
SQL: SELECT `id`,`goods_name`,`shop_price`,`image_thumb` FROM `tp_goods` WHERE `is_on_sale` = 1 AND `is_new` = 1 AND `is_del` = 0 ORDER BY id desc LIMIT 4   [ RunTime:0.0010s ]
INFO: [ view_parse ] --START--
INFO: [ template_filter ] --START--
INFO: Run Behavior\ContentReplaceBehavior [ RunTime:0.001000s ]
INFO: [ template_filter ] --END-- [ RunTime:0.001000s ]
INFO: Run Behavior\ParseTemplateBehavior [ RunTime:0.059004s ]
INFO: [ view_parse ] --END-- [ RunTime:0.059004s ]
INFO: [ view_filter ] --START--
INFO: Run Behavior\WriteHtmlCacheBehavior [ RunTime:0.000000s ]
INFO: [ view_filter ] --END-- [ RunTime:0.000000s ]
INFO: [ app_end ] --START--
INFO: Run Behavior\ShowPageTraceBehavior [ RunTime:0.001000s ]
INFO: [ app_end ] --END-- [ RunTime:0.002000s ]

[ 2015-12-04T18:14:26+08:00 ] 127.0.0.1 /
INFO: [ app_init ] --START--
INFO: Run Behavior\BuildLiteBehavior [ RunTime:0.000000s ]
INFO: [ app_init ] --END-- [ RunTime:0.000000s ]
INFO: [ app_begin ] --START--
INFO: Run Behavior\ReadHtmlCacheBehavior [ RunTime:0.002000s ]
INFO: [ app_begin ] --END-- [ RunTime:0.002000s ]
NOTIC: [8] Undefined index: member D:\vhosts\tpshop\App\Home\Controller\BaseController.class.php 第 23 行.
SQL: SHOW COLUMNS FROM `tp_cart` [ RunTime:0.0060s ]
NOTIC: [8] Undefined index: meb_id D:\vhosts\tpshop\App\Home\Model\CartModel.class.php 第 72 行.
SQL: SHOW COLUMNS FROM `tp_goods` [ RunTime:0.0050s ]
SQL: SELECT `id`,`goods_name`,`shop_price`,`image_thumb` FROM `tp_goods` WHERE `is_on_sale` = 1 AND `is_best` = 1 AND `is_del` = 0 ORDER BY id desc LIMIT 4   [ RunTime:0.0000s ]
SQL: SELECT `id`,`goods_name`,`shop_price`,`image_thumb` FROM `tp_goods` WHERE `is_on_sale` = 1 AND `is_hot` = 1 AND `is_del` = 0 ORDER BY id desc LIMIT 4   [ RunTime:0.0000s ]
SQL: SELECT `id`,`goods_name`,`shop_price`,`image_thumb` FROM `tp_goods` WHERE `is_on_sale` = 1 AND `is_new` = 1 AND `is_del` = 0 ORDER BY id desc LIMIT 4   [ RunTime:0.0000s ]
INFO: [ view_parse ] --START--
INFO: [ template_filter ] --START--
INFO: Run Behavior\ContentReplaceBehavior [ RunTime:0.003000s ]
INFO: [ template_filter ] --END-- [ RunTime:0.003000s ]
INFO: Run Behavior\ParseTemplateBehavior [ RunTime:0.063004s ]
INFO: [ view_parse ] --END-- [ RunTime:0.063004s ]
INFO: [ view_filter ] --START--
INFO: Run Behavior\WriteHtmlCacheBehavior [ RunTime:0.001000s ]
INFO: [ view_filter ] --END-- [ RunTime:0.001000s ]
INFO: [ app_end ] --START--
INFO: Run Behavior\ShowPageTraceBehavior [ RunTime:0.001000s ]
INFO: [ app_end ] --END-- [ RunTime:0.001000s ]

[ 2015-12-04T19:51:17+08:00 ] 127.0.0.1 /
INFO: [ app_init ] --START--
INFO: Run Behavior\BuildLiteBehavior [ RunTime:0.000000s ]
INFO: [ app_init ] --END-- [ RunTime:0.000000s ]
INFO: [ app_begin ] --START--
INFO: Run Behavior\ReadHtmlCacheBehavior [ RunTime:0.001000s ]
INFO: [ app_begin ] --END-- [ RunTime:0.001000s ]
NOTIC: [8] Undefined index: member D:\vhosts\tpshop\App\Home\Controller\BaseController.class.php 第 23 行.
SQL: SHOW COLUMNS FROM `tp_cart` [ RunTime:0.0050s ]
NOTIC: [8] Undefined index: meb_id D:\vhosts\tpshop\App\Home\Model\CartModel.class.php 第 72 行.
SQL: SHOW COLUMNS FROM `tp_goods` [ RunTime:0.0060s ]
SQL: SELECT `id`,`goods_name`,`shop_price`,`image_thumb` FROM `tp_goods` WHERE `is_on_sale` = 1 AND `is_best` = 1 AND `is_del` = 0 ORDER BY id desc LIMIT 4   [ RunTime:0.0010s ]
SQL: SELECT `id`,`goods_name`,`shop_price`,`image_thumb` FROM `tp_goods` WHERE `is_on_sale` = 1 AND `is_hot` = 1 AND `is_del` = 0 ORDER BY id desc LIMIT 4   [ RunTime:0.0010s ]
SQL: SELECT `id`,`goods_name`,`shop_price`,`image_thumb` FROM `tp_goods` WHERE `is_on_sale` = 1 AND `is_new` = 1 AND `is_del` = 0 ORDER BY id desc LIMIT 4   [ RunTime:0.0010s ]
INFO: [ view_parse ] --START--
INFO: [ template_filter ] --START--
INFO: Run Behavior\ContentReplaceBehavior [ RunTime:0.001000s ]
INFO: [ template_filter ] --END-- [ RunTime:0.001000s ]
INFO: Run Behavior\ParseTemplateBehavior [ RunTime:0.058003s ]
INFO: [ view_parse ] --END-- [ RunTime:0.059003s ]
INFO: [ view_filter ] --START--
INFO: Run Behavior\WriteHtmlCacheBehavior [ RunTime:0.000000s ]
INFO: [ view_filter ] --END-- [ RunTime:0.000000s ]
INFO: [ app_end ] --START--
INFO: Run Behavior\ShowPageTraceBehavior [ RunTime:0.001000s ]
INFO: [ app_end ] --END-- [ RunTime:0.002000s ]

[ 2015-12-04T19:51:21+08:00 ] 127.0.0.1 /index.php/Home/Index/good/id/30
INFO: [ app_init ] --START--
INFO: Run Behavior\BuildLiteBehavior [ RunTime:0.000000s ]
INFO: [ app_init ] --END-- [ RunTime:0.001000s ]
INFO: [ app_begin ] --START--
INFO: Run Behavior\ReadHtmlCacheBehavior [ RunTime:0.001000s ]
INFO: [ app_begin ] --END-- [ RunTime:0.002000s ]
NOTIC: [8] Undefined index: member D:\vhosts\tpshop\App\Home\Controller\BaseController.class.php 第 23 行.
SQL: SHOW COLUMNS FROM `tp_cart` [ RunTime:0.0050s ]
NOTIC: [8] Undefined index: meb_id D:\vhosts\tpshop\App\Home\Model\CartModel.class.php 第 72 行.
SQL: SHOW COLUMNS FROM `tp_goods` [ RunTime:0.0070s ]
SQL: SELECT * FROM `tp_goods` WHERE `id` = 30 AND `is_del` = 0 LIMIT 1   [ RunTime:0.0010s ]
SQL: select a.id,a.attr_id,a.attr_value,b.att_name,b.att_type from tp_goods_attr a left join tp_attribute b on a.attr_id=b.id where a.goods_id=30 [ RunTime:0.0010s ]
SQL: SHOW COLUMNS FROM `tp_goods_album` [ RunTime:0.0050s ]
SQL: SELECT * FROM `tp_goods_album` WHERE `goods_id` = 30  [ RunTime:0.0000s ]
SQL: SHOW COLUMNS FROM `tp_category` [ RunTime:0.0050s ]
SQL: SELECT * FROM `tp_category`  [ RunTime:0.0000s ]
SQL: SHOW COLUMNS FROM `tp_category` [ RunTime:0.0070s ]
SQL: SHOW COLUMNS FROM `tp_category` [ RunTime:0.0060s ]
SQL: SELECT `cat_id`,`cat_name`,`parent_id` FROM `tp_category` WHERE `cat_id` = 30 LIMIT 1   [ RunTime:0.0000s ]
SQL: SELECT `cat_id`,`cat_name` FROM `tp_category` WHERE `parent_id` = 16 AND `is_show` = 1  [ RunTime:0.0000s ]
SQL: SHOW COLUMNS FROM `tp_goods` [ RunTime:0.0060s ]
SQL: SELECT `id`,`goods_name`,`shop_price`,`image_thumb` FROM `tp_goods` WHERE `is_on_sale` = 1 AND `is_best` = 1 AND `is_del` = 0 ORDER BY id desc LIMIT 3   [ RunTime:0.0000s ]
NOTIC: [8] Undefined index: meb_id D:\vhosts\tpshop\App\Home\Controller\BaseController.class.php 第 77 行.
NOTIC: [8] Undefined index: meb_id D:\vhosts\tpshop\App\Home\Controller\IndexController.class.php 第 77 行.
SQL: SHOW COLUMNS FROM `tp_meb_browse` [ RunTime:0.0050s ]
INFO: [ view_parse ] --START--
INFO: [ template_filter ] --START--
INFO: Run Behavior\ContentReplaceBehavior [ RunTime:0.001000s ]
INFO: [ template_filter ] --END-- [ RunTime:0.001000s ]
NOTIC: [8] Undefined variable: Browse D:\vhosts\tpshop\App\Runtime\Cache\Home\89f3955b4cd3d266de685a133a599d6f.php 第 356 行.
INFO: Run Behavior\ParseTemplateBehavior [ RunTime:0.046003s ]
INFO: [ view_parse ] --END-- [ RunTime:0.046003s ]
INFO: [ view_filter ] --START--
INFO: Run Behavior\WriteHtmlCacheBehavior [ RunTime:0.001000s ]
INFO: [ view_filter ] --END-- [ RunTime:0.001000s ]
INFO: [ app_end ] --START--
INFO: Run Behavior\ShowPageTraceBehavior [ RunTime:0.001000s ]
INFO: [ app_end ] --END-- [ RunTime:0.001000s ]

[ 2015-12-04T19:51:39+08:00 ] 127.0.0.1 /
INFO: [ app_init ] --START--
INFO: Run Behavior\BuildLiteBehavior [ RunTime:0.000000s ]
INFO: [ app_init ] --END-- [ RunTime:0.001000s ]
INFO: [ app_begin ] --START--
INFO: Run Behavior\ReadHtmlCacheBehavior [ RunTime:0.001000s ]
INFO: [ app_begin ] --END-- [ RunTime:0.001000s ]
NOTIC: [8] Undefined index: member D:\vhosts\tpshop\App\Home\Controller\BaseController.class.php 第 23 行.
SQL: SHOW COLUMNS FROM `tp_cart` [ RunTime:0.0060s ]
NOTIC: [8] Undefined index: meb_id D:\vhosts\tpshop\App\Home\Model\CartModel.class.php 第 72 行.
SQL: SHOW COLUMNS FROM `tp_goods` [ RunTime:0.0070s ]
SQL: SELECT `id`,`goods_name`,`shop_price`,`image_thumb` FROM `tp_goods` WHERE `is_on_sale` = 1 AND `is_best` = 1 AND `is_del` = 0 ORDER BY id desc LIMIT 4   [ RunTime:0.0000s ]
SQL: SELECT `id`,`goods_name`,`shop_price`,`image_thumb` FROM `tp_goods` WHERE `is_on_sale` = 1 AND `is_hot` = 1 AND `is_del` = 0 ORDER BY id desc LIMIT 4   [ RunTime:0.0000s ]
SQL: SELECT `id`,`goods_name`,`shop_price`,`image_thumb` FROM `tp_goods` WHERE `is_on_sale` = 1 AND `is_new` = 1 AND `is_del` = 0 ORDER BY id desc LIMIT 4   [ RunTime:0.0000s ]
INFO: [ view_parse ] --START--
INFO: [ template_filter ] --START--
INFO: Run Behavior\ContentReplaceBehavior [ RunTime:0.000000s ]
INFO: [ template_filter ] --END-- [ RunTime:0.000000s ]
INFO: Run Behavior\ParseTemplateBehavior [ RunTime:0.059003s ]
INFO: [ view_parse ] --END-- [ RunTime:0.059003s ]
INFO: [ view_filter ] --START--
INFO: Run Behavior\WriteHtmlCacheBehavior [ RunTime:0.001000s ]
INFO: [ view_filter ] --END-- [ RunTime:0.001000s ]
INFO: [ app_end ] --START--
INFO: Run Behavior\ShowPageTraceBehavior [ RunTime:0.001000s ]
INFO: [ app_end ] --END-- [ RunTime:0.001000s ]

[ 2015-12-04T19:51:41+08:00 ] 127.0.0.1 /index.php/Home/Index/goodslist/id/50
INFO: [ app_init ] --START--
INFO: Run Behavior\BuildLiteBehavior [ RunTime:0.000000s ]
INFO: [ app_init ] --END-- [ RunTime:0.001000s ]
INFO: [ app_begin ] --START--
INFO: Run Behavior\ReadHtmlCacheBehavior [ RunTime:0.002000s ]
INFO: [ app_begin ] --END-- [ RunTime:0.002000s ]
NOTIC: [8] Undefined index: member D:\vhosts\tpshop\App\Home\Controller\BaseController.class.php 第 23 行.
SQL: SHOW COLUMNS FROM `tp_cart` [ RunTime:0.0050s ]
NOTIC: [8] Undefined index: meb_id D:\vhosts\tpshop\App\Home\Model\CartModel.class.php 第 72 行.
SQL: SHOW COLUMNS FROM `tp_goods` [ RunTime:0.0070s ]
SQL: SELECT `id`,`goods_name`,`shop_price`,`image_thumb` FROM `tp_goods` WHERE `cat_id` = 50 ORDER BY id desc  [ RunTime:0.0020s ]
SQL: SHOW COLUMNS FROM `tp_category` [ RunTime:0.0060s ]
SQL: SELECT * FROM `tp_category`  [ RunTime:0.0000s ]
SQL: SHOW COLUMNS FROM `tp_category` [ RunTime:0.0060s ]
SQL: SHOW COLUMNS FROM `tp_category` [ RunTime:0.0050s ]
SQL: SELECT `cat_id`,`cat_name`,`parent_id` FROM `tp_category` WHERE `cat_id` = 50 LIMIT 1   [ RunTime:0.0000s ]
SQL: SELECT `cat_id`,`cat_name` FROM `tp_category` WHERE `parent_id` = 15 AND `is_show` = 1  [ RunTime:0.0010s ]
SQL: SHOW COLUMNS FROM `tp_goods` [ RunTime:0.0080s ]
SQL: SELECT `id`,`goods_name`,`shop_price`,`image_thumb` FROM `tp_goods` WHERE `is_on_sale` = 1 AND `is_best` = 1 AND `is_del` = 0 ORDER BY id desc LIMIT 3   [ RunTime:0.0000s ]
NOTIC: [8] Undefined index: meb_id D:\vhosts\tpshop\App\Home\Controller\BaseController.class.php 第 77 行.
INFO: [ view_parse ] --START--
INFO: [ template_filter ] --START--
INFO: Run Behavior\ContentReplaceBehavior [ RunTime:0.000000s ]
INFO: [ template_filter ] --END-- [ RunTime:0.001000s ]
NOTIC: [8] Undefined variable: Browse D:\vhosts\tpshop\App\Runtime\Cache\Home\b202b53ab2d42fc87b75d93984aef4cb.php 第 236 行.
INFO: Run Behavior\ParseTemplateBehavior [ RunTime:0.043003s ]
INFO: [ view_parse ] --END-- [ RunTime:0.043003s ]
INFO: [ view_filter ] --START--
INFO: Run Behavior\WriteHtmlCacheBehavior [ RunTime:0.001000s ]
INFO: [ view_filter ] --END-- [ RunTime:0.001000s ]
INFO: [ app_end ] --START--
INFO: Run Behavior\ShowPageTraceBehavior [ RunTime:0.001000s ]
INFO: [ app_end ] --END-- [ RunTime:0.001000s ]

[ 2015-12-04T19:51:49+08:00 ] 127.0.0.1 /index.php/Home/Index/good/id/30
INFO: [ app_init ] --START--
INFO: Run Behavior\BuildLiteBehavior [ RunTime:0.000000s ]
INFO: [ app_init ] --END-- [ RunTime:0.001000s ]
INFO: [ app_begin ] --START--
INFO: Run Behavior\ReadHtmlCacheBehavior [ RunTime:0.001000s ]
INFO: [ app_begin ] --END-- [ RunTime:0.001000s ]
NOTIC: [8] Undefined index: member D:\vhosts\tpshop\App\Home\Controller\BaseController.class.php 第 23 行.
SQL: SHOW COLUMNS FROM `tp_cart` [ RunTime:0.0060s ]
NOTIC: [8] Undefined index: meb_id D:\vhosts\tpshop\App\Home\Model\CartModel.class.php 第 72 行.
SQL: SHOW COLUMNS FROM `tp_goods` [ RunTime:0.0060s ]
SQL: SELECT * FROM `tp_goods` WHERE `id` = 30 AND `is_del` = 0 LIMIT 1   [ RunTime:0.0010s ]
SQL: select a.id,a.attr_id,a.attr_value,b.att_name,b.att_type from tp_goods_attr a left join tp_attribute b on a.attr_id=b.id where a.goods_id=30 [ RunTime:0.0000s ]
SQL: SHOW COLUMNS FROM `tp_goods_album` [ RunTime:0.0060s ]
SQL: SELECT * FROM `tp_goods_album` WHERE `goods_id` = 30  [ RunTime:0.0010s ]
SQL: SHOW COLUMNS FROM `tp_category` [ RunTime:0.0060s ]
SQL: SELECT * FROM `tp_category`  [ RunTime:0.0010s ]
SQL: SHOW COLUMNS FROM `tp_category` [ RunTime:0.0070s ]
SQL: SHOW COLUMNS FROM `tp_category` [ RunTime:0.0050s ]
SQL: SELECT `cat_id`,`cat_name`,`parent_id` FROM `tp_category` WHERE `cat_id` = 30 LIMIT 1   [ RunTime:0.0010s ]
SQL: SELECT `cat_id`,`cat_name` FROM `tp_category` WHERE `parent_id` = 16 AND `is_show` = 1  [ RunTime:0.0010s ]
SQL: SHOW COLUMNS FROM `tp_goods` [ RunTime:0.0060s ]
SQL: SELECT `id`,`goods_name`,`shop_price`,`image_thumb` FROM `tp_goods` WHERE `is_on_sale` = 1 AND `is_best` = 1 AND `is_del` = 0 ORDER BY id desc LIMIT 3   [ RunTime:0.0010s ]
NOTIC: [8] Undefined index: meb_id D:\vhosts\tpshop\App\Home\Controller\BaseController.class.php 第 77 行.
NOTIC: [8] Undefined index: meb_id D:\vhosts\tpshop\App\Home\Controller\IndexController.class.php 第 77 行.
SQL: SHOW COLUMNS FROM `tp_meb_browse` [ RunTime:0.0050s ]
INFO: [ view_parse ] --START--
INFO: [ template_filter ] --START--
INFO: Run Behavior\ContentReplaceBehavior [ RunTime:0.000000s ]
INFO: [ template_filter ] --END-- [ RunTime:0.000000s ]
NOTIC: [8] Undefined variable: Browse D:\vhosts\tpshop\App\Runtime\Cache\Home\89f3955b4cd3d266de685a133a599d6f.php 第 356 行.
INFO: Run Behavior\ParseTemplateBehavior [ RunTime:0.046002s ]
INFO: [ view_parse ] --END-- [ RunTime:0.047002s ]
INFO: [ view_filter ] --START--
INFO: Run Behavior\WriteHtmlCacheBehavior [ RunTime:0.001000s ]
INFO: [ view_filter ] --END-- [ RunTime:0.001000s ]
INFO: [ app_end ] --START--
INFO: Run Behavior\ShowPageTraceBehavior [ RunTime:0.001000s ]
INFO: [ app_end ] --END-- [ RunTime:0.001000s ]

[ 2015-12-04T19:51:56+08:00 ] 127.0.0.1 /index.php/Home/Index/goodslist/id/30
INFO: [ app_init ] --START--
INFO: Run Behavior\BuildLiteBehavior [ RunTime:0.000000s ]
INFO: [ app_init ] --END-- [ RunTime:0.000000s ]
INFO: [ app_begin ] --START--
INFO: Run Behavior\ReadHtmlCacheBehavior [ RunTime:0.001000s ]
INFO: [ app_begin ] --END-- [ RunTime:0.002000s ]
NOTIC: [8] Undefined index: member D:\vhosts\tpshop\App\Home\Controller\BaseController.class.php 第 23 行.
SQL: SHOW COLUMNS FROM `tp_cart` [ RunTime:0.0060s ]
NOTIC: [8] Undefined index: meb_id D:\vhosts\tpshop\App\Home\Model\CartModel.class.php 第 72 行.
SQL: SHOW COLUMNS FROM `tp_goods` [ RunTime:0.0060s ]
SQL: SELECT `id`,`goods_name`,`shop_price`,`image_thumb` FROM `tp_goods` WHERE `cat_id` = 30 ORDER BY id desc  [ RunTime:0.0000s ]
SQL: SHOW COLUMNS FROM `tp_category` [ RunTime:0.0050s ]
SQL: SELECT * FROM `tp_category`  [ RunTime:0.0010s ]
SQL: SHOW COLUMNS FROM `tp_category` [ RunTime:0.0060s ]
SQL: SHOW COLUMNS FROM `tp_category` [ RunTime:0.0070s ]
SQL: SELECT `cat_id`,`cat_name`,`parent_id` FROM `tp_category` WHERE `cat_id` = 30 LIMIT 1   [ RunTime:0.0000s ]
SQL: SELECT `cat_id`,`cat_name` FROM `tp_category` WHERE `parent_id` = 16 AND `is_show` = 1  [ RunTime:0.0000s ]
SQL: SHOW COLUMNS FROM `tp_goods` [ RunTime:0.0060s ]
SQL: SELECT `id`,`goods_name`,`shop_price`,`image_thumb` FROM `tp_goods` WHERE `is_on_sale` = 1 AND `is_best` = 1 AND `is_del` = 0 ORDER BY id desc LIMIT 3   [ RunTime:0.0000s ]
NOTIC: [8] Undefined index: meb_id D:\vhosts\tpshop\App\Home\Controller\BaseController.class.php 第 77 行.
INFO: [ view_parse ] --START--
INFO: [ template_filter ] --START--
INFO: Run Behavior\ContentReplaceBehavior [ RunTime:0.000000s ]
INFO: [ template_filter ] --END-- [ RunTime:0.000000s ]
NOTIC: [8] Undefined variable: Browse D:\vhosts\tpshop\App\Runtime\Cache\Home\b202b53ab2d42fc87b75d93984aef4cb.php 第 236 行.
INFO: Run Behavior\ParseTemplateBehavior [ RunTime:0.043003s ]
INFO: [ view_parse ] --END-- [ RunTime:0.044003s ]
INFO: [ view_filter ] --START--
INFO: Run Behavior\WriteHtmlCacheBehavior [ RunTime:0.000000s ]
INFO: [ view_filter ] --END-- [ RunTime:0.000000s ]
INFO: [ app_end ] --START--
INFO: Run Behavior\ShowPageTraceBehavior [ RunTime:0.001000s ]
INFO: [ app_end ] --END-- [ RunTime:0.001000s ]

[ 2015-12-04T19:51:58+08:00 ] 127.0.0.1 /index.php/Home/Index/good/id/31
INFO: [ app_init ] --START--
INFO: Run Behavior\BuildLiteBehavior [ RunTime:0.000000s ]
INFO: [ app_init ] --END-- [ RunTime:0.001000s ]
INFO: [ app_begin ] --START--
INFO: Run Behavior\ReadHtmlCacheBehavior [ RunTime:0.001000s ]
INFO: [ app_begin ] --END-- [ RunTime:0.001000s ]
NOTIC: [8] Undefined index: member D:\vhosts\tpshop\App\Home\Controller\BaseController.class.php 第 23 行.
SQL: SHOW COLUMNS FROM `tp_cart` [ RunTime:0.0050s ]
NOTIC: [8] Undefined index: meb_id D:\vhosts\tpshop\App\Home\Model\CartModel.class.php 第 72 行.
SQL: SHOW COLUMNS FROM `tp_goods` [ RunTime:0.0060s ]
SQL: SELECT * FROM `tp_goods` WHERE `id` = 31 AND `is_del` = 0 LIMIT 1   [ RunTime:0.0010s ]
SQL: select a.id,a.attr_id,a.attr_value,b.att_name,b.att_type from tp_goods_attr a left join tp_attribute b on a.attr_id=b.id where a.goods_id=31 [ RunTime:0.0010s ]
SQL: SHOW COLUMNS FROM `tp_goods_album` [ RunTime:0.0050s ]
SQL: SELECT * FROM `tp_goods_album` WHERE `goods_id` = 31  [ RunTime:0.0000s ]
SQL: SHOW COLUMNS FROM `tp_category` [ RunTime:0.0060s ]
SQL: SELECT * FROM `tp_category`  [ RunTime:0.0010s ]
SQL: SHOW COLUMNS FROM `tp_category` [ RunTime:0.0070s ]
SQL: SHOW COLUMNS FROM `tp_category` [ RunTime:0.0060s ]
SQL: SELECT `cat_id`,`cat_name`,`parent_id` FROM `tp_category` WHERE `cat_id` = 31 LIMIT 1   [ RunTime:0.0010s ]
SQL: SELECT `cat_id`,`cat_name` FROM `tp_category` WHERE `parent_id` = 16 AND `is_show` = 1  [ RunTime:0.0010s ]
SQL: SHOW COLUMNS FROM `tp_goods` [ RunTime:0.0060s ]
SQL: SELECT `id`,`goods_name`,`shop_price`,`image_thumb` FROM `tp_goods` WHERE `is_on_sale` = 1 AND `is_best` = 1 AND `is_del` = 0 ORDER BY id desc LIMIT 3   [ RunTime:0.0010s ]
NOTIC: [8] Undefined index: meb_id D:\vhosts\tpshop\App\Home\Controller\BaseController.class.php 第 77 行.
NOTIC: [8] Undefined index: meb_id D:\vhosts\tpshop\App\Home\Controller\IndexController.class.php 第 77 行.
SQL: SHOW COLUMNS FROM `tp_meb_browse` [ RunTime:0.0050s ]
INFO: [ view_parse ] --START--
INFO: [ template_filter ] --START--
INFO: Run Behavior\ContentReplaceBehavior [ RunTime:0.001000s ]
INFO: [ template_filter ] --END-- [ RunTime:0.001000s ]
NOTIC: [8] Undefined variable: Browse D:\vhosts\tpshop\App\Runtime\Cache\Home\89f3955b4cd3d266de685a133a599d6f.php 第 356 行.
INFO: Run Behavior\ParseTemplateBehavior [ RunTime:0.047002s ]
INFO: [ view_parse ] --END-- [ RunTime:0.047002s ]
INFO: [ view_filter ] --START--
INFO: Run Behavior\WriteHtmlCacheBehavior [ RunTime:0.001001s ]
INFO: [ view_filter ] --END-- [ RunTime:0.001001s ]
INFO: [ app_end ] --START--
INFO: Run Behavior\ShowPageTraceBehavior [ RunTime:0.002000s ]
INFO: [ app_end ] --END-- [ RunTime:0.002000s ]

[ 2015-12-04T19:52:09+08:00 ] 127.0.0.1 /index.php
INFO: [ app_init ] --START--
INFO: Run Behavior\BuildLiteBehavior [ RunTime:0.000000s ]
INFO: [ app_init ] --END-- [ RunTime:0.001000s ]
INFO: [ app_begin ] --START--
INFO: Run Behavior\ReadHtmlCacheBehavior [ RunTime:0.001000s ]
INFO: [ app_begin ] --END-- [ RunTime:0.002000s ]
NOTIC: [8] Undefined index: member D:\vhosts\tpshop\App\Home\Controller\BaseController.class.php 第 23 行.
SQL: SHOW COLUMNS FROM `tp_cart` [ RunTime:0.0050s ]
NOTIC: [8] Undefined index: meb_id D:\vhosts\tpshop\App\Home\Model\CartModel.class.php 第 72 行.
SQL: SHOW COLUMNS FROM `tp_goods` [ RunTime:0.0080s ]
SQL: SELECT `id`,`goods_name`,`shop_price`,`image_thumb` FROM `tp_goods` WHERE `is_on_sale` = 1 AND `is_best` = 1 AND `is_del` = 0 ORDER BY id desc LIMIT 4   [ RunTime:0.0010s ]
SQL: SELECT `id`,`goods_name`,`shop_price`,`image_thumb` FROM `tp_goods` WHERE `is_on_sale` = 1 AND `is_hot` = 1 AND `is_del` = 0 ORDER BY id desc LIMIT 4   [ RunTime:0.0000s ]
SQL: SELECT `id`,`goods_name`,`shop_price`,`image_thumb` FROM `tp_goods` WHERE `is_on_sale` = 1 AND `is_new` = 1 AND `is_del` = 0 ORDER BY id desc LIMIT 4   [ RunTime:0.0000s ]
INFO: [ view_parse ] --START--
INFO: [ template_filter ] --START--
INFO: Run Behavior\ContentReplaceBehavior [ RunTime:0.001000s ]
INFO: [ template_filter ] --END-- [ RunTime:0.002000s ]
INFO: Run Behavior\ParseTemplateBehavior [ RunTime:0.059004s ]
INFO: [ view_parse ] --END-- [ RunTime:0.059004s ]
INFO: [ view_filter ] --START--
INFO: Run Behavior\WriteHtmlCacheBehavior [ RunTime:0.001000s ]
INFO: [ view_filter ] --END-- [ RunTime:0.001000s ]
INFO: [ app_end ] --START--
INFO: Run Behavior\ShowPageTraceBehavior [ RunTime:0.001000s ]
INFO: [ app_end ] --END-- [ RunTime:0.001000s ]

[ 2015-12-04T22:21:55+08:00 ] 127.0.0.1 /
INFO: [ app_init ] --START--
INFO: Run Behavior\BuildLiteBehavior [ RunTime:0.000000s ]
INFO: [ app_init ] --END-- [ RunTime:0.001000s ]
INFO: [ app_begin ] --START--
INFO: Run Behavior\ReadHtmlCacheBehavior [ RunTime:0.001000s ]
INFO: [ app_begin ] --END-- [ RunTime:0.001000s ]
NOTIC: [8] Undefined index: member D:\vhosts\tpshop\App\Home\Controller\BaseController.class.php 第 23 行.
SQL: SHOW COLUMNS FROM `tp_cart` [ RunTime:0.0610s ]
NOTIC: [8] Undefined index: meb_id D:\vhosts\tpshop\App\Home\Model\CartModel.class.php 第 72 行.
SQL: SHOW COLUMNS FROM `tp_category` [ RunTime:0.0370s ]
SQL: SHOW COLUMNS FROM `tp_category` [ RunTime:0.0100s ]
SQL: SELECT `cat_id`,`cat_name`,`parent_id` FROM `tp_category` WHERE `grade` = 0 AND `is_show` = 1 ORDER BY sort_order LIMIT 8   [ RunTime:0.0100s ]
SQL: SELECT `cat_id`,`cat_name`,`parent_id` FROM `tp_category` WHERE `grade` = 1 AND `is_show` = 1 ORDER BY sort_order  [ RunTime:0.0010s ]
SQL: SELECT `cat_id`,`cat_name`,`parent_id` FROM `tp_category` WHERE `grade` = 2 AND `is_show` = 1 ORDER BY sort_order  [ RunTime:0.0000s ]
SQL: SHOW COLUMNS FROM `tp_goods` [ RunTime:0.0180s ]
SQL: SELECT `id`,`goods_name`,`shop_price`,`image_thumb` FROM `tp_goods` WHERE `is_on_sale` = 1 AND `is_best` = 1 AND `is_del` = 0 ORDER BY id desc LIMIT 4   [ RunTime:0.0010s ]
SQL: SELECT `id`,`goods_name`,`shop_price`,`image_thumb` FROM `tp_goods` WHERE `is_on_sale` = 1 AND `is_hot` = 1 AND `is_del` = 0 ORDER BY id desc LIMIT 4   [ RunTime:0.0010s ]
SQL: SELECT `id`,`goods_name`,`shop_price`,`image_thumb` FROM `tp_goods` WHERE `is_on_sale` = 1 AND `is_new` = 1 AND `is_del` = 0 ORDER BY id desc LIMIT 4   [ RunTime:0.0010s ]
INFO: [ view_parse ] --START--
INFO: [ template_filter ] --START--
INFO: Run Behavior\ContentReplaceBehavior [ RunTime:0.001000s ]
INFO: [ template_filter ] --END-- [ RunTime:0.001000s ]
INFO: Run Behavior\ParseTemplateBehavior [ RunTime:0.060004s ]
INFO: [ view_parse ] --END-- [ RunTime:0.061004s ]
INFO: [ view_filter ] --START--
INFO: Run Behavior\WriteHtmlCacheBehavior [ RunTime:0.001000s ]
INFO: [ view_filter ] --END-- [ RunTime:0.001000s ]
INFO: [ app_end ] --START--
INFO: Run Behavior\ShowPageTraceBehavior [ RunTime:0.002000s ]
INFO: [ app_end ] --END-- [ RunTime:0.002000s ]

[ 2015-12-04T22:29:04+08:00 ] 127.0.0.1 /
INFO: [ app_init ] --START--
INFO: Run Behavior\BuildLiteBehavior [ RunTime:0.000000s ]
INFO: [ app_init ] --END-- [ RunTime:0.001000s ]
INFO: [ app_begin ] --START--
INFO: Run Behavior\ReadHtmlCacheBehavior [ RunTime:0.001000s ]
INFO: [ app_begin ] --END-- [ RunTime:0.001000s ]
NOTIC: [8] Undefined index: member D:\vhosts\tpshop\App\Home\Controller\BaseController.class.php 第 23 行.
SQL: SHOW COLUMNS FROM `tp_cart` [ RunTime:0.0070s ]
NOTIC: [8] Undefined index: meb_id D:\vhosts\tpshop\App\Home\Model\CartModel.class.php 第 72 行.
SQL: SHOW COLUMNS FROM `tp_goods` [ RunTime:0.0070s ]
SQL: SELECT `id`,`goods_name`,`shop_price`,`image_thumb` FROM `tp_goods` WHERE `is_on_sale` = 1 AND `is_best` = 1 AND `is_del` = 0 ORDER BY id desc LIMIT 4   [ RunTime:0.0000s ]
SQL: SELECT `id`,`goods_name`,`shop_price`,`image_thumb` FROM `tp_goods` WHERE `is_on_sale` = 1 AND `is_hot` = 1 AND `is_del` = 0 ORDER BY id desc LIMIT 4   [ RunTime:0.0000s ]
SQL: SELECT `id`,`goods_name`,`shop_price`,`image_thumb` FROM `tp_goods` WHERE `is_on_sale` = 1 AND `is_new` = 1 AND `is_del` = 0 ORDER BY id desc LIMIT 4   [ RunTime:0.0000s ]
INFO: [ view_parse ] --START--
INFO: [ template_filter ] --START--
INFO: Run Behavior\ContentReplaceBehavior [ RunTime:0.001000s ]
INFO: [ template_filter ] --END-- [ RunTime:0.001000s ]
INFO: Run Behavior\ParseTemplateBehavior [ RunTime:0.070004s ]
INFO: [ view_parse ] --END-- [ RunTime:0.070004s ]
INFO: [ view_filter ] --START--
INFO: Run Behavior\WriteHtmlCacheBehavior [ RunTime:0.000000s ]
INFO: [ view_filter ] --END-- [ RunTime:0.002000s ]
INFO: [ app_end ] --START--
INFO: Run Behavior\ShowPageTraceBehavior [ RunTime:0.002000s ]
INFO: [ app_end ] --END-- [ RunTime:0.002000s ]

