[ 2015-12-02T17:22:05+08:00 ] 127.0.0.1 /index.php/admin/login/login
INFO: [ app_init ] --START--
INFO: Run Behavior\BuildLiteBehavior [ RunTime:0.000000s ]
INFO: [ app_init ] --END-- [ RunTime:0.001000s ]
INFO: [ app_begin ] --START--
INFO: Run Behavior\ReadHtmlCacheBehavior [ RunTime:0.001000s ]
INFO: [ app_begin ] --END-- [ RunTime:0.001000s ]
SQL: SHOW COLUMNS FROM `tp_admin_user` [ RunTime:0.0380s ]
NOTIC: [8] Undefined index: $token D:\vhosts\tpshop\App\Admin\Controller\LoginController.class.php 第 21 行.
SQL: SELECT `user_name`,`token`,`last_setcookie`,`role_id` FROM `tp_admin_user` WHERE `identifier` = 'd41d8cd98f00b204e9800998ecf8427e' LIMIT 1   [ RunTime:0.0010s ]
NOTIC: [8] Undefined index: user_name D:\vhosts\tpshop\App\Admin\Controller\LoginController.class.php 第 26 行.
SQL: UPDATE `tp_admin_user` SET `last_login`='1449048125',`last_ip`='127.0.0.1' WHERE `user_name` = null [ RunTime:0.0000s ]

[ 2015-12-02T17:22:05+08:00 ] 127.0.0.1 /index.php/Admin/Admin/index.html
INFO: [ app_init ] --START--
INFO: Run Behavior\BuildLiteBehavior [ RunTime:0.000000s ]
INFO: [ app_init ] --END-- [ RunTime:0.000000s ]
INFO: [ app_begin ] --START--
INFO: Run Behavior\ReadHtmlCacheBehavior [ RunTime:0.001000s ]
INFO: [ app_begin ] --END-- [ RunTime:0.001000s ]
SQL: SHOW COLUMNS FROM `tp_admin_user` [ RunTime:0.0060s ]
SQL: SELECT * FROM `tp_admin_user` WHERE `user_name` = 'admin' LIMIT 1   [ RunTime:0.0080s ]
SQL: SELECT * FROM `tp_admin_user` WHERE `user_name` = 'admin' LIMIT 1   [ RunTime:0.0010s ]
INFO: [ view_parse ] --START--
INFO: [ template_filter ] --START--
INFO: Run Behavior\ContentReplaceBehavior [ RunTime:0.000000s ]
INFO: [ template_filter ] --END-- [ RunTime:0.001000s ]
INFO: Run Behavior\ParseTemplateBehavior [ RunTime:0.030001s ]
INFO: [ view_parse ] --END-- [ RunTime:0.030001s ]
INFO: [ view_filter ] --START--
INFO: Run Behavior\WriteHtmlCacheBehavior [ RunTime:0.001000s ]
INFO: [ view_filter ] --END-- [ RunTime:0.001000s ]
INFO: [ app_end ] --START--
INFO: Run Behavior\ShowPageTraceBehavior [ RunTime:0.001000s ]
INFO: [ app_end ] --END-- [ RunTime:0.001000s ]

[ 2015-12-02T17:22:05+08:00 ] 127.0.0.1 /index.php/Admin/Admin/top
INFO: [ app_init ] --START--
INFO: Run Behavior\BuildLiteBehavior [ RunTime:0.000000s ]
INFO: [ app_init ] --END-- [ RunTime:0.000000s ]
INFO: [ app_begin ] --START--
INFO: Run Behavior\ReadHtmlCacheBehavior [ RunTime:0.001000s ]
INFO: [ app_begin ] --END-- [ RunTime:0.001000s ]
SQL: SHOW COLUMNS FROM `tp_admin_user` [ RunTime:0.0060s ]
SQL: SELECT * FROM `tp_admin_user` WHERE `user_name` = 'admin' LIMIT 1   [ RunTime:0.0010s ]
SQL: SELECT * FROM `tp_admin_user` WHERE `user_name` = 'admin' LIMIT 1   [ RunTime:0.0010s ]
INFO: [ view_parse ] --START--
INFO: [ template_filter ] --START--
INFO: Run Behavior\ContentReplaceBehavior [ RunTime:0.000000s ]
INFO: [ template_filter ] --END-- [ RunTime:0.000000s ]
INFO: Run Behavior\ParseTemplateBehavior [ RunTime:0.042002s ]
INFO: [ view_parse ] --END-- [ RunTime:0.042002s ]
INFO: [ view_filter ] --START--
INFO: Run Behavior\WriteHtmlCacheBehavior [ RunTime:0.000000s ]
INFO: [ view_filter ] --END-- [ RunTime:0.000000s ]
INFO: [ app_end ] --START--
INFO: Run Behavior\ShowPageTraceBehavior [ RunTime:0.001000s ]
INFO: [ app_end ] --END-- [ RunTime:0.001000s ]

[ 2015-12-02T17:22:05+08:00 ] 127.0.0.1 /index.php/Admin/Admin/main
INFO: [ app_init ] --START--
INFO: Run Behavior\BuildLiteBehavior [ RunTime:0.001000s ]
INFO: [ app_init ] --END-- [ RunTime:0.001000s ]
INFO: [ app_begin ] --START--
INFO: Run Behavior\ReadHtmlCacheBehavior [ RunTime:0.001000s ]
INFO: [ app_begin ] --END-- [ RunTime:0.002000s ]
SQL: SHOW COLUMNS FROM `tp_admin_user` [ RunTime:0.0050s ]
SQL: SELECT * FROM `tp_admin_user` WHERE `user_name` = 'admin' LIMIT 1   [ RunTime:0.0000s ]
SQL: SELECT * FROM `tp_admin_user` WHERE `user_name` = 'admin' LIMIT 1   [ RunTime:0.0000s ]
INFO: [ view_parse ] --START--
INFO: [ template_filter ] --START--
INFO: Run Behavior\ContentReplaceBehavior [ RunTime:0.000000s ]
INFO: [ template_filter ] --END-- [ RunTime:0.000000s ]
INFO: Run Behavior\ParseTemplateBehavior [ RunTime:0.032002s ]
INFO: [ view_parse ] --END-- [ RunTime:0.032002s ]
INFO: [ view_filter ] --START--
INFO: Run Behavior\WriteHtmlCacheBehavior [ RunTime:0.001000s ]
INFO: [ view_filter ] --END-- [ RunTime:0.002000s ]
INFO: [ app_end ] --START--
INFO: Run Behavior\ShowPageTraceBehavior [ RunTime:0.001000s ]
INFO: [ app_end ] --END-- [ RunTime:0.001000s ]

[ 2015-12-02T17:22:05+08:00 ] 127.0.0.1 /index.php/Admin/Admin/drag
INFO: [ app_init ] --START--
INFO: Run Behavior\BuildLiteBehavior [ RunTime:0.000000s ]
INFO: [ app_init ] --END-- [ RunTime:0.001000s ]
INFO: [ app_begin ] --START--
INFO: Run Behavior\ReadHtmlCacheBehavior [ RunTime:0.001000s ]
INFO: [ app_begin ] --END-- [ RunTime:0.001000s ]
SQL: SHOW COLUMNS FROM `tp_admin_user` [ RunTime:0.0070s ]
SQL: SELECT * FROM `tp_admin_user` WHERE `user_name` = 'admin' LIMIT 1   [ RunTime:0.0000s ]
SQL: SELECT * FROM `tp_admin_user` WHERE `user_name` = 'admin' LIMIT 1   [ RunTime:0.0000s ]
INFO: [ view_parse ] --START--
INFO: [ template_filter ] --START--
INFO: Run Behavior\ContentReplaceBehavior [ RunTime:0.000000s ]
INFO: [ template_filter ] --END-- [ RunTime:0.000000s ]
INFO: Run Behavior\ParseTemplateBehavior [ RunTime:0.011001s ]
INFO: [ view_parse ] --END-- [ RunTime:0.012001s ]
INFO: [ view_filter ] --START--
INFO: Run Behavior\WriteHtmlCacheBehavior [ RunTime:0.001000s ]
INFO: [ view_filter ] --END-- [ RunTime:0.001000s ]
INFO: [ app_end ] --START--
INFO: Run Behavior\ShowPageTraceBehavior [ RunTime:0.002000s ]
INFO: [ app_end ] --END-- [ RunTime:0.003000s ]

[ 2015-12-02T17:22:05+08:00 ] 127.0.0.1 /index.php/Admin/Admin/menu
INFO: [ app_init ] --START--
INFO: Run Behavior\BuildLiteBehavior [ RunTime:0.000000s ]
INFO: [ app_init ] --END-- [ RunTime:0.001000s ]
INFO: [ app_begin ] --START--
INFO: Run Behavior\ReadHtmlCacheBehavior [ RunTime:0.001000s ]
INFO: [ app_begin ] --END-- [ RunTime:0.001000s ]
SQL: SHOW COLUMNS FROM `tp_admin_user` [ RunTime:0.0070s ]
SQL: SELECT * FROM `tp_admin_user` WHERE `user_name` = 'admin' LIMIT 1   [ RunTime:0.0000s ]
SQL: SELECT * FROM `tp_admin_user` WHERE `user_name` = 'admin' LIMIT 1   [ RunTime:0.0000s ]
SQL: SHOW COLUMNS FROM `tp_privilege` [ RunTime:0.0220s ]
SQL: SELECT `id`,`priv_name` FROM `tp_privilege` WHERE `priv_level` = 0  [ RunTime:0.0000s ]
SQL: SELECT * FROM `tp_privilege` WHERE `priv_level` = 1  [ RunTime:0.0000s ]
INFO: [ view_parse ] --START--
INFO: [ template_filter ] --START--
INFO: Run Behavior\ContentReplaceBehavior [ RunTime:0.000000s ]
INFO: [ template_filter ] --END-- [ RunTime:0.000000s ]
NOTIC: [8] Use of undefined constant id - assumed 'id' D:\vhosts\tpshop\App\Runtime\Cache\Admin\9171a5418d3a3dac17fa52ddf12588f3.php 第 128 行.
NOTIC: [8] Use of undefined constant id - assumed 'id' D:\vhosts\tpshop\App\Runtime\Cache\Admin\9171a5418d3a3dac17fa52ddf12588f3.php 第 128 行.
NOTIC: [8] Use of undefined constant id - assumed 'id' D:\vhosts\tpshop\App\Runtime\Cache\Admin\9171a5418d3a3dac17fa52ddf12588f3.php 第 128 行.
NOTIC: [8] Use of undefined constant id - assumed 'id' D:\vhosts\tpshop\App\Runtime\Cache\Admin\9171a5418d3a3dac17fa52ddf12588f3.php 第 128 行.
NOTIC: [8] Use of undefined constant id - assumed 'id' D:\vhosts\tpshop\App\Runtime\Cache\Admin\9171a5418d3a3dac17fa52ddf12588f3.php 第 128 行.
NOTIC: [8] Use of undefined constant id - assumed 'id' D:\vhosts\tpshop\App\Runtime\Cache\Admin\9171a5418d3a3dac17fa52ddf12588f3.php 第 128 行.
NOTIC: [8] Use of undefined constant id - assumed 'id' D:\vhosts\tpshop\App\Runtime\Cache\Admin\9171a5418d3a3dac17fa52ddf12588f3.php 第 128 行.
NOTIC: [8] Use of undefined constant id - assumed 'id' D:\vhosts\tpshop\App\Runtime\Cache\Admin\9171a5418d3a3dac17fa52ddf12588f3.php 第 128 行.
NOTIC: [8] Use of undefined constant id - assumed 'id' D:\vhosts\tpshop\App\Runtime\Cache\Admin\9171a5418d3a3dac17fa52ddf12588f3.php 第 128 行.
NOTIC: [8] Use of undefined constant id - assumed 'id' D:\vhosts\tpshop\App\Runtime\Cache\Admin\9171a5418d3a3dac17fa52ddf12588f3.php 第 128 行.
NOTIC: [8] Use of undefined constant id - assumed 'id' D:\vhosts\tpshop\App\Runtime\Cache\Admin\9171a5418d3a3dac17fa52ddf12588f3.php 第 128 行.
NOTIC: [8] Use of undefined constant id - assumed 'id' D:\vhosts\tpshop\App\Runtime\Cache\Admin\9171a5418d3a3dac17fa52ddf12588f3.php 第 128 行.
NOTIC: [8] Use of undefined constant id - assumed 'id' D:\vhosts\tpshop\App\Runtime\Cache\Admin\9171a5418d3a3dac17fa52ddf12588f3.php 第 128 行.
NOTIC: [8] Use of undefined constant id - assumed 'id' D:\vhosts\tpshop\App\Runtime\Cache\Admin\9171a5418d3a3dac17fa52ddf12588f3.php 第 128 行.
NOTIC: [8] Use of undefined constant id - assumed 'id' D:\vhosts\tpshop\App\Runtime\Cache\Admin\9171a5418d3a3dac17fa52ddf12588f3.php 第 128 行.
NOTIC: [8] Use of undefined constant id - assumed 'id' D:\vhosts\tpshop\App\Runtime\Cache\Admin\9171a5418d3a3dac17fa52ddf12588f3.php 第 128 行.
NOTIC: [8] Use of undefined constant id - assumed 'id' D:\vhosts\tpshop\App\Runtime\Cache\Admin\9171a5418d3a3dac17fa52ddf12588f3.php 第 128 行.
NOTIC: [8] Use of undefined constant id - assumed 'id' D:\vhosts\tpshop\App\Runtime\Cache\Admin\9171a5418d3a3dac17fa52ddf12588f3.php 第 128 行.
NOTIC: [8] Use of undefined constant id - assumed 'id' D:\vhosts\tpshop\App\Runtime\Cache\Admin\9171a5418d3a3dac17fa52ddf12588f3.php 第 128 行.
NOTIC: [8] Use of undefined constant id - assumed 'id' D:\vhosts\tpshop\App\Runtime\Cache\Admin\9171a5418d3a3dac17fa52ddf12588f3.php 第 128 行.
NOTIC: [8] Use of undefined constant id - assumed 'id' D:\vhosts\tpshop\App\Runtime\Cache\Admin\9171a5418d3a3dac17fa52ddf12588f3.php 第 128 行.
NOTIC: [8] Use of undefined constant id - assumed 'id' D:\vhosts\tpshop\App\Runtime\Cache\Admin\9171a5418d3a3dac17fa52ddf12588f3.php 第 128 行.
NOTIC: [8] Use of undefined constant id - assumed 'id' D:\vhosts\tpshop\App\Runtime\Cache\Admin\9171a5418d3a3dac17fa52ddf12588f3.php 第 128 行.
NOTIC: [8] Use of undefined constant id - assumed 'id' D:\vhosts\tpshop\App\Runtime\Cache\Admin\9171a5418d3a3dac17fa52ddf12588f3.php 第 128 行.
NOTIC: [8] Use of undefined constant id - assumed 'id' D:\vhosts\tpshop\App\Runtime\Cache\Admin\9171a5418d3a3dac17fa52ddf12588f3.php 第 128 行.
NOTIC: [8] Use of undefined constant id - assumed 'id' D:\vhosts\tpshop\App\Runtime\Cache\Admin\9171a5418d3a3dac17fa52ddf12588f3.php 第 128 行.
NOTIC: [8] Use of undefined constant id - assumed 'id' D:\vhosts\tpshop\App\Runtime\Cache\Admin\9171a5418d3a3dac17fa52ddf12588f3.php 第 128 行.
NOTIC: [8] Use of undefined constant id - assumed 'id' D:\vhosts\tpshop\App\Runtime\Cache\Admin\9171a5418d3a3dac17fa52ddf12588f3.php 第 128 行.
NOTIC: [8] Use of undefined constant id - assumed 'id' D:\vhosts\tpshop\App\Runtime\Cache\Admin\9171a5418d3a3dac17fa52ddf12588f3.php 第 128 行.
NOTIC: [8] Use of undefined constant id - assumed 'id' D:\vhosts\tpshop\App\Runtime\Cache\Admin\9171a5418d3a3dac17fa52ddf12588f3.php 第 128 行.
NOTIC: [8] Use of undefined constant id - assumed 'id' D:\vhosts\tpshop\App\Runtime\Cache\Admin\9171a5418d3a3dac17fa52ddf12588f3.php 第 128 行.
NOTIC: [8] Use of undefined constant id - assumed 'id' D:\vhosts\tpshop\App\Runtime\Cache\Admin\9171a5418d3a3dac17fa52ddf12588f3.php 第 128 行.
NOTIC: [8] Use of undefined constant id - assumed 'id' D:\vhosts\tpshop\App\Runtime\Cache\Admin\9171a5418d3a3dac17fa52ddf12588f3.php 第 128 行.
NOTIC: [8] Use of undefined constant id - assumed 'id' D:\vhosts\tpshop\App\Runtime\Cache\Admin\9171a5418d3a3dac17fa52ddf12588f3.php 第 128 行.
NOTIC: [8] Use of undefined constant id - assumed 'id' D:\vhosts\tpshop\App\Runtime\Cache\Admin\9171a5418d3a3dac17fa52ddf12588f3.php 第 128 行.
NOTIC: [8] Use of undefined constant id - assumed 'id' D:\vhosts\tpshop\App\Runtime\Cache\Admin\9171a5418d3a3dac17fa52ddf12588f3.php 第 128 行.
NOTIC: [8] Use of undefined constant id - assumed 'id' D:\vhosts\tpshop\App\Runtime\Cache\Admin\9171a5418d3a3dac17fa52ddf12588f3.php 第 128 行.
NOTIC: [8] Use of undefined constant id - assumed 'id' D:\vhosts\tpshop\App\Runtime\Cache\Admin\9171a5418d3a3dac17fa52ddf12588f3.php 第 128 行.
NOTIC: [8] Use of undefined constant id - assumed 'id' D:\vhosts\tpshop\App\Runtime\Cache\Admin\9171a5418d3a3dac17fa52ddf12588f3.php 第 128 行.
NOTIC: [8] Use of undefined constant id - assumed 'id' D:\vhosts\tpshop\App\Runtime\Cache\Admin\9171a5418d3a3dac17fa52ddf12588f3.php 第 128 行.
NOTIC: [8] Use of undefined constant id - assumed 'id' D:\vhosts\tpshop\App\Runtime\Cache\Admin\9171a5418d3a3dac17fa52ddf12588f3.php 第 128 行.
NOTIC: [8] Use of undefined constant id - assumed 'id' D:\vhosts\tpshop\App\Runtime\Cache\Admin\9171a5418d3a3dac17fa52ddf12588f3.php 第 128 行.
NOTIC: [8] Use of undefined constant id - assumed 'id' D:\vhosts\tpshop\App\Runtime\Cache\Admin\9171a5418d3a3dac17fa52ddf12588f3.php 第 128 行.
NOTIC: [8] Use of undefined constant id - assumed 'id' D:\vhosts\tpshop\App\Runtime\Cache\Admin\9171a5418d3a3dac17fa52ddf12588f3.php 第 128 行.
NOTIC: [8] Use of undefined constant id - assumed 'id' D:\vhosts\tpshop\App\Runtime\Cache\Admin\9171a5418d3a3dac17fa52ddf12588f3.php 第 128 行.
NOTIC: [8] Use of undefined constant id - assumed 'id' D:\vhosts\tpshop\App\Runtime\Cache\Admin\9171a5418d3a3dac17fa52ddf12588f3.php 第 128 行.
NOTIC: [8] Use of undefined constant id - assumed 'id' D:\vhosts\tpshop\App\Runtime\Cache\Admin\9171a5418d3a3dac17fa52ddf12588f3.php 第 128 行.
NOTIC: [8] Use of undefined constant id - assumed 'id' D:\vhosts\tpshop\App\Runtime\Cache\Admin\9171a5418d3a3dac17fa52ddf12588f3.php 第 128 行.
NOTIC: [8] Use of undefined constant id - assumed 'id' D:\vhosts\tpshop\App\Runtime\Cache\Admin\9171a5418d3a3dac17fa52ddf12588f3.php 第 128 行.
NOTIC: [8] Use of undefined constant id - assumed 'id' D:\vhosts\tpshop\App\Runtime\Cache\Admin\9171a5418d3a3dac17fa52ddf12588f3.php 第 128 行.
NOTIC: [8] Use of undefined constant id - assumed 'id' D:\vhosts\tpshop\App\Runtime\Cache\Admin\9171a5418d3a3dac17fa52ddf12588f3.php 第 128 行.
NOTIC: [8] Use of undefined constant id - assumed 'id' D:\vhosts\tpshop\App\Runtime\Cache\Admin\9171a5418d3a3dac17fa52ddf12588f3.php 第 128 行.
NOTIC: [8] Use of undefined constant id - assumed 'id' D:\vhosts\tpshop\App\Runtime\Cache\Admin\9171a5418d3a3dac17fa52ddf12588f3.php 第 128 行.
NOTIC: [8] Use of undefined constant id - assumed 'id' D:\vhosts\tpshop\App\Runtime\Cache\Admin\9171a5418d3a3dac17fa52ddf12588f3.php 第 128 行.
NOTIC: [8] Use of undefined constant id - assumed 'id' D:\vhosts\tpshop\App\Runtime\Cache\Admin\9171a5418d3a3dac17fa52ddf12588f3.php 第 128 行.
NOTIC: [8] Use of undefined constant id - assumed 'id' D:\vhosts\tpshop\App\Runtime\Cache\Admin\9171a5418d3a3dac17fa52ddf12588f3.php 第 128 行.
NOTIC: [8] Use of undefined constant id - assumed 'id' D:\vhosts\tpshop\App\Runtime\Cache\Admin\9171a5418d3a3dac17fa52ddf12588f3.php 第 128 行.
NOTIC: [8] Use of undefined constant id - assumed 'id' D:\vhosts\tpshop\App\Runtime\Cache\Admin\9171a5418d3a3dac17fa52ddf12588f3.php 第 128 行.
NOTIC: [8] Use of undefined constant id - assumed 'id' D:\vhosts\tpshop\App\Runtime\Cache\Admin\9171a5418d3a3dac17fa52ddf12588f3.php 第 128 行.
NOTIC: [8] Use of undefined constant id - assumed 'id' D:\vhosts\tpshop\App\Runtime\Cache\Admin\9171a5418d3a3dac17fa52ddf12588f3.php 第 128 行.
NOTIC: [8] Use of undefined constant id - assumed 'id' D:\vhosts\tpshop\App\Runtime\Cache\Admin\9171a5418d3a3dac17fa52ddf12588f3.php 第 128 行.
NOTIC: [8] Use of undefined constant id - assumed 'id' D:\vhosts\tpshop\App\Runtime\Cache\Admin\9171a5418d3a3dac17fa52ddf12588f3.php 第 128 行.
NOTIC: [8] Use of undefined constant id - assumed 'id' D:\vhosts\tpshop\App\Runtime\Cache\Admin\9171a5418d3a3dac17fa52ddf12588f3.php 第 128 行.
NOTIC: [8] Use of undefined constant id - assumed 'id' D:\vhosts\tpshop\App\Runtime\Cache\Admin\9171a5418d3a3dac17fa52ddf12588f3.php 第 128 行.
NOTIC: [8] Use of undefined constant id - assumed 'id' D:\vhosts\tpshop\App\Runtime\Cache\Admin\9171a5418d3a3dac17fa52ddf12588f3.php 第 128 行.
NOTIC: [8] Use of undefined constant id - assumed 'id' D:\vhosts\tpshop\App\Runtime\Cache\Admin\9171a5418d3a3dac17fa52ddf12588f3.php 第 128 行.
NOTIC: [8] Use of undefined constant id - assumed 'id' D:\vhosts\tpshop\App\Runtime\Cache\Admin\9171a5418d3a3dac17fa52ddf12588f3.php 第 128 行.
NOTIC: [8] Use of undefined constant id - assumed 'id' D:\vhosts\tpshop\App\Runtime\Cache\Admin\9171a5418d3a3dac17fa52ddf12588f3.php 第 128 行.
NOTIC: [8] Use of undefined constant id - assumed 'id' D:\vhosts\tpshop\App\Runtime\Cache\Admin\9171a5418d3a3dac17fa52ddf12588f3.php 第 128 行.
NOTIC: [8] Use of undefined constant id - assumed 'id' D:\vhosts\tpshop\App\Runtime\Cache\Admin\9171a5418d3a3dac17fa52ddf12588f3.php 第 128 行.
NOTIC: [8] Use of undefined constant id - assumed 'id' D:\vhosts\tpshop\App\Runtime\Cache\Admin\9171a5418d3a3dac17fa52ddf12588f3.php 第 128 行.
NOTIC: [8] Use of undefined constant id - assumed 'id' D:\vhosts\tpshop\App\Runtime\Cache\Admin\9171a5418d3a3dac17fa52ddf12588f3.php 第 128 行.
NOTIC: [8] Use of undefined constant id - assumed 'id' D:\vhosts\tpshop\App\Runtime\Cache\Admin\9171a5418d3a3dac17fa52ddf12588f3.php 第 128 行.
NOTIC: [8] Use of undefined constant id - assumed 'id' D:\vhosts\tpshop\App\Runtime\Cache\Admin\9171a5418d3a3dac17fa52ddf12588f3.php 第 128 行.
NOTIC: [8] Use of undefined constant id - assumed 'id' D:\vhosts\tpshop\App\Runtime\Cache\Admin\9171a5418d3a3dac17fa52ddf12588f3.php 第 128 行.
NOTIC: [8] Use of undefined constant id - assumed 'id' D:\vhosts\tpshop\App\Runtime\Cache\Admin\9171a5418d3a3dac17fa52ddf12588f3.php 第 128 行.
NOTIC: [8] Use of undefined constant id - assumed 'id' D:\vhosts\tpshop\App\Runtime\Cache\Admin\9171a5418d3a3dac17fa52ddf12588f3.php 第 128 行.
NOTIC: [8] Use of undefined constant id - assumed 'id' D:\vhosts\tpshop\App\Runtime\Cache\Admin\9171a5418d3a3dac17fa52ddf12588f3.php 第 128 行.
NOTIC: [8] Use of undefined constant id - assumed 'id' D:\vhosts\tpshop\App\Runtime\Cache\Admin\9171a5418d3a3dac17fa52ddf12588f3.php 第 128 行.
NOTIC: [8] Use of undefined constant id - assumed 'id' D:\vhosts\tpshop\App\Runtime\Cache\Admin\9171a5418d3a3dac17fa52ddf12588f3.php 第 128 行.
INFO: Run Behavior\ParseTemplateBehavior [ RunTime:0.060003s ]
INFO: [ view_parse ] --END-- [ RunTime:0.060003s ]
INFO: [ view_filter ] --START--
INFO: Run Behavior\WriteHtmlCacheBehavior [ RunTime:0.000000s ]
INFO: [ view_filter ] --END-- [ RunTime:0.000000s ]
INFO: [ app_end ] --START--
INFO: Run Behavior\ShowPageTraceBehavior [ RunTime:0.001000s ]
INFO: [ app_end ] --END-- [ RunTime:0.001000s ]

[ 2015-12-02T17:22:08+08:00 ] 127.0.0.1 /index.php/Admin/Goods/add
INFO: [ app_init ] --START--
INFO: Run Behavior\BuildLiteBehavior [ RunTime:0.000000s ]
INFO: [ app_init ] --END-- [ RunTime:0.001000s ]
INFO: [ app_begin ] --START--
INFO: Run Behavior\ReadHtmlCacheBehavior [ RunTime:0.000000s ]
INFO: [ app_begin ] --END-- [ RunTime:0.002000s ]
SQL: SHOW COLUMNS FROM `tp_admin_user` [ RunTime:0.0060s ]
SQL: SELECT * FROM `tp_admin_user` WHERE `user_name` = 'admin' LIMIT 1   [ RunTime:0.0010s ]
SQL: SELECT * FROM `tp_admin_user` WHERE `user_name` = 'admin' LIMIT 1   [ RunTime:0.0010s ]
NOTIC: [2048] Declaration of Admin\Model\GoodsModel::_before_delete() should be compatible with that of Think\Model::_before_delete() D:\vhosts\tpshop\App\Admin\Model\GoodsModel.class.php 第 129 行.
SQL: SHOW COLUMNS FROM `tp_goods` [ RunTime:0.0050s ]
SQL: SHOW COLUMNS FROM `tp_category` [ RunTime:0.0050s ]
SQL: SHOW COLUMNS FROM `tp_category` [ RunTime:0.0050s ]
SQL: SELECT `cat_id`,`cat_name`,`parent_id` FROM `tp_category`  [ RunTime:0.0000s ]
NOTIC: [2048] Declaration of Admin\Model\BrandModel::_before_delete() should be compatible with that of Think\Model::_before_delete() D:\vhosts\tpshop\App\Admin\Model\BrandModel.class.php 第 114 行.
SQL: SHOW COLUMNS FROM `tp_brand` [ RunTime:0.0400s ]
SQL: SELECT `brand_id`,`brand_name` FROM `tp_brand` WHERE `is_show` = 1  [ RunTime:0.0140s ]
SQL: SHOW COLUMNS FROM `tp_goodstype` [ RunTime:0.0190s ]
SQL: SELECT * FROM `tp_goodstype` WHERE `status` = 1  [ RunTime:0.0000s ]
INFO: [ view_parse ] --START--
INFO: [ template_filter ] --START--
INFO: Run Behavior\ContentReplaceBehavior [ RunTime:0.000000s ]
INFO: [ template_filter ] --END-- [ RunTime:0.000000s ]
INFO: Run Behavior\ParseTemplateBehavior [ RunTime:0.038002s ]
INFO: [ view_parse ] --END-- [ RunTime:0.038002s ]
INFO: [ view_filter ] --START--
INFO: Run Behavior\WriteHtmlCacheBehavior [ RunTime:0.000000s ]
INFO: [ view_filter ] --END-- [ RunTime:0.001000s ]
INFO: [ app_end ] --START--
INFO: Run Behavior\ShowPageTraceBehavior [ RunTime:0.002000s ]
INFO: [ app_end ] --END-- [ RunTime:0.002000s ]

[ 2015-12-02T17:22:11+08:00 ] 127.0.0.1 /index.php/Admin/Goods/showAtrr
INFO: [ app_init ] --START--
INFO: Run Behavior\BuildLiteBehavior [ RunTime:0.000000s ]
INFO: [ app_init ] --END-- [ RunTime:0.001000s ]
INFO: [ app_begin ] --START--
INFO: Run Behavior\ReadHtmlCacheBehavior [ RunTime:0.001000s ]
INFO: [ app_begin ] --END-- [ RunTime:0.001000s ]
SQL: SHOW COLUMNS FROM `tp_admin_user` [ RunTime:0.0040s ]
SQL: SELECT * FROM `tp_admin_user` WHERE `user_name` = 'admin' LIMIT 1   [ RunTime:0.0010s ]
SQL: SELECT * FROM `tp_admin_user` WHERE `user_name` = 'admin' LIMIT 1   [ RunTime:0.0010s ]
SQL: SHOW COLUMNS FROM `tp_attribute` [ RunTime:0.0090s ]
SQL: SELECT * FROM `tp_attribute` WHERE `type_id` = 2  [ RunTime:0.0010s ]
INFO: [ view_parse ] --START--
INFO: [ template_filter ] --START--
INFO: Run Behavior\ContentReplaceBehavior [ RunTime:0.000000s ]
INFO: [ template_filter ] --END-- [ RunTime:0.000000s ]
INFO: Run Behavior\ParseTemplateBehavior [ RunTime:0.071004s ]
INFO: [ view_parse ] --END-- [ RunTime:0.071004s ]
INFO: [ view_filter ] --START--
INFO: Run Behavior\WriteHtmlCacheBehavior [ RunTime:0.001000s ]
INFO: [ view_filter ] --END-- [ RunTime:0.001000s ]
INFO: [ app_end ] --START--
INFO: Run Behavior\ShowPageTraceBehavior [ RunTime:0.002000s ]
INFO: [ app_end ] --END-- [ RunTime:0.003000s ]

