[ 2015-12-07T00:25:19+08:00 ] 127.0.0.1 /index.php/Admin/Admin/index.html
INFO: [ app_init ] --START--
INFO: Run Behavior\BuildLiteBehavior [ RunTime:0.000000s ]
INFO: [ app_init ] --END-- [ RunTime:0.001000s ]
INFO: [ app_begin ] --START--
INFO: Run Behavior\ReadHtmlCacheBehavior [ RunTime:0.001000s ]
INFO: [ app_begin ] --END-- [ RunTime:0.001000s ]
SQL: SHOW COLUMNS FROM `tp_admin_user` [ RunTime:0.0060s ]
SQL: SELECT * FROM `tp_admin_user` WHERE `user_name` = 'admin' LIMIT 1   [ RunTime:0.0010s ]
SQL: SELECT * FROM `tp_admin_user` WHERE `user_name` = 'admin' LIMIT 1   [ RunTime:0.0010s ]
INFO: [ view_parse ] --START--
INFO: [ template_filter ] --START--
INFO: Run Behavior\ContentReplaceBehavior [ RunTime:0.000000s ]
INFO: [ template_filter ] --END-- [ RunTime:0.000000s ]
INFO: Run Behavior\ParseTemplateBehavior [ RunTime:0.011000s ]
INFO: [ view_parse ] --END-- [ RunTime:0.011000s ]
INFO: [ view_filter ] --START--
INFO: Run Behavior\WriteHtmlCacheBehavior [ RunTime:0.001000s ]
INFO: [ view_filter ] --END-- [ RunTime:0.001000s ]
INFO: [ app_end ] --START--
INFO: Run Behavior\ShowPageTraceBehavior [ RunTime:0.001001s ]
INFO: [ app_end ] --END-- [ RunTime:0.001001s ]

[ 2015-12-07T00:25:19+08:00 ] 127.0.0.1 /index.php/Admin/Admin/top
INFO: [ app_init ] --START--
INFO: Run Behavior\BuildLiteBehavior [ RunTime:0.000000s ]
INFO: [ app_init ] --END-- [ RunTime:0.001000s ]
INFO: [ app_begin ] --START--
INFO: Run Behavior\ReadHtmlCacheBehavior [ RunTime:0.001000s ]
INFO: [ app_begin ] --END-- [ RunTime:0.001000s ]
SQL: SHOW COLUMNS FROM `tp_admin_user` [ RunTime:0.0060s ]
SQL: SELECT * FROM `tp_admin_user` WHERE `user_name` = 'admin' LIMIT 1   [ RunTime:0.0020s ]
SQL: SELECT * FROM `tp_admin_user` WHERE `user_name` = 'admin' LIMIT 1   [ RunTime:0.0010s ]
INFO: [ view_parse ] --START--
INFO: [ template_filter ] --START--
INFO: Run Behavior\ContentReplaceBehavior [ RunTime:0.000000s ]
INFO: [ template_filter ] --END-- [ RunTime:0.000000s ]
INFO: Run Behavior\ParseTemplateBehavior [ RunTime:0.014001s ]
INFO: [ view_parse ] --END-- [ RunTime:0.014001s ]
INFO: [ view_filter ] --START--
INFO: Run Behavior\WriteHtmlCacheBehavior [ RunTime:0.001000s ]
INFO: [ view_filter ] --END-- [ RunTime:0.001000s ]
INFO: [ app_end ] --START--
INFO: Run Behavior\ShowPageTraceBehavior [ RunTime:0.001000s ]
INFO: [ app_end ] --END-- [ RunTime:0.001000s ]

[ 2015-12-07T00:25:20+08:00 ] 127.0.0.1 /index.php/Admin/Admin/menu
INFO: [ app_init ] --START--
INFO: Run Behavior\BuildLiteBehavior [ RunTime:0.000000s ]
INFO: [ app_init ] --END-- [ RunTime:0.001000s ]
INFO: [ app_begin ] --START--
INFO: Run Behavior\ReadHtmlCacheBehavior [ RunTime:0.001000s ]
INFO: [ app_begin ] --END-- [ RunTime:0.001000s ]
SQL: SHOW COLUMNS FROM `tp_admin_user` [ RunTime:0.0060s ]
SQL: SELECT * FROM `tp_admin_user` WHERE `user_name` = 'admin' LIMIT 1   [ RunTime:0.0010s ]
SQL: SELECT * FROM `tp_admin_user` WHERE `user_name` = 'admin' LIMIT 1   [ RunTime:0.0000s ]
SQL: SHOW COLUMNS FROM `tp_privilege` [ RunTime:0.0060s ]
SQL: SELECT `id`,`priv_name` FROM `tp_privilege` WHERE `priv_level` = 0  [ RunTime:0.0010s ]
SQL: SELECT * FROM `tp_privilege` WHERE `priv_level` = 1  [ RunTime:0.0010s ]
INFO: [ view_parse ] --START--
INFO: [ template_filter ] --START--
INFO: Run Behavior\ContentReplaceBehavior [ RunTime:0.001000s ]
INFO: [ template_filter ] --END-- [ RunTime:0.001000s ]
NOTIC: [8] Use of undefined constant id - assumed 'id' D:\vhosts\tpshop\App\Runtime\Cache\Admin\9171a5418d3a3dac17fa52ddf12588f3.php 第 128 行.
NOTIC: [8] Use of undefined constant id - assumed 'id' D:\vhosts\tpshop\App\Runtime\Cache\Admin\9171a5418d3a3dac17fa52ddf12588f3.php 第 128 行.
NOTIC: [8] Use of undefined constant id - assumed 'id' D:\vhosts\tpshop\App\Runtime\Cache\Admin\9171a5418d3a3dac17fa52ddf12588f3.php 第 128 行.
NOTIC: [8] Use of undefined constant id - assumed 'id' D:\vhosts\tpshop\App\Runtime\Cache\Admin\9171a5418d3a3dac17fa52ddf12588f3.php 第 128 行.
NOTIC: [8] Use of undefined constant id - assumed 'id' D:\vhosts\tpshop\App\Runtime\Cache\Admin\9171a5418d3a3dac17fa52ddf12588f3.php 第 128 行.
NOTIC: [8] Use of undefined constant id - assumed 'id' D:\vhosts\tpshop\App\Runtime\Cache\Admin\9171a5418d3a3dac17fa52ddf12588f3.php 第 128 行.
NOTIC: [8] Use of undefined constant id - assumed 'id' D:\vhosts\tpshop\App\Runtime\Cache\Admin\9171a5418d3a3dac17fa52ddf12588f3.php 第 128 行.
NOTIC: [8] Use of undefined constant id - assumed 'id' D:\vhosts\tpshop\App\Runtime\Cache\Admin\9171a5418d3a3dac17fa52ddf12588f3.php 第 128 行.
NOTIC: [8] Use of undefined constant id - assumed 'id' D:\vhosts\tpshop\App\Runtime\Cache\Admin\9171a5418d3a3dac17fa52ddf12588f3.php 第 128 行.
NOTIC: [8] Use of undefined constant id - assumed 'id' D:\vhosts\tpshop\App\Runtime\Cache\Admin\9171a5418d3a3dac17fa52ddf12588f3.php 第 128 行.
NOTIC: [8] Use of undefined constant id - assumed 'id' D:\vhosts\tpshop\App\Runtime\Cache\Admin\9171a5418d3a3dac17fa52ddf12588f3.php 第 128 行.
NOTIC: [8] Use of undefined constant id - assumed 'id' D:\vhosts\tpshop\App\Runtime\Cache\Admin\9171a5418d3a3dac17fa52ddf12588f3.php 第 128 行.
NOTIC: [8] Use of undefined constant id - assumed 'id' D:\vhosts\tpshop\App\Runtime\Cache\Admin\9171a5418d3a3dac17fa52ddf12588f3.php 第 128 行.
NOTIC: [8] Use of undefined constant id - assumed 'id' D:\vhosts\tpshop\App\Runtime\Cache\Admin\9171a5418d3a3dac17fa52ddf12588f3.php 第 128 行.
NOTIC: [8] Use of undefined constant id - assumed 'id' D:\vhosts\tpshop\App\Runtime\Cache\Admin\9171a5418d3a3dac17fa52ddf12588f3.php 第 128 行.
NOTIC: [8] Use of undefined constant id - assumed 'id' D:\vhosts\tpshop\App\Runtime\Cache\Admin\9171a5418d3a3dac17fa52ddf12588f3.php 第 128 行.
NOTIC: [8] Use of undefined constant id - assumed 'id' D:\vhosts\tpshop\App\Runtime\Cache\Admin\9171a5418d3a3dac17fa52ddf12588f3.php 第 128 行.
NOTIC: [8] Use of undefined constant id - assumed 'id' D:\vhosts\tpshop\App\Runtime\Cache\Admin\9171a5418d3a3dac17fa52ddf12588f3.php 第 128 行.
NOTIC: [8] Use of undefined constant id - assumed 'id' D:\vhosts\tpshop\App\Runtime\Cache\Admin\9171a5418d3a3dac17fa52ddf12588f3.php 第 128 行.
NOTIC: [8] Use of undefined constant id - assumed 'id' D:\vhosts\tpshop\App\Runtime\Cache\Admin\9171a5418d3a3dac17fa52ddf12588f3.php 第 128 行.
NOTIC: [8] Use of undefined constant id - assumed 'id' D:\vhosts\tpshop\App\Runtime\Cache\Admin\9171a5418d3a3dac17fa52ddf12588f3.php 第 128 行.
NOTIC: [8] Use of undefined constant id - assumed 'id' D:\vhosts\tpshop\App\Runtime\Cache\Admin\9171a5418d3a3dac17fa52ddf12588f3.php 第 128 行.
NOTIC: [8] Use of undefined constant id - assumed 'id' D:\vhosts\tpshop\App\Runtime\Cache\Admin\9171a5418d3a3dac17fa52ddf12588f3.php 第 128 行.
NOTIC: [8] Use of undefined constant id - assumed 'id' D:\vhosts\tpshop\App\Runtime\Cache\Admin\9171a5418d3a3dac17fa52ddf12588f3.php 第 128 行.
NOTIC: [8] Use of undefined constant id - assumed 'id' D:\vhosts\tpshop\App\Runtime\Cache\Admin\9171a5418d3a3dac17fa52ddf12588f3.php 第 128 行.
NOTIC: [8] Use of undefined constant id - assumed 'id' D:\vhosts\tpshop\App\Runtime\Cache\Admin\9171a5418d3a3dac17fa52ddf12588f3.php 第 128 行.
NOTIC: [8] Use of undefined constant id - assumed 'id' D:\vhosts\tpshop\App\Runtime\Cache\Admin\9171a5418d3a3dac17fa52ddf12588f3.php 第 128 行.
NOTIC: [8] Use of undefined constant id - assumed 'id' D:\vhosts\tpshop\App\Runtime\Cache\Admin\9171a5418d3a3dac17fa52ddf12588f3.php 第 128 行.
NOTIC: [8] Use of undefined constant id - assumed 'id' D:\vhosts\tpshop\App\Runtime\Cache\Admin\9171a5418d3a3dac17fa52ddf12588f3.php 第 128 行.
NOTIC: [8] Use of undefined constant id - assumed 'id' D:\vhosts\tpshop\App\Runtime\Cache\Admin\9171a5418d3a3dac17fa52ddf12588f3.php 第 128 行.
NOTIC: [8] Use of undefined constant id - assumed 'id' D:\vhosts\tpshop\App\Runtime\Cache\Admin\9171a5418d3a3dac17fa52ddf12588f3.php 第 128 行.
NOTIC: [8] Use of undefined constant id - assumed 'id' D:\vhosts\tpshop\App\Runtime\Cache\Admin\9171a5418d3a3dac17fa52ddf12588f3.php 第 128 行.
NOTIC: [8] Use of undefined constant id - assumed 'id' D:\vhosts\tpshop\App\Runtime\Cache\Admin\9171a5418d3a3dac17fa52ddf12588f3.php 第 128 行.
NOTIC: [8] Use of undefined constant id - assumed 'id' D:\vhosts\tpshop\App\Runtime\Cache\Admin\9171a5418d3a3dac17fa52ddf12588f3.php 第 128 行.
NOTIC: [8] Use of undefined constant id - assumed 'id' D:\vhosts\tpshop\App\Runtime\Cache\Admin\9171a5418d3a3dac17fa52ddf12588f3.php 第 128 行.
NOTIC: [8] Use of undefined constant id - assumed 'id' D:\vhosts\tpshop\App\Runtime\Cache\Admin\9171a5418d3a3dac17fa52ddf12588f3.php 第 128 行.
NOTIC: [8] Use of undefined constant id - assumed 'id' D:\vhosts\tpshop\App\Runtime\Cache\Admin\9171a5418d3a3dac17fa52ddf12588f3.php 第 128 行.
NOTIC: [8] Use of undefined constant id - assumed 'id' D:\vhosts\tpshop\App\Runtime\Cache\Admin\9171a5418d3a3dac17fa52ddf12588f3.php 第 128 行.
NOTIC: [8] Use of undefined constant id - assumed 'id' D:\vhosts\tpshop\App\Runtime\Cache\Admin\9171a5418d3a3dac17fa52ddf12588f3.php 第 128 行.
NOTIC: [8] Use of undefined constant id - assumed 'id' D:\vhosts\tpshop\App\Runtime\Cache\Admin\9171a5418d3a3dac17fa52ddf12588f3.php 第 128 行.
NOTIC: [8] Use of undefined constant id - assumed 'id' D:\vhosts\tpshop\App\Runtime\Cache\Admin\9171a5418d3a3dac17fa52ddf12588f3.php 第 128 行.
NOTIC: [8] Use of undefined constant id - assumed 'id' D:\vhosts\tpshop\App\Runtime\Cache\Admin\9171a5418d3a3dac17fa52ddf12588f3.php 第 128 行.
NOTIC: [8] Use of undefined constant id - assumed 'id' D:\vhosts\tpshop\App\Runtime\Cache\Admin\9171a5418d3a3dac17fa52ddf12588f3.php 第 128 行.
NOTIC: [8] Use of undefined constant id - assumed 'id' D:\vhosts\tpshop\App\Runtime\Cache\Admin\9171a5418d3a3dac17fa52ddf12588f3.php 第 128 行.
NOTIC: [8] Use of undefined constant id - assumed 'id' D:\vhosts\tpshop\App\Runtime\Cache\Admin\9171a5418d3a3dac17fa52ddf12588f3.php 第 128 行.
NOTIC: [8] Use of undefined constant id - assumed 'id' D:\vhosts\tpshop\App\Runtime\Cache\Admin\9171a5418d3a3dac17fa52ddf12588f3.php 第 128 行.
NOTIC: [8] Use of undefined constant id - assumed 'id' D:\vhosts\tpshop\App\Runtime\Cache\Admin\9171a5418d3a3dac17fa52ddf12588f3.php 第 128 行.
NOTIC: [8] Use of undefined constant id - assumed 'id' D:\vhosts\tpshop\App\Runtime\Cache\Admin\9171a5418d3a3dac17fa52ddf12588f3.php 第 128 行.
NOTIC: [8] Use of undefined constant id - assumed 'id' D:\vhosts\tpshop\App\Runtime\Cache\Admin\9171a5418d3a3dac17fa52ddf12588f3.php 第 128 行.
NOTIC: [8] Use of undefined constant id - assumed 'id' D:\vhosts\tpshop\App\Runtime\Cache\Admin\9171a5418d3a3dac17fa52ddf12588f3.php 第 128 行.
NOTIC: [8] Use of undefined constant id - assumed 'id' D:\vhosts\tpshop\App\Runtime\Cache\Admin\9171a5418d3a3dac17fa52ddf12588f3.php 第 128 行.
NOTIC: [8] Use of undefined constant id - assumed 'id' D:\vhosts\tpshop\App\Runtime\Cache\Admin\9171a5418d3a3dac17fa52ddf12588f3.php 第 128 行.
NOTIC: [8] Use of undefined constant id - assumed 'id' D:\vhosts\tpshop\App\Runtime\Cache\Admin\9171a5418d3a3dac17fa52ddf12588f3.php 第 128 行.
NOTIC: [8] Use of undefined constant id - assumed 'id' D:\vhosts\tpshop\App\Runtime\Cache\Admin\9171a5418d3a3dac17fa52ddf12588f3.php 第 128 行.
NOTIC: [8] Use of undefined constant id - assumed 'id' D:\vhosts\tpshop\App\Runtime\Cache\Admin\9171a5418d3a3dac17fa52ddf12588f3.php 第 128 行.
NOTIC: [8] Use of undefined constant id - assumed 'id' D:\vhosts\tpshop\App\Runtime\Cache\Admin\9171a5418d3a3dac17fa52ddf12588f3.php 第 128 行.
NOTIC: [8] Use of undefined constant id - assumed 'id' D:\vhosts\tpshop\App\Runtime\Cache\Admin\9171a5418d3a3dac17fa52ddf12588f3.php 第 128 行.
NOTIC: [8] Use of undefined constant id - assumed 'id' D:\vhosts\tpshop\App\Runtime\Cache\Admin\9171a5418d3a3dac17fa52ddf12588f3.php 第 128 行.
NOTIC: [8] Use of undefined constant id - assumed 'id' D:\vhosts\tpshop\App\Runtime\Cache\Admin\9171a5418d3a3dac17fa52ddf12588f3.php 第 128 行.
NOTIC: [8] Use of undefined constant id - assumed 'id' D:\vhosts\tpshop\App\Runtime\Cache\Admin\9171a5418d3a3dac17fa52ddf12588f3.php 第 128 行.
NOTIC: [8] Use of undefined constant id - assumed 'id' D:\vhosts\tpshop\App\Runtime\Cache\Admin\9171a5418d3a3dac17fa52ddf12588f3.php 第 128 行.
NOTIC: [8] Use of undefined constant id - assumed 'id' D:\vhosts\tpshop\App\Runtime\Cache\Admin\9171a5418d3a3dac17fa52ddf12588f3.php 第 128 行.
NOTIC: [8] Use of undefined constant id - assumed 'id' D:\vhosts\tpshop\App\Runtime\Cache\Admin\9171a5418d3a3dac17fa52ddf12588f3.php 第 128 行.
NOTIC: [8] Use of undefined constant id - assumed 'id' D:\vhosts\tpshop\App\Runtime\Cache\Admin\9171a5418d3a3dac17fa52ddf12588f3.php 第 128 行.
NOTIC: [8] Use of undefined constant id - assumed 'id' D:\vhosts\tpshop\App\Runtime\Cache\Admin\9171a5418d3a3dac17fa52ddf12588f3.php 第 128 行.
NOTIC: [8] Use of undefined constant id - assumed 'id' D:\vhosts\tpshop\App\Runtime\Cache\Admin\9171a5418d3a3dac17fa52ddf12588f3.php 第 128 行.
NOTIC: [8] Use of undefined constant id - assumed 'id' D:\vhosts\tpshop\App\Runtime\Cache\Admin\9171a5418d3a3dac17fa52ddf12588f3.php 第 128 行.
NOTIC: [8] Use of undefined constant id - assumed 'id' D:\vhosts\tpshop\App\Runtime\Cache\Admin\9171a5418d3a3dac17fa52ddf12588f3.php 第 128 行.
NOTIC: [8] Use of undefined constant id - assumed 'id' D:\vhosts\tpshop\App\Runtime\Cache\Admin\9171a5418d3a3dac17fa52ddf12588f3.php 第 128 行.
NOTIC: [8] Use of undefined constant id - assumed 'id' D:\vhosts\tpshop\App\Runtime\Cache\Admin\9171a5418d3a3dac17fa52ddf12588f3.php 第 128 行.
NOTIC: [8] Use of undefined constant id - assumed 'id' D:\vhosts\tpshop\App\Runtime\Cache\Admin\9171a5418d3a3dac17fa52ddf12588f3.php 第 128 行.
NOTIC: [8] Use of undefined constant id - assumed 'id' D:\vhosts\tpshop\App\Runtime\Cache\Admin\9171a5418d3a3dac17fa52ddf12588f3.php 第 128 行.
NOTIC: [8] Use of undefined constant id - assumed 'id' D:\vhosts\tpshop\App\Runtime\Cache\Admin\9171a5418d3a3dac17fa52ddf12588f3.php 第 128 行.
NOTIC: [8] Use of undefined constant id - assumed 'id' D:\vhosts\tpshop\App\Runtime\Cache\Admin\9171a5418d3a3dac17fa52ddf12588f3.php 第 128 行.
NOTIC: [8] Use of undefined constant id - assumed 'id' D:\vhosts\tpshop\App\Runtime\Cache\Admin\9171a5418d3a3dac17fa52ddf12588f3.php 第 128 行.
NOTIC: [8] Use of undefined constant id - assumed 'id' D:\vhosts\tpshop\App\Runtime\Cache\Admin\9171a5418d3a3dac17fa52ddf12588f3.php 第 128 行.
NOTIC: [8] Use of undefined constant id - assumed 'id' D:\vhosts\tpshop\App\Runtime\Cache\Admin\9171a5418d3a3dac17fa52ddf12588f3.php 第 128 行.
NOTIC: [8] Use of undefined constant id - assumed 'id' D:\vhosts\tpshop\App\Runtime\Cache\Admin\9171a5418d3a3dac17fa52ddf12588f3.php 第 128 行.
NOTIC: [8] Use of undefined constant id - assumed 'id' D:\vhosts\tpshop\App\Runtime\Cache\Admin\9171a5418d3a3dac17fa52ddf12588f3.php 第 128 行.
NOTIC: [8] Use of undefined constant id - assumed 'id' D:\vhosts\tpshop\App\Runtime\Cache\Admin\9171a5418d3a3dac17fa52ddf12588f3.php 第 128 行.
NOTIC: [8] Use of undefined constant id - assumed 'id' D:\vhosts\tpshop\App\Runtime\Cache\Admin\9171a5418d3a3dac17fa52ddf12588f3.php 第 128 行.
NOTIC: [8] Use of undefined constant id - assumed 'id' D:\vhosts\tpshop\App\Runtime\Cache\Admin\9171a5418d3a3dac17fa52ddf12588f3.php 第 128 行.
NOTIC: [8] Use of undefined constant id - assumed 'id' D:\vhosts\tpshop\App\Runtime\Cache\Admin\9171a5418d3a3dac17fa52ddf12588f3.php 第 128 行.
NOTIC: [8] Use of undefined constant id - assumed 'id' D:\vhosts\tpshop\App\Runtime\Cache\Admin\9171a5418d3a3dac17fa52ddf12588f3.php 第 128 行.
NOTIC: [8] Use of undefined constant id - assumed 'id' D:\vhosts\tpshop\App\Runtime\Cache\Admin\9171a5418d3a3dac17fa52ddf12588f3.php 第 128 行.
INFO: Run Behavior\ParseTemplateBehavior [ RunTime:0.024001s ]
INFO: [ view_parse ] --END-- [ RunTime:0.024001s ]
INFO: [ view_filter ] --START--
INFO: Run Behavior\WriteHtmlCacheBehavior [ RunTime:0.001000s ]
INFO: [ view_filter ] --END-- [ RunTime:0.001000s ]
INFO: [ app_end ] --START--
INFO: Run Behavior\ShowPageTraceBehavior [ RunTime:0.001000s ]
INFO: [ app_end ] --END-- [ RunTime:0.001000s ]

[ 2015-12-07T00:25:20+08:00 ] 127.0.0.1 /index.php/Admin/Admin/drag
INFO: [ app_init ] --START--
INFO: Run Behavior\BuildLiteBehavior [ RunTime:0.000000s ]
INFO: [ app_init ] --END-- [ RunTime:0.001000s ]
INFO: [ app_begin ] --START--
INFO: Run Behavior\ReadHtmlCacheBehavior [ RunTime:0.001000s ]
INFO: [ app_begin ] --END-- [ RunTime:0.002000s ]
SQL: SHOW COLUMNS FROM `tp_admin_user` [ RunTime:0.0080s ]
SQL: SELECT * FROM `tp_admin_user` WHERE `user_name` = 'admin' LIMIT 1   [ RunTime:0.0010s ]
SQL: SELECT * FROM `tp_admin_user` WHERE `user_name` = 'admin' LIMIT 1   [ RunTime:0.0000s ]
INFO: [ view_parse ] --START--
INFO: [ template_filter ] --START--
INFO: Run Behavior\ContentReplaceBehavior [ RunTime:0.000000s ]
INFO: [ template_filter ] --END-- [ RunTime:0.001000s ]
INFO: Run Behavior\ParseTemplateBehavior [ RunTime:0.016001s ]
INFO: [ view_parse ] --END-- [ RunTime:0.017001s ]
INFO: [ view_filter ] --START--
INFO: Run Behavior\WriteHtmlCacheBehavior [ RunTime:0.003000s ]
INFO: [ view_filter ] --END-- [ RunTime:0.003000s ]
INFO: [ app_end ] --START--
INFO: Run Behavior\ShowPageTraceBehavior [ RunTime:0.005000s ]
INFO: [ app_end ] --END-- [ RunTime:0.006000s ]

[ 2015-12-07T00:25:20+08:00 ] 127.0.0.1 /index.php/Admin/Admin/main
INFO: [ app_init ] --START--
INFO: Run Behavior\BuildLiteBehavior [ RunTime:0.000000s ]
INFO: [ app_init ] --END-- [ RunTime:0.001000s ]
INFO: [ app_begin ] --START--
INFO: Run Behavior\ReadHtmlCacheBehavior [ RunTime:0.001000s ]
INFO: [ app_begin ] --END-- [ RunTime:0.002000s ]
SQL: SHOW COLUMNS FROM `tp_admin_user` [ RunTime:0.0060s ]
SQL: SELECT * FROM `tp_admin_user` WHERE `user_name` = 'admin' LIMIT 1   [ RunTime:0.0020s ]
SQL: SELECT * FROM `tp_admin_user` WHERE `user_name` = 'admin' LIMIT 1   [ RunTime:0.0030s ]
INFO: [ view_parse ] --START--
INFO: [ template_filter ] --START--
INFO: Run Behavior\ContentReplaceBehavior [ RunTime:0.000000s ]
INFO: [ template_filter ] --END-- [ RunTime:0.000000s ]
INFO: Run Behavior\ParseTemplateBehavior [ RunTime:0.017001s ]
INFO: [ view_parse ] --END-- [ RunTime:0.017001s ]
INFO: [ view_filter ] --START--
INFO: Run Behavior\WriteHtmlCacheBehavior [ RunTime:0.000000s ]
INFO: [ view_filter ] --END-- [ RunTime:0.001000s ]
INFO: [ app_end ] --START--
INFO: Run Behavior\ShowPageTraceBehavior [ RunTime:0.002000s ]
INFO: [ app_end ] --END-- [ RunTime:0.002000s ]

[ 2015-12-07T00:25:22+08:00 ] 127.0.0.1 /index.php/Admin/Category/getlist
INFO: [ app_init ] --START--
INFO: Run Behavior\BuildLiteBehavior [ RunTime:0.000000s ]
INFO: [ app_init ] --END-- [ RunTime:0.001000s ]
INFO: [ app_begin ] --START--
INFO: Run Behavior\ReadHtmlCacheBehavior [ RunTime:0.001000s ]
INFO: [ app_begin ] --END-- [ RunTime:0.002000s ]
SQL: SHOW COLUMNS FROM `tp_admin_user` [ RunTime:0.0060s ]
SQL: SELECT * FROM `tp_admin_user` WHERE `user_name` = 'admin' LIMIT 1   [ RunTime:0.0010s ]
SQL: SELECT * FROM `tp_admin_user` WHERE `user_name` = 'admin' LIMIT 1   [ RunTime:0.0020s ]
SQL: SHOW COLUMNS FROM `tp_category` [ RunTime:0.0060s ]
SQL: SHOW COLUMNS FROM `tp_category` [ RunTime:0.0050s ]
SQL: SELECT * FROM `tp_category`  [ RunTime:0.0010s ]
INFO: [ view_parse ] --START--
INFO: [ template_filter ] --START--
INFO: Run Behavior\ContentReplaceBehavior [ RunTime:0.000000s ]
INFO: [ template_filter ] --END-- [ RunTime:0.000000s ]
INFO: Run Behavior\ParseTemplateBehavior [ RunTime:0.054003s ]
INFO: [ view_parse ] --END-- [ RunTime:0.054003s ]
INFO: [ view_filter ] --START--
INFO: Run Behavior\WriteHtmlCacheBehavior [ RunTime:0.000000s ]
INFO: [ view_filter ] --END-- [ RunTime:0.001000s ]
INFO: [ app_end ] --START--
INFO: Run Behavior\ShowPageTraceBehavior [ RunTime:0.001000s ]
INFO: [ app_end ] --END-- [ RunTime:0.002000s ]

[ 2015-12-07T10:09:31+08:00 ] 127.0.0.1 /index.php/Admin/admin/index
INFO: [ app_init ] --START--
INFO: Run Behavior\BuildLiteBehavior [ RunTime:0.000000s ]
INFO: [ app_init ] --END-- [ RunTime:0.002000s ]
INFO: [ app_begin ] --START--
INFO: Run Behavior\ReadHtmlCacheBehavior [ RunTime:0.001000s ]
INFO: [ app_begin ] --END-- [ RunTime:0.001000s ]
SQL: SHOW COLUMNS FROM `tp_admin_user` [ RunTime:0.0280s ]
SQL: SELECT * FROM `tp_admin_user` WHERE `user_name` = null LIMIT 1   [ RunTime:0.0010s ]

[ 2015-12-07T10:09:32+08:00 ] 127.0.0.1 /index.php/Admin/Login/login.html
INFO: [ app_init ] --START--
INFO: Run Behavior\BuildLiteBehavior [ RunTime:0.000000s ]
INFO: [ app_init ] --END-- [ RunTime:0.001000s ]
INFO: [ app_begin ] --START--
INFO: Run Behavior\ReadHtmlCacheBehavior [ RunTime:0.001000s ]
INFO: [ app_begin ] --END-- [ RunTime:0.001000s ]
SQL: SHOW COLUMNS FROM `tp_admin_user` [ RunTime:0.0050s ]
NOTIC: [8] Undefined index: $token D:\vhosts\tpshop\App\Admin\Controller\LoginController.class.php 第 21 行.
SQL: SELECT `user_name`,`token`,`last_setcookie`,`role_id` FROM `tp_admin_user` WHERE `identifier` = 'd41d8cd98f00b204e9800998ecf8427e' LIMIT 1   [ RunTime:0.0000s ]
NOTIC: [8] Undefined index: user_name D:\vhosts\tpshop\App\Admin\Controller\LoginController.class.php 第 26 行.
SQL: UPDATE `tp_admin_user` SET `last_login`='1449454172',`last_ip`='127.0.0.1' WHERE `user_name` = null [ RunTime:0.0000s ]

[ 2015-12-07T10:09:32+08:00 ] 127.0.0.1 /index.php/Admin/Admin/index.html
INFO: [ app_init ] --START--
INFO: Run Behavior\BuildLiteBehavior [ RunTime:0.000000s ]
INFO: [ app_init ] --END-- [ RunTime:0.001000s ]
INFO: [ app_begin ] --START--
INFO: Run Behavior\ReadHtmlCacheBehavior [ RunTime:0.001000s ]
INFO: [ app_begin ] --END-- [ RunTime:0.001000s ]
SQL: SHOW COLUMNS FROM `tp_admin_user` [ RunTime:0.0060s ]
SQL: SELECT * FROM `tp_admin_user` WHERE `user_name` = 'admin' LIMIT 1   [ RunTime:0.0010s ]
SQL: SELECT * FROM `tp_admin_user` WHERE `user_name` = 'admin' LIMIT 1   [ RunTime:0.0010s ]
INFO: [ view_parse ] --START--
INFO: [ template_filter ] --START--
INFO: Run Behavior\ContentReplaceBehavior [ RunTime:0.000000s ]
INFO: [ template_filter ] --END-- [ RunTime:0.000000s ]
INFO: Run Behavior\ParseTemplateBehavior [ RunTime:0.011001s ]
INFO: [ view_parse ] --END-- [ RunTime:0.011001s ]
INFO: [ view_filter ] --START--
INFO: Run Behavior\WriteHtmlCacheBehavior [ RunTime:0.001000s ]
INFO: [ view_filter ] --END-- [ RunTime:0.001000s ]
INFO: [ app_end ] --START--
INFO: Run Behavior\ShowPageTraceBehavior [ RunTime:0.001000s ]
INFO: [ app_end ] --END-- [ RunTime:0.001000s ]

[ 2015-12-07T10:09:32+08:00 ] 127.0.0.1 /index.php/Admin/Admin/top
INFO: [ app_init ] --START--
INFO: Run Behavior\BuildLiteBehavior [ RunTime:0.000000s ]
INFO: [ app_init ] --END-- [ RunTime:0.001000s ]
INFO: [ app_begin ] --START--
INFO: Run Behavior\ReadHtmlCacheBehavior [ RunTime:0.001000s ]
INFO: [ app_begin ] --END-- [ RunTime:0.001000s ]
SQL: SHOW COLUMNS FROM `tp_admin_user` [ RunTime:0.0060s ]
SQL: SELECT * FROM `tp_admin_user` WHERE `user_name` = 'admin' LIMIT 1   [ RunTime:0.0000s ]
SQL: SELECT * FROM `tp_admin_user` WHERE `user_name` = 'admin' LIMIT 1   [ RunTime:0.0000s ]
INFO: [ view_parse ] --START--
INFO: [ template_filter ] --START--
INFO: Run Behavior\ContentReplaceBehavior [ RunTime:0.000000s ]
INFO: [ template_filter ] --END-- [ RunTime:0.000000s ]
INFO: Run Behavior\ParseTemplateBehavior [ RunTime:0.012001s ]
INFO: [ view_parse ] --END-- [ RunTime:0.012001s ]
INFO: [ view_filter ] --START--
INFO: Run Behavior\WriteHtmlCacheBehavior [ RunTime:0.001000s ]
INFO: [ view_filter ] --END-- [ RunTime:0.001000s ]
INFO: [ app_end ] --START--
INFO: Run Behavior\ShowPageTraceBehavior [ RunTime:0.001000s ]
INFO: [ app_end ] --END-- [ RunTime:0.001000s ]

[ 2015-12-07T10:09:32+08:00 ] 127.0.0.1 /index.php/Admin/Admin/drag
INFO: [ app_init ] --START--
INFO: Run Behavior\BuildLiteBehavior [ RunTime:0.000000s ]
INFO: [ app_init ] --END-- [ RunTime:0.001000s ]
INFO: [ app_begin ] --START--
INFO: Run Behavior\ReadHtmlCacheBehavior [ RunTime:0.001000s ]
INFO: [ app_begin ] --END-- [ RunTime:0.001000s ]
SQL: SHOW COLUMNS FROM `tp_admin_user` [ RunTime:0.0070s ]
SQL: SELECT * FROM `tp_admin_user` WHERE `user_name` = 'admin' LIMIT 1   [ RunTime:0.0020s ]
SQL: SELECT * FROM `tp_admin_user` WHERE `user_name` = 'admin' LIMIT 1   [ RunTime:0.0010s ]
INFO: [ view_parse ] --START--
INFO: [ template_filter ] --START--
INFO: Run Behavior\ContentReplaceBehavior [ RunTime:0.000000s ]
INFO: [ template_filter ] --END-- [ RunTime:0.000000s ]
INFO: Run Behavior\ParseTemplateBehavior [ RunTime:0.012001s ]
INFO: [ view_parse ] --END-- [ RunTime:0.013001s ]
INFO: [ view_filter ] --START--
INFO: Run Behavior\WriteHtmlCacheBehavior [ RunTime:0.000000s ]
INFO: [ view_filter ] --END-- [ RunTime:0.000000s ]
INFO: [ app_end ] --START--
INFO: Run Behavior\ShowPageTraceBehavior [ RunTime:0.001000s ]
INFO: [ app_end ] --END-- [ RunTime:0.001000s ]

[ 2015-12-07T10:09:32+08:00 ] 127.0.0.1 /index.php/Admin/Admin/menu
INFO: [ app_init ] --START--
INFO: Run Behavior\BuildLiteBehavior [ RunTime:0.000000s ]
INFO: [ app_init ] --END-- [ RunTime:0.001000s ]
INFO: [ app_begin ] --START--
INFO: Run Behavior\ReadHtmlCacheBehavior [ RunTime:0.001000s ]
INFO: [ app_begin ] --END-- [ RunTime:0.001000s ]
SQL: SHOW COLUMNS FROM `tp_admin_user` [ RunTime:0.0060s ]
SQL: SELECT * FROM `tp_admin_user` WHERE `user_name` = 'admin' LIMIT 1   [ RunTime:0.0000s ]
SQL: SELECT * FROM `tp_admin_user` WHERE `user_name` = 'admin' LIMIT 1   [ RunTime:0.0010s ]
SQL: SHOW COLUMNS FROM `tp_privilege` [ RunTime:0.0350s ]
SQL: SELECT `id`,`priv_name` FROM `tp_privilege` WHERE `priv_level` = 0  [ RunTime:0.0020s ]
SQL: SELECT * FROM `tp_privilege` WHERE `priv_level` = 1  [ RunTime:0.0010s ]
INFO: [ view_parse ] --START--
INFO: [ template_filter ] --START--
INFO: Run Behavior\ContentReplaceBehavior [ RunTime:0.001000s ]
INFO: [ template_filter ] --END-- [ RunTime:0.001000s ]
NOTIC: [8] Use of undefined constant id - assumed 'id' D:\vhosts\tpshop\App\Runtime\Cache\Admin\9171a5418d3a3dac17fa52ddf12588f3.php 第 128 行.
NOTIC: [8] Use of undefined constant id - assumed 'id' D:\vhosts\tpshop\App\Runtime\Cache\Admin\9171a5418d3a3dac17fa52ddf12588f3.php 第 128 行.
NOTIC: [8] Use of undefined constant id - assumed 'id' D:\vhosts\tpshop\App\Runtime\Cache\Admin\9171a5418d3a3dac17fa52ddf12588f3.php 第 128 行.
NOTIC: [8] Use of undefined constant id - assumed 'id' D:\vhosts\tpshop\App\Runtime\Cache\Admin\9171a5418d3a3dac17fa52ddf12588f3.php 第 128 行.
NOTIC: [8] Use of undefined constant id - assumed 'id' D:\vhosts\tpshop\App\Runtime\Cache\Admin\9171a5418d3a3dac17fa52ddf12588f3.php 第 128 行.
NOTIC: [8] Use of undefined constant id - assumed 'id' D:\vhosts\tpshop\App\Runtime\Cache\Admin\9171a5418d3a3dac17fa52ddf12588f3.php 第 128 行.
NOTIC: [8] Use of undefined constant id - assumed 'id' D:\vhosts\tpshop\App\Runtime\Cache\Admin\9171a5418d3a3dac17fa52ddf12588f3.php 第 128 行.
NOTIC: [8] Use of undefined constant id - assumed 'id' D:\vhosts\tpshop\App\Runtime\Cache\Admin\9171a5418d3a3dac17fa52ddf12588f3.php 第 128 行.
NOTIC: [8] Use of undefined constant id - assumed 'id' D:\vhosts\tpshop\App\Runtime\Cache\Admin\9171a5418d3a3dac17fa52ddf12588f3.php 第 128 行.
NOTIC: [8] Use of undefined constant id - assumed 'id' D:\vhosts\tpshop\App\Runtime\Cache\Admin\9171a5418d3a3dac17fa52ddf12588f3.php 第 128 行.
NOTIC: [8] Use of undefined constant id - assumed 'id' D:\vhosts\tpshop\App\Runtime\Cache\Admin\9171a5418d3a3dac17fa52ddf12588f3.php 第 128 行.
NOTIC: [8] Use of undefined constant id - assumed 'id' D:\vhosts\tpshop\App\Runtime\Cache\Admin\9171a5418d3a3dac17fa52ddf12588f3.php 第 128 行.
NOTIC: [8] Use of undefined constant id - assumed 'id' D:\vhosts\tpshop\App\Runtime\Cache\Admin\9171a5418d3a3dac17fa52ddf12588f3.php 第 128 行.
NOTIC: [8] Use of undefined constant id - assumed 'id' D:\vhosts\tpshop\App\Runtime\Cache\Admin\9171a5418d3a3dac17fa52ddf12588f3.php 第 128 行.
NOTIC: [8] Use of undefined constant id - assumed 'id' D:\vhosts\tpshop\App\Runtime\Cache\Admin\9171a5418d3a3dac17fa52ddf12588f3.php 第 128 行.
NOTIC: [8] Use of undefined constant id - assumed 'id' D:\vhosts\tpshop\App\Runtime\Cache\Admin\9171a5418d3a3dac17fa52ddf12588f3.php 第 128 行.
NOTIC: [8] Use of undefined constant id - assumed 'id' D:\vhosts\tpshop\App\Runtime\Cache\Admin\9171a5418d3a3dac17fa52ddf12588f3.php 第 128 行.
NOTIC: [8] Use of undefined constant id - assumed 'id' D:\vhosts\tpshop\App\Runtime\Cache\Admin\9171a5418d3a3dac17fa52ddf12588f3.php 第 128 行.
NOTIC: [8] Use of undefined constant id - assumed 'id' D:\vhosts\tpshop\App\Runtime\Cache\Admin\9171a5418d3a3dac17fa52ddf12588f3.php 第 128 行.
NOTIC: [8] Use of undefined constant id - assumed 'id' D:\vhosts\tpshop\App\Runtime\Cache\Admin\9171a5418d3a3dac17fa52ddf12588f3.php 第 128 行.
NOTIC: [8] Use of undefined constant id - assumed 'id' D:\vhosts\tpshop\App\Runtime\Cache\Admin\9171a5418d3a3dac17fa52ddf12588f3.php 第 128 行.
NOTIC: [8] Use of undefined constant id - assumed 'id' D:\vhosts\tpshop\App\Runtime\Cache\Admin\9171a5418d3a3dac17fa52ddf12588f3.php 第 128 行.
NOTIC: [8] Use of undefined constant id - assumed 'id' D:\vhosts\tpshop\App\Runtime\Cache\Admin\9171a5418d3a3dac17fa52ddf12588f3.php 第 128 行.
NOTIC: [8] Use of undefined constant id - assumed 'id' D:\vhosts\tpshop\App\Runtime\Cache\Admin\9171a5418d3a3dac17fa52ddf12588f3.php 第 128 行.
NOTIC: [8] Use of undefined constant id - assumed 'id' D:\vhosts\tpshop\App\Runtime\Cache\Admin\9171a5418d3a3dac17fa52ddf12588f3.php 第 128 行.
NOTIC: [8] Use of undefined constant id - assumed 'id' D:\vhosts\tpshop\App\Runtime\Cache\Admin\9171a5418d3a3dac17fa52ddf12588f3.php 第 128 行.
NOTIC: [8] Use of undefined constant id - assumed 'id' D:\vhosts\tpshop\App\Runtime\Cache\Admin\9171a5418d3a3dac17fa52ddf12588f3.php 第 128 行.
NOTIC: [8] Use of undefined constant id - assumed 'id' D:\vhosts\tpshop\App\Runtime\Cache\Admin\9171a5418d3a3dac17fa52ddf12588f3.php 第 128 行.
NOTIC: [8] Use of undefined constant id - assumed 'id' D:\vhosts\tpshop\App\Runtime\Cache\Admin\9171a5418d3a3dac17fa52ddf12588f3.php 第 128 行.
NOTIC: [8] Use of undefined constant id - assumed 'id' D:\vhosts\tpshop\App\Runtime\Cache\Admin\9171a5418d3a3dac17fa52ddf12588f3.php 第 128 行.
NOTIC: [8] Use of undefined constant id - assumed 'id' D:\vhosts\tpshop\App\Runtime\Cache\Admin\9171a5418d3a3dac17fa52ddf12588f3.php 第 128 行.
NOTIC: [8] Use of undefined constant id - assumed 'id' D:\vhosts\tpshop\App\Runtime\Cache\Admin\9171a5418d3a3dac17fa52ddf12588f3.php 第 128 行.
NOTIC: [8] Use of undefined constant id - assumed 'id' D:\vhosts\tpshop\App\Runtime\Cache\Admin\9171a5418d3a3dac17fa52ddf12588f3.php 第 128 行.
NOTIC: [8] Use of undefined constant id - assumed 'id' D:\vhosts\tpshop\App\Runtime\Cache\Admin\9171a5418d3a3dac17fa52ddf12588f3.php 第 128 行.
NOTIC: [8] Use of undefined constant id - assumed 'id' D:\vhosts\tpshop\App\Runtime\Cache\Admin\9171a5418d3a3dac17fa52ddf12588f3.php 第 128 行.
NOTIC: [8] Use of undefined constant id - assumed 'id' D:\vhosts\tpshop\App\Runtime\Cache\Admin\9171a5418d3a3dac17fa52ddf12588f3.php 第 128 行.
NOTIC: [8] Use of undefined constant id - assumed 'id' D:\vhosts\tpshop\App\Runtime\Cache\Admin\9171a5418d3a3dac17fa52ddf12588f3.php 第 128 行.
NOTIC: [8] Use of undefined constant id - assumed 'id' D:\vhosts\tpshop\App\Runtime\Cache\Admin\9171a5418d3a3dac17fa52ddf12588f3.php 第 128 行.
NOTIC: [8] Use of undefined constant id - assumed 'id' D:\vhosts\tpshop\App\Runtime\Cache\Admin\9171a5418d3a3dac17fa52ddf12588f3.php 第 128 行.
NOTIC: [8] Use of undefined constant id - assumed 'id' D:\vhosts\tpshop\App\Runtime\Cache\Admin\9171a5418d3a3dac17fa52ddf12588f3.php 第 128 行.
NOTIC: [8] Use of undefined constant id - assumed 'id' D:\vhosts\tpshop\App\Runtime\Cache\Admin\9171a5418d3a3dac17fa52ddf12588f3.php 第 128 行.
NOTIC: [8] Use of undefined constant id - assumed 'id' D:\vhosts\tpshop\App\Runtime\Cache\Admin\9171a5418d3a3dac17fa52ddf12588f3.php 第 128 行.
NOTIC: [8] Use of undefined constant id - assumed 'id' D:\vhosts\tpshop\App\Runtime\Cache\Admin\9171a5418d3a3dac17fa52ddf12588f3.php 第 128 行.
NOTIC: [8] Use of undefined constant id - assumed 'id' D:\vhosts\tpshop\App\Runtime\Cache\Admin\9171a5418d3a3dac17fa52ddf12588f3.php 第 128 行.
NOTIC: [8] Use of undefined constant id - assumed 'id' D:\vhosts\tpshop\App\Runtime\Cache\Admin\9171a5418d3a3dac17fa52ddf12588f3.php 第 128 行.
NOTIC: [8] Use of undefined constant id - assumed 'id' D:\vhosts\tpshop\App\Runtime\Cache\Admin\9171a5418d3a3dac17fa52ddf12588f3.php 第 128 行.
NOTIC: [8] Use of undefined constant id - assumed 'id' D:\vhosts\tpshop\App\Runtime\Cache\Admin\9171a5418d3a3dac17fa52ddf12588f3.php 第 128 行.
NOTIC: [8] Use of undefined constant id - assumed 'id' D:\vhosts\tpshop\App\Runtime\Cache\Admin\9171a5418d3a3dac17fa52ddf12588f3.php 第 128 行.
NOTIC: [8] Use of undefined constant id - assumed 'id' D:\vhosts\tpshop\App\Runtime\Cache\Admin\9171a5418d3a3dac17fa52ddf12588f3.php 第 128 行.
NOTIC: [8] Use of undefined constant id - assumed 'id' D:\vhosts\tpshop\App\Runtime\Cache\Admin\9171a5418d3a3dac17fa52ddf12588f3.php 第 128 行.
NOTIC: [8] Use of undefined constant id - assumed 'id' D:\vhosts\tpshop\App\Runtime\Cache\Admin\9171a5418d3a3dac17fa52ddf12588f3.php 第 128 行.
NOTIC: [8] Use of undefined constant id - assumed 'id' D:\vhosts\tpshop\App\Runtime\Cache\Admin\9171a5418d3a3dac17fa52ddf12588f3.php 第 128 行.
NOTIC: [8] Use of undefined constant id - assumed 'id' D:\vhosts\tpshop\App\Runtime\Cache\Admin\9171a5418d3a3dac17fa52ddf12588f3.php 第 128 行.
NOTIC: [8] Use of undefined constant id - assumed 'id' D:\vhosts\tpshop\App\Runtime\Cache\Admin\9171a5418d3a3dac17fa52ddf12588f3.php 第 128 行.
NOTIC: [8] Use of undefined constant id - assumed 'id' D:\vhosts\tpshop\App\Runtime\Cache\Admin\9171a5418d3a3dac17fa52ddf12588f3.php 第 128 行.
NOTIC: [8] Use of undefined constant id - assumed 'id' D:\vhosts\tpshop\App\Runtime\Cache\Admin\9171a5418d3a3dac17fa52ddf12588f3.php 第 128 行.
NOTIC: [8] Use of undefined constant id - assumed 'id' D:\vhosts\tpshop\App\Runtime\Cache\Admin\9171a5418d3a3dac17fa52ddf12588f3.php 第 128 行.
NOTIC: [8] Use of undefined constant id - assumed 'id' D:\vhosts\tpshop\App\Runtime\Cache\Admin\9171a5418d3a3dac17fa52ddf12588f3.php 第 128 行.
NOTIC: [8] Use of undefined constant id - assumed 'id' D:\vhosts\tpshop\App\Runtime\Cache\Admin\9171a5418d3a3dac17fa52ddf12588f3.php 第 128 行.
NOTIC: [8] Use of undefined constant id - assumed 'id' D:\vhosts\tpshop\App\Runtime\Cache\Admin\9171a5418d3a3dac17fa52ddf12588f3.php 第 128 行.
NOTIC: [8] Use of undefined constant id - assumed 'id' D:\vhosts\tpshop\App\Runtime\Cache\Admin\9171a5418d3a3dac17fa52ddf12588f3.php 第 128 行.
NOTIC: [8] Use of undefined constant id - assumed 'id' D:\vhosts\tpshop\App\Runtime\Cache\Admin\9171a5418d3a3dac17fa52ddf12588f3.php 第 128 行.
NOTIC: [8] Use of undefined constant id - assumed 'id' D:\vhosts\tpshop\App\Runtime\Cache\Admin\9171a5418d3a3dac17fa52ddf12588f3.php 第 128 行.
NOTIC: [8] Use of undefined constant id - assumed 'id' D:\vhosts\tpshop\App\Runtime\Cache\Admin\9171a5418d3a3dac17fa52ddf12588f3.php 第 128 行.
NOTIC: [8] Use of undefined constant id - assumed 'id' D:\vhosts\tpshop\App\Runtime\Cache\Admin\9171a5418d3a3dac17fa52ddf12588f3.php 第 128 行.
NOTIC: [8] Use of undefined constant id - assumed 'id' D:\vhosts\tpshop\App\Runtime\Cache\Admin\9171a5418d3a3dac17fa52ddf12588f3.php 第 128 行.
NOTIC: [8] Use of undefined constant id - assumed 'id' D:\vhosts\tpshop\App\Runtime\Cache\Admin\9171a5418d3a3dac17fa52ddf12588f3.php 第 128 行.
NOTIC: [8] Use of undefined constant id - assumed 'id' D:\vhosts\tpshop\App\Runtime\Cache\Admin\9171a5418d3a3dac17fa52ddf12588f3.php 第 128 行.
NOTIC: [8] Use of undefined constant id - assumed 'id' D:\vhosts\tpshop\App\Runtime\Cache\Admin\9171a5418d3a3dac17fa52ddf12588f3.php 第 128 行.
NOTIC: [8] Use of undefined constant id - assumed 'id' D:\vhosts\tpshop\App\Runtime\Cache\Admin\9171a5418d3a3dac17fa52ddf12588f3.php 第 128 行.
NOTIC: [8] Use of undefined constant id - assumed 'id' D:\vhosts\tpshop\App\Runtime\Cache\Admin\9171a5418d3a3dac17fa52ddf12588f3.php 第 128 行.
NOTIC: [8] Use of undefined constant id - assumed 'id' D:\vhosts\tpshop\App\Runtime\Cache\Admin\9171a5418d3a3dac17fa52ddf12588f3.php 第 128 行.
NOTIC: [8] Use of undefined constant id - assumed 'id' D:\vhosts\tpshop\App\Runtime\Cache\Admin\9171a5418d3a3dac17fa52ddf12588f3.php 第 128 行.
NOTIC: [8] Use of undefined constant id - assumed 'id' D:\vhosts\tpshop\App\Runtime\Cache\Admin\9171a5418d3a3dac17fa52ddf12588f3.php 第 128 行.
NOTIC: [8] Use of undefined constant id - assumed 'id' D:\vhosts\tpshop\App\Runtime\Cache\Admin\9171a5418d3a3dac17fa52ddf12588f3.php 第 128 行.
NOTIC: [8] Use of undefined constant id - assumed 'id' D:\vhosts\tpshop\App\Runtime\Cache\Admin\9171a5418d3a3dac17fa52ddf12588f3.php 第 128 行.
NOTIC: [8] Use of undefined constant id - assumed 'id' D:\vhosts\tpshop\App\Runtime\Cache\Admin\9171a5418d3a3dac17fa52ddf12588f3.php 第 128 行.
NOTIC: [8] Use of undefined constant id - assumed 'id' D:\vhosts\tpshop\App\Runtime\Cache\Admin\9171a5418d3a3dac17fa52ddf12588f3.php 第 128 行.
NOTIC: [8] Use of undefined constant id - assumed 'id' D:\vhosts\tpshop\App\Runtime\Cache\Admin\9171a5418d3a3dac17fa52ddf12588f3.php 第 128 行.
NOTIC: [8] Use of undefined constant id - assumed 'id' D:\vhosts\tpshop\App\Runtime\Cache\Admin\9171a5418d3a3dac17fa52ddf12588f3.php 第 128 行.
NOTIC: [8] Use of undefined constant id - assumed 'id' D:\vhosts\tpshop\App\Runtime\Cache\Admin\9171a5418d3a3dac17fa52ddf12588f3.php 第 128 行.
NOTIC: [8] Use of undefined constant id - assumed 'id' D:\vhosts\tpshop\App\Runtime\Cache\Admin\9171a5418d3a3dac17fa52ddf12588f3.php 第 128 行.
NOTIC: [8] Use of undefined constant id - assumed 'id' D:\vhosts\tpshop\App\Runtime\Cache\Admin\9171a5418d3a3dac17fa52ddf12588f3.php 第 128 行.
NOTIC: [8] Use of undefined constant id - assumed 'id' D:\vhosts\tpshop\App\Runtime\Cache\Admin\9171a5418d3a3dac17fa52ddf12588f3.php 第 128 行.
NOTIC: [8] Use of undefined constant id - assumed 'id' D:\vhosts\tpshop\App\Runtime\Cache\Admin\9171a5418d3a3dac17fa52ddf12588f3.php 第 128 行.
INFO: Run Behavior\ParseTemplateBehavior [ RunTime:0.023001s ]
INFO: [ view_parse ] --END-- [ RunTime:0.023001s ]
INFO: [ view_filter ] --START--
INFO: Run Behavior\WriteHtmlCacheBehavior [ RunTime:0.000000s ]
INFO: [ view_filter ] --END-- [ RunTime:0.000000s ]
INFO: [ app_end ] --START--
INFO: Run Behavior\ShowPageTraceBehavior [ RunTime:0.002000s ]
INFO: [ app_end ] --END-- [ RunTime:0.002000s ]

[ 2015-12-07T10:09:32+08:00 ] 127.0.0.1 /index.php/Admin/Admin/main
INFO: [ app_init ] --START--
INFO: Run Behavior\BuildLiteBehavior [ RunTime:0.000000s ]
INFO: [ app_init ] --END-- [ RunTime:0.000000s ]
INFO: [ app_begin ] --START--
INFO: Run Behavior\ReadHtmlCacheBehavior [ RunTime:0.002000s ]
INFO: [ app_begin ] --END-- [ RunTime:0.002000s ]
SQL: SHOW COLUMNS FROM `tp_admin_user` [ RunTime:0.0070s ]
SQL: SELECT * FROM `tp_admin_user` WHERE `user_name` = 'admin' LIMIT 1   [ RunTime:0.0010s ]
SQL: SELECT * FROM `tp_admin_user` WHERE `user_name` = 'admin' LIMIT 1   [ RunTime:0.0010s ]
INFO: [ view_parse ] --START--
INFO: [ template_filter ] --START--
INFO: Run Behavior\ContentReplaceBehavior [ RunTime:0.000000s ]
INFO: [ template_filter ] --END-- [ RunTime:0.000000s ]
INFO: Run Behavior\ParseTemplateBehavior [ RunTime:0.015001s ]
INFO: [ view_parse ] --END-- [ RunTime:0.015001s ]
INFO: [ view_filter ] --START--
INFO: Run Behavior\WriteHtmlCacheBehavior [ RunTime:0.000000s ]
INFO: [ view_filter ] --END-- [ RunTime:0.001000s ]
INFO: [ app_end ] --START--
INFO: Run Behavior\ShowPageTraceBehavior [ RunTime:0.001000s ]
INFO: [ app_end ] --END-- [ RunTime:0.001000s ]

[ 2015-12-07T10:09:36+08:00 ] 127.0.0.1 /index.php/Admin/Category/getlist
INFO: [ app_init ] --START--
INFO: Run Behavior\BuildLiteBehavior [ RunTime:0.000000s ]
INFO: [ app_init ] --END-- [ RunTime:0.001000s ]
INFO: [ app_begin ] --START--
INFO: Run Behavior\ReadHtmlCacheBehavior [ RunTime:0.001000s ]
INFO: [ app_begin ] --END-- [ RunTime:0.001000s ]
SQL: SHOW COLUMNS FROM `tp_admin_user` [ RunTime:0.0080s ]
SQL: SELECT * FROM `tp_admin_user` WHERE `user_name` = 'admin' LIMIT 1   [ RunTime:0.0010s ]
SQL: SELECT * FROM `tp_admin_user` WHERE `user_name` = 'admin' LIMIT 1   [ RunTime:0.0010s ]
SQL: SHOW COLUMNS FROM `tp_category` [ RunTime:0.0070s ]
SQL: SHOW COLUMNS FROM `tp_category` [ RunTime:0.0080s ]
SQL: SELECT * FROM `tp_category`  [ RunTime:0.0020s ]
SQL: SELECT * FROM `tp_category`  [ RunTime:0.0010s ]

[ 2015-12-07T10:09:50+08:00 ] 127.0.0.1 /index.php/Admin/Admin/index.html
INFO: [ app_init ] --START--
INFO: Run Behavior\BuildLiteBehavior [ RunTime:0.000000s ]
INFO: [ app_init ] --END-- [ RunTime:0.001000s ]
INFO: [ app_begin ] --START--
INFO: Run Behavior\ReadHtmlCacheBehavior [ RunTime:0.001000s ]
INFO: [ app_begin ] --END-- [ RunTime:0.002000s ]
SQL: SHOW COLUMNS FROM `tp_admin_user` [ RunTime:0.0100s ]
SQL: SELECT * FROM `tp_admin_user` WHERE `user_name` = 'admin' LIMIT 1   [ RunTime:0.0050s ]
SQL: SELECT * FROM `tp_admin_user` WHERE `user_name` = 'admin' LIMIT 1   [ RunTime:0.0020s ]
INFO: [ view_parse ] --START--
INFO: [ template_filter ] --START--
INFO: Run Behavior\ContentReplaceBehavior [ RunTime:0.000000s ]
INFO: [ template_filter ] --END-- [ RunTime:0.000000s ]
INFO: Run Behavior\ParseTemplateBehavior [ RunTime:0.016001s ]
INFO: [ view_parse ] --END-- [ RunTime:0.016001s ]
INFO: [ view_filter ] --START--
INFO: Run Behavior\WriteHtmlCacheBehavior [ RunTime:0.000000s ]
INFO: [ view_filter ] --END-- [ RunTime:0.000000s ]
INFO: [ app_end ] --START--
INFO: Run Behavior\ShowPageTraceBehavior [ RunTime:0.003000s ]
INFO: [ app_end ] --END-- [ RunTime:0.004000s ]

[ 2015-12-07T10:09:51+08:00 ] 127.0.0.1 /index.php/Admin/Admin/top
INFO: [ app_init ] --START--
INFO: Run Behavior\BuildLiteBehavior [ RunTime:0.000000s ]
INFO: [ app_init ] --END-- [ RunTime:0.001000s ]
INFO: [ app_begin ] --START--
INFO: Run Behavior\ReadHtmlCacheBehavior [ RunTime:0.001000s ]
INFO: [ app_begin ] --END-- [ RunTime:0.001000s ]
SQL: SHOW COLUMNS FROM `tp_admin_user` [ RunTime:0.0070s ]
SQL: SELECT * FROM `tp_admin_user` WHERE `user_name` = 'admin' LIMIT 1   [ RunTime:0.0010s ]
SQL: SELECT * FROM `tp_admin_user` WHERE `user_name` = 'admin' LIMIT 1   [ RunTime:0.0000s ]
INFO: [ view_parse ] --START--
INFO: [ template_filter ] --START--
INFO: Run Behavior\ContentReplaceBehavior [ RunTime:0.000000s ]
INFO: [ template_filter ] --END-- [ RunTime:0.001000s ]
INFO: Run Behavior\ParseTemplateBehavior [ RunTime:0.013001s ]
INFO: [ view_parse ] --END-- [ RunTime:0.013001s ]
INFO: [ view_filter ] --START--
INFO: Run Behavior\WriteHtmlCacheBehavior [ RunTime:0.001000s ]
INFO: [ view_filter ] --END-- [ RunTime:0.001000s ]
INFO: [ app_end ] --START--
INFO: Run Behavior\ShowPageTraceBehavior [ RunTime:0.001000s ]
INFO: [ app_end ] --END-- [ RunTime:0.001000s ]

[ 2015-12-07T10:09:51+08:00 ] 127.0.0.1 /index.php/Admin/Admin/menu
INFO: [ app_init ] --START--
INFO: Run Behavior\BuildLiteBehavior [ RunTime:0.000000s ]
INFO: [ app_init ] --END-- [ RunTime:0.001000s ]
INFO: [ app_begin ] --START--
INFO: Run Behavior\ReadHtmlCacheBehavior [ RunTime:0.001000s ]
INFO: [ app_begin ] --END-- [ RunTime:0.002000s ]
SQL: SHOW COLUMNS FROM `tp_admin_user` [ RunTime:0.0050s ]
SQL: SELECT * FROM `tp_admin_user` WHERE `user_name` = 'admin' LIMIT 1   [ RunTime:0.0010s ]
SQL: SELECT * FROM `tp_admin_user` WHERE `user_name` = 'admin' LIMIT 1   [ RunTime:0.0010s ]
SQL: SHOW COLUMNS FROM `tp_privilege` [ RunTime:0.0070s ]
SQL: SELECT `id`,`priv_name` FROM `tp_privilege` WHERE `priv_level` = 0  [ RunTime:0.0010s ]
SQL: SELECT * FROM `tp_privilege` WHERE `priv_level` = 1  [ RunTime:0.0010s ]
INFO: [ view_parse ] --START--
INFO: [ template_filter ] --START--
INFO: Run Behavior\ContentReplaceBehavior [ RunTime:0.001000s ]
INFO: [ template_filter ] --END-- [ RunTime:0.001000s ]
NOTIC: [8] Use of undefined constant id - assumed 'id' D:\vhosts\tpshop\App\Runtime\Cache\Admin\9171a5418d3a3dac17fa52ddf12588f3.php 第 128 行.
NOTIC: [8] Use of undefined constant id - assumed 'id' D:\vhosts\tpshop\App\Runtime\Cache\Admin\9171a5418d3a3dac17fa52ddf12588f3.php 第 128 行.
NOTIC: [8] Use of undefined constant id - assumed 'id' D:\vhosts\tpshop\App\Runtime\Cache\Admin\9171a5418d3a3dac17fa52ddf12588f3.php 第 128 行.
NOTIC: [8] Use of undefined constant id - assumed 'id' D:\vhosts\tpshop\App\Runtime\Cache\Admin\9171a5418d3a3dac17fa52ddf12588f3.php 第 128 行.
NOTIC: [8] Use of undefined constant id - assumed 'id' D:\vhosts\tpshop\App\Runtime\Cache\Admin\9171a5418d3a3dac17fa52ddf12588f3.php 第 128 行.
NOTIC: [8] Use of undefined constant id - assumed 'id' D:\vhosts\tpshop\App\Runtime\Cache\Admin\9171a5418d3a3dac17fa52ddf12588f3.php 第 128 行.
NOTIC: [8] Use of undefined constant id - assumed 'id' D:\vhosts\tpshop\App\Runtime\Cache\Admin\9171a5418d3a3dac17fa52ddf12588f3.php 第 128 行.
NOTIC: [8] Use of undefined constant id - assumed 'id' D:\vhosts\tpshop\App\Runtime\Cache\Admin\9171a5418d3a3dac17fa52ddf12588f3.php 第 128 行.
NOTIC: [8] Use of undefined constant id - assumed 'id' D:\vhosts\tpshop\App\Runtime\Cache\Admin\9171a5418d3a3dac17fa52ddf12588f3.php 第 128 行.
NOTIC: [8] Use of undefined constant id - assumed 'id' D:\vhosts\tpshop\App\Runtime\Cache\Admin\9171a5418d3a3dac17fa52ddf12588f3.php 第 128 行.
NOTIC: [8] Use of undefined constant id - assumed 'id' D:\vhosts\tpshop\App\Runtime\Cache\Admin\9171a5418d3a3dac17fa52ddf12588f3.php 第 128 行.
NOTIC: [8] Use of undefined constant id - assumed 'id' D:\vhosts\tpshop\App\Runtime\Cache\Admin\9171a5418d3a3dac17fa52ddf12588f3.php 第 128 行.
NOTIC: [8] Use of undefined constant id - assumed 'id' D:\vhosts\tpshop\App\Runtime\Cache\Admin\9171a5418d3a3dac17fa52ddf12588f3.php 第 128 行.
NOTIC: [8] Use of undefined constant id - assumed 'id' D:\vhosts\tpshop\App\Runtime\Cache\Admin\9171a5418d3a3dac17fa52ddf12588f3.php 第 128 行.
NOTIC: [8] Use of undefined constant id - assumed 'id' D:\vhosts\tpshop\App\Runtime\Cache\Admin\9171a5418d3a3dac17fa52ddf12588f3.php 第 128 行.
NOTIC: [8] Use of undefined constant id - assumed 'id' D:\vhosts\tpshop\App\Runtime\Cache\Admin\9171a5418d3a3dac17fa52ddf12588f3.php 第 128 行.
NOTIC: [8] Use of undefined constant id - assumed 'id' D:\vhosts\tpshop\App\Runtime\Cache\Admin\9171a5418d3a3dac17fa52ddf12588f3.php 第 128 行.
NOTIC: [8] Use of undefined constant id - assumed 'id' D:\vhosts\tpshop\App\Runtime\Cache\Admin\9171a5418d3a3dac17fa52ddf12588f3.php 第 128 行.
NOTIC: [8] Use of undefined constant id - assumed 'id' D:\vhosts\tpshop\App\Runtime\Cache\Admin\9171a5418d3a3dac17fa52ddf12588f3.php 第 128 行.
NOTIC: [8] Use of undefined constant id - assumed 'id' D:\vhosts\tpshop\App\Runtime\Cache\Admin\9171a5418d3a3dac17fa52ddf12588f3.php 第 128 行.
NOTIC: [8] Use of undefined constant id - assumed 'id' D:\vhosts\tpshop\App\Runtime\Cache\Admin\9171a5418d3a3dac17fa52ddf12588f3.php 第 128 行.
NOTIC: [8] Use of undefined constant id - assumed 'id' D:\vhosts\tpshop\App\Runtime\Cache\Admin\9171a5418d3a3dac17fa52ddf12588f3.php 第 128 行.
NOTIC: [8] Use of undefined constant id - assumed 'id' D:\vhosts\tpshop\App\Runtime\Cache\Admin\9171a5418d3a3dac17fa52ddf12588f3.php 第 128 行.
NOTIC: [8] Use of undefined constant id - assumed 'id' D:\vhosts\tpshop\App\Runtime\Cache\Admin\9171a5418d3a3dac17fa52ddf12588f3.php 第 128 行.
NOTIC: [8] Use of undefined constant id - assumed 'id' D:\vhosts\tpshop\App\Runtime\Cache\Admin\9171a5418d3a3dac17fa52ddf12588f3.php 第 128 行.
NOTIC: [8] Use of undefined constant id - assumed 'id' D:\vhosts\tpshop\App\Runtime\Cache\Admin\9171a5418d3a3dac17fa52ddf12588f3.php 第 128 行.
NOTIC: [8] Use of undefined constant id - assumed 'id' D:\vhosts\tpshop\App\Runtime\Cache\Admin\9171a5418d3a3dac17fa52ddf12588f3.php 第 128 行.
NOTIC: [8] Use of undefined constant id - assumed 'id' D:\vhosts\tpshop\App\Runtime\Cache\Admin\9171a5418d3a3dac17fa52ddf12588f3.php 第 128 行.
NOTIC: [8] Use of undefined constant id - assumed 'id' D:\vhosts\tpshop\App\Runtime\Cache\Admin\9171a5418d3a3dac17fa52ddf12588f3.php 第 128 行.
NOTIC: [8] Use of undefined constant id - assumed 'id' D:\vhosts\tpshop\App\Runtime\Cache\Admin\9171a5418d3a3dac17fa52ddf12588f3.php 第 128 行.
NOTIC: [8] Use of undefined constant id - assumed 'id' D:\vhosts\tpshop\App\Runtime\Cache\Admin\9171a5418d3a3dac17fa52ddf12588f3.php 第 128 行.
NOTIC: [8] Use of undefined constant id - assumed 'id' D:\vhosts\tpshop\App\Runtime\Cache\Admin\9171a5418d3a3dac17fa52ddf12588f3.php 第 128 行.
NOTIC: [8] Use of undefined constant id - assumed 'id' D:\vhosts\tpshop\App\Runtime\Cache\Admin\9171a5418d3a3dac17fa52ddf12588f3.php 第 128 行.
NOTIC: [8] Use of undefined constant id - assumed 'id' D:\vhosts\tpshop\App\Runtime\Cache\Admin\9171a5418d3a3dac17fa52ddf12588f3.php 第 128 行.
NOTIC: [8] Use of undefined constant id - assumed 'id' D:\vhosts\tpshop\App\Runtime\Cache\Admin\9171a5418d3a3dac17fa52ddf12588f3.php 第 128 行.
NOTIC: [8] Use of undefined constant id - assumed 'id' D:\vhosts\tpshop\App\Runtime\Cache\Admin\9171a5418d3a3dac17fa52ddf12588f3.php 第 128 行.
NOTIC: [8] Use of undefined constant id - assumed 'id' D:\vhosts\tpshop\App\Runtime\Cache\Admin\9171a5418d3a3dac17fa52ddf12588f3.php 第 128 行.
NOTIC: [8] Use of undefined constant id - assumed 'id' D:\vhosts\tpshop\App\Runtime\Cache\Admin\9171a5418d3a3dac17fa52ddf12588f3.php 第 128 行.
NOTIC: [8] Use of undefined constant id - assumed 'id' D:\vhosts\tpshop\App\Runtime\Cache\Admin\9171a5418d3a3dac17fa52ddf12588f3.php 第 128 行.
NOTIC: [8] Use of undefined constant id - assumed 'id' D:\vhosts\tpshop\App\Runtime\Cache\Admin\9171a5418d3a3dac17fa52ddf12588f3.php 第 128 行.
NOTIC: [8] Use of undefined constant id - assumed 'id' D:\vhosts\tpshop\App\Runtime\Cache\Admin\9171a5418d3a3dac17fa52ddf12588f3.php 第 128 行.
NOTIC: [8] Use of undefined constant id - assumed 'id' D:\vhosts\tpshop\App\Runtime\Cache\Admin\9171a5418d3a3dac17fa52ddf12588f3.php 第 128 行.
NOTIC: [8] Use of undefined constant id - assumed 'id' D:\vhosts\tpshop\App\Runtime\Cache\Admin\9171a5418d3a3dac17fa52ddf12588f3.php 第 128 行.
NOTIC: [8] Use of undefined constant id - assumed 'id' D:\vhosts\tpshop\App\Runtime\Cache\Admin\9171a5418d3a3dac17fa52ddf12588f3.php 第 128 行.
NOTIC: [8] Use of undefined constant id - assumed 'id' D:\vhosts\tpshop\App\Runtime\Cache\Admin\9171a5418d3a3dac17fa52ddf12588f3.php 第 128 行.
NOTIC: [8] Use of undefined constant id - assumed 'id' D:\vhosts\tpshop\App\Runtime\Cache\Admin\9171a5418d3a3dac17fa52ddf12588f3.php 第 128 行.
NOTIC: [8] Use of undefined constant id - assumed 'id' D:\vhosts\tpshop\App\Runtime\Cache\Admin\9171a5418d3a3dac17fa52ddf12588f3.php 第 128 行.
NOTIC: [8] Use of undefined constant id - assumed 'id' D:\vhosts\tpshop\App\Runtime\Cache\Admin\9171a5418d3a3dac17fa52ddf12588f3.php 第 128 行.
NOTIC: [8] Use of undefined constant id - assumed 'id' D:\vhosts\tpshop\App\Runtime\Cache\Admin\9171a5418d3a3dac17fa52ddf12588f3.php 第 128 行.
NOTIC: [8] Use of undefined constant id - assumed 'id' D:\vhosts\tpshop\App\Runtime\Cache\Admin\9171a5418d3a3dac17fa52ddf12588f3.php 第 128 行.
NOTIC: [8] Use of undefined constant id - assumed 'id' D:\vhosts\tpshop\App\Runtime\Cache\Admin\9171a5418d3a3dac17fa52ddf12588f3.php 第 128 行.
NOTIC: [8] Use of undefined constant id - assumed 'id' D:\vhosts\tpshop\App\Runtime\Cache\Admin\9171a5418d3a3dac17fa52ddf12588f3.php 第 128 行.
NOTIC: [8] Use of undefined constant id - assumed 'id' D:\vhosts\tpshop\App\Runtime\Cache\Admin\9171a5418d3a3dac17fa52ddf12588f3.php 第 128 行.
NOTIC: [8] Use of undefined constant id - assumed 'id' D:\vhosts\tpshop\App\Runtime\Cache\Admin\9171a5418d3a3dac17fa52ddf12588f3.php 第 128 行.
NOTIC: [8] Use of undefined constant id - assumed 'id' D:\vhosts\tpshop\App\Runtime\Cache\Admin\9171a5418d3a3dac17fa52ddf12588f3.php 第 128 行.
NOTIC: [8] Use of undefined constant id - assumed 'id' D:\vhosts\tpshop\App\Runtime\Cache\Admin\9171a5418d3a3dac17fa52ddf12588f3.php 第 128 行.
NOTIC: [8] Use of undefined constant id - assumed 'id' D:\vhosts\tpshop\App\Runtime\Cache\Admin\9171a5418d3a3dac17fa52ddf12588f3.php 第 128 行.
NOTIC: [8] Use of undefined constant id - assumed 'id' D:\vhosts\tpshop\App\Runtime\Cache\Admin\9171a5418d3a3dac17fa52ddf12588f3.php 第 128 行.
NOTIC: [8] Use of undefined constant id - assumed 'id' D:\vhosts\tpshop\App\Runtime\Cache\Admin\9171a5418d3a3dac17fa52ddf12588f3.php 第 128 行.
NOTIC: [8] Use of undefined constant id - assumed 'id' D:\vhosts\tpshop\App\Runtime\Cache\Admin\9171a5418d3a3dac17fa52ddf12588f3.php 第 128 行.
NOTIC: [8] Use of undefined constant id - assumed 'id' D:\vhosts\tpshop\App\Runtime\Cache\Admin\9171a5418d3a3dac17fa52ddf12588f3.php 第 128 行.
NOTIC: [8] Use of undefined constant id - assumed 'id' D:\vhosts\tpshop\App\Runtime\Cache\Admin\9171a5418d3a3dac17fa52ddf12588f3.php 第 128 行.
NOTIC: [8] Use of undefined constant id - assumed 'id' D:\vhosts\tpshop\App\Runtime\Cache\Admin\9171a5418d3a3dac17fa52ddf12588f3.php 第 128 行.
NOTIC: [8] Use of undefined constant id - assumed 'id' D:\vhosts\tpshop\App\Runtime\Cache\Admin\9171a5418d3a3dac17fa52ddf12588f3.php 第 128 行.
NOTIC: [8] Use of undefined constant id - assumed 'id' D:\vhosts\tpshop\App\Runtime\Cache\Admin\9171a5418d3a3dac17fa52ddf12588f3.php 第 128 行.
NOTIC: [8] Use of undefined constant id - assumed 'id' D:\vhosts\tpshop\App\Runtime\Cache\Admin\9171a5418d3a3dac17fa52ddf12588f3.php 第 128 行.
NOTIC: [8] Use of undefined constant id - assumed 'id' D:\vhosts\tpshop\App\Runtime\Cache\Admin\9171a5418d3a3dac17fa52ddf12588f3.php 第 128 行.
NOTIC: [8] Use of undefined constant id - assumed 'id' D:\vhosts\tpshop\App\Runtime\Cache\Admin\9171a5418d3a3dac17fa52ddf12588f3.php 第 128 行.
NOTIC: [8] Use of undefined constant id - assumed 'id' D:\vhosts\tpshop\App\Runtime\Cache\Admin\9171a5418d3a3dac17fa52ddf12588f3.php 第 128 行.
NOTIC: [8] Use of undefined constant id - assumed 'id' D:\vhosts\tpshop\App\Runtime\Cache\Admin\9171a5418d3a3dac17fa52ddf12588f3.php 第 128 行.
NOTIC: [8] Use of undefined constant id - assumed 'id' D:\vhosts\tpshop\App\Runtime\Cache\Admin\9171a5418d3a3dac17fa52ddf12588f3.php 第 128 行.
NOTIC: [8] Use of undefined constant id - assumed 'id' D:\vhosts\tpshop\App\Runtime\Cache\Admin\9171a5418d3a3dac17fa52ddf12588f3.php 第 128 行.
NOTIC: [8] Use of undefined constant id - assumed 'id' D:\vhosts\tpshop\App\Runtime\Cache\Admin\9171a5418d3a3dac17fa52ddf12588f3.php 第 128 行.
NOTIC: [8] Use of undefined constant id - assumed 'id' D:\vhosts\tpshop\App\Runtime\Cache\Admin\9171a5418d3a3dac17fa52ddf12588f3.php 第 128 行.
NOTIC: [8] Use of undefined constant id - assumed 'id' D:\vhosts\tpshop\App\Runtime\Cache\Admin\9171a5418d3a3dac17fa52ddf12588f3.php 第 128 行.
NOTIC: [8] Use of undefined constant id - assumed 'id' D:\vhosts\tpshop\App\Runtime\Cache\Admin\9171a5418d3a3dac17fa52ddf12588f3.php 第 128 行.
NOTIC: [8] Use of undefined constant id - assumed 'id' D:\vhosts\tpshop\App\Runtime\Cache\Admin\9171a5418d3a3dac17fa52ddf12588f3.php 第 128 行.
NOTIC: [8] Use of undefined constant id - assumed 'id' D:\vhosts\tpshop\App\Runtime\Cache\Admin\9171a5418d3a3dac17fa52ddf12588f3.php 第 128 行.
NOTIC: [8] Use of undefined constant id - assumed 'id' D:\vhosts\tpshop\App\Runtime\Cache\Admin\9171a5418d3a3dac17fa52ddf12588f3.php 第 128 行.
NOTIC: [8] Use of undefined constant id - assumed 'id' D:\vhosts\tpshop\App\Runtime\Cache\Admin\9171a5418d3a3dac17fa52ddf12588f3.php 第 128 行.
NOTIC: [8] Use of undefined constant id - assumed 'id' D:\vhosts\tpshop\App\Runtime\Cache\Admin\9171a5418d3a3dac17fa52ddf12588f3.php 第 128 行.
NOTIC: [8] Use of undefined constant id - assumed 'id' D:\vhosts\tpshop\App\Runtime\Cache\Admin\9171a5418d3a3dac17fa52ddf12588f3.php 第 128 行.
NOTIC: [8] Use of undefined constant id - assumed 'id' D:\vhosts\tpshop\App\Runtime\Cache\Admin\9171a5418d3a3dac17fa52ddf12588f3.php 第 128 行.
NOTIC: [8] Use of undefined constant id - assumed 'id' D:\vhosts\tpshop\App\Runtime\Cache\Admin\9171a5418d3a3dac17fa52ddf12588f3.php 第 128 行.
NOTIC: [8] Use of undefined constant id - assumed 'id' D:\vhosts\tpshop\App\Runtime\Cache\Admin\9171a5418d3a3dac17fa52ddf12588f3.php 第 128 行.
INFO: Run Behavior\ParseTemplateBehavior [ RunTime:0.024002s ]
INFO: [ view_parse ] --END-- [ RunTime:0.024002s ]
INFO: [ view_filter ] --START--
INFO: Run Behavior\WriteHtmlCacheBehavior [ RunTime:0.001000s ]
INFO: [ view_filter ] --END-- [ RunTime:0.001000s ]
INFO: [ app_end ] --START--
INFO: Run Behavior\ShowPageTraceBehavior [ RunTime:0.002000s ]
INFO: [ app_end ] --END-- [ RunTime:0.002000s ]

[ 2015-12-07T10:09:51+08:00 ] 127.0.0.1 /index.php/Admin/Admin/drag
INFO: [ app_init ] --START--
INFO: Run Behavior\BuildLiteBehavior [ RunTime:0.000000s ]
INFO: [ app_init ] --END-- [ RunTime:0.000000s ]
INFO: [ app_begin ] --START--
INFO: Run Behavior\ReadHtmlCacheBehavior [ RunTime:0.001000s ]
INFO: [ app_begin ] --END-- [ RunTime:0.001000s ]
SQL: SHOW COLUMNS FROM `tp_admin_user` [ RunTime:0.0100s ]
SQL: SELECT * FROM `tp_admin_user` WHERE `user_name` = 'admin' LIMIT 1   [ RunTime:0.0040s ]
SQL: SELECT * FROM `tp_admin_user` WHERE `user_name` = 'admin' LIMIT 1   [ RunTime:0.0060s ]
INFO: [ view_parse ] --START--
INFO: [ template_filter ] --START--
INFO: Run Behavior\ContentReplaceBehavior [ RunTime:0.001000s ]
INFO: [ template_filter ] --END-- [ RunTime:0.001000s ]
INFO: Run Behavior\ParseTemplateBehavior [ RunTime:0.010001s ]
INFO: [ view_parse ] --END-- [ RunTime:0.010001s ]
INFO: [ view_filter ] --START--
INFO: Run Behavior\WriteHtmlCacheBehavior [ RunTime:0.001000s ]
INFO: [ view_filter ] --END-- [ RunTime:0.001000s ]
INFO: [ app_end ] --START--
INFO: Run Behavior\ShowPageTraceBehavior [ RunTime:0.001000s ]
INFO: [ app_end ] --END-- [ RunTime:0.001000s ]

[ 2015-12-07T10:09:51+08:00 ] 127.0.0.1 /index.php/Admin/Admin/main
INFO: [ app_init ] --START--
INFO: Run Behavior\BuildLiteBehavior [ RunTime:0.000000s ]
INFO: [ app_init ] --END-- [ RunTime:0.000000s ]
INFO: [ app_begin ] --START--
INFO: Run Behavior\ReadHtmlCacheBehavior [ RunTime:0.001000s ]
INFO: [ app_begin ] --END-- [ RunTime:0.001000s ]
SQL: SHOW COLUMNS FROM `tp_admin_user` [ RunTime:0.0070s ]
SQL: SELECT * FROM `tp_admin_user` WHERE `user_name` = 'admin' LIMIT 1   [ RunTime:0.0010s ]
SQL: SELECT * FROM `tp_admin_user` WHERE `user_name` = 'admin' LIMIT 1   [ RunTime:0.0010s ]
INFO: [ view_parse ] --START--
INFO: [ template_filter ] --START--
INFO: Run Behavior\ContentReplaceBehavior [ RunTime:0.000000s ]
INFO: [ template_filter ] --END-- [ RunTime:0.000000s ]
INFO: Run Behavior\ParseTemplateBehavior [ RunTime:0.014001s ]
INFO: [ view_parse ] --END-- [ RunTime:0.014001s ]
INFO: [ view_filter ] --START--
INFO: Run Behavior\WriteHtmlCacheBehavior [ RunTime:0.001000s ]
INFO: [ view_filter ] --END-- [ RunTime:0.001000s ]
INFO: [ app_end ] --START--
INFO: Run Behavior\ShowPageTraceBehavior [ RunTime:0.001000s ]
INFO: [ app_end ] --END-- [ RunTime:0.001000s ]

[ 2015-12-07T10:09:52+08:00 ] 127.0.0.1 /index.php/Admin/Category/getlist
INFO: [ app_init ] --START--
INFO: Run Behavior\BuildLiteBehavior [ RunTime:0.000000s ]
INFO: [ app_init ] --END-- [ RunTime:0.001000s ]
INFO: [ app_begin ] --START--
INFO: Run Behavior\ReadHtmlCacheBehavior [ RunTime:0.001000s ]
INFO: [ app_begin ] --END-- [ RunTime:0.001000s ]
SQL: SHOW COLUMNS FROM `tp_admin_user` [ RunTime:0.0060s ]
SQL: SELECT * FROM `tp_admin_user` WHERE `user_name` = 'admin' LIMIT 1   [ RunTime:0.0000s ]
SQL: SELECT * FROM `tp_admin_user` WHERE `user_name` = 'admin' LIMIT 1   [ RunTime:0.0000s ]
SQL: SHOW COLUMNS FROM `tp_category` [ RunTime:0.0060s ]
SQL: SHOW COLUMNS FROM `tp_category` [ RunTime:0.0050s ]
SQL: SELECT * FROM `tp_category`  [ RunTime:0.0010s ]
SQL: SELECT * FROM `tp_category`  [ RunTime:0.0000s ]

[ 2015-12-07T10:10:54+08:00 ] 127.0.0.1 /index.php/Admin/Admin/index.html
INFO: [ app_init ] --START--
INFO: Run Behavior\BuildLiteBehavior [ RunTime:0.001001s ]
INFO: [ app_init ] --END-- [ RunTime:0.001001s ]
INFO: [ app_begin ] --START--
INFO: Run Behavior\ReadHtmlCacheBehavior [ RunTime:0.001000s ]
INFO: [ app_begin ] --END-- [ RunTime:0.001000s ]
SQL: SHOW COLUMNS FROM `tp_admin_user` [ RunTime:0.0060s ]
SQL: SELECT * FROM `tp_admin_user` WHERE `user_name` = 'admin' LIMIT 1   [ RunTime:0.0000s ]
SQL: SELECT * FROM `tp_admin_user` WHERE `user_name` = 'admin' LIMIT 1   [ RunTime:0.0000s ]
INFO: [ view_parse ] --START--
INFO: [ template_filter ] --START--
INFO: Run Behavior\ContentReplaceBehavior [ RunTime:0.000000s ]
INFO: [ template_filter ] --END-- [ RunTime:0.000000s ]
INFO: Run Behavior\ParseTemplateBehavior [ RunTime:0.010000s ]
INFO: [ view_parse ] --END-- [ RunTime:0.010000s ]
INFO: [ view_filter ] --START--
INFO: Run Behavior\WriteHtmlCacheBehavior [ RunTime:0.001000s ]
INFO: [ view_filter ] --END-- [ RunTime:0.001000s ]
INFO: [ app_end ] --START--
INFO: Run Behavior\ShowPageTraceBehavior [ RunTime:0.001000s ]
INFO: [ app_end ] --END-- [ RunTime:0.001000s ]

[ 2015-12-07T10:10:54+08:00 ] 127.0.0.1 /index.php/Admin/Admin/menu
INFO: [ app_init ] --START--
INFO: Run Behavior\BuildLiteBehavior [ RunTime:0.000000s ]
INFO: [ app_init ] --END-- [ RunTime:0.001000s ]
INFO: [ app_begin ] --START--
INFO: Run Behavior\ReadHtmlCacheBehavior [ RunTime:0.001000s ]
INFO: [ app_begin ] --END-- [ RunTime:0.001000s ]
SQL: SHOW COLUMNS FROM `tp_admin_user` [ RunTime:0.0090s ]
SQL: SELECT * FROM `tp_admin_user` WHERE `user_name` = 'admin' LIMIT 1   [ RunTime:0.0030s ]
SQL: SELECT * FROM `tp_admin_user` WHERE `user_name` = 'admin' LIMIT 1   [ RunTime:0.0010s ]
SQL: SHOW COLUMNS FROM `tp_privilege` [ RunTime:0.0060s ]
SQL: SELECT `id`,`priv_name` FROM `tp_privilege` WHERE `priv_level` = 0  [ RunTime:0.0030s ]
SQL: SELECT * FROM `tp_privilege` WHERE `priv_level` = 1  [ RunTime:0.0020s ]
INFO: [ view_parse ] --START--
INFO: [ template_filter ] --START--
INFO: Run Behavior\ContentReplaceBehavior [ RunTime:0.000000s ]
INFO: [ template_filter ] --END-- [ RunTime:0.001000s ]
NOTIC: [8] Use of undefined constant id - assumed 'id' D:\vhosts\tpshop\App\Runtime\Cache\Admin\9171a5418d3a3dac17fa52ddf12588f3.php 第 128 行.
NOTIC: [8] Use of undefined constant id - assumed 'id' D:\vhosts\tpshop\App\Runtime\Cache\Admin\9171a5418d3a3dac17fa52ddf12588f3.php 第 128 行.
NOTIC: [8] Use of undefined constant id - assumed 'id' D:\vhosts\tpshop\App\Runtime\Cache\Admin\9171a5418d3a3dac17fa52ddf12588f3.php 第 128 行.
NOTIC: [8] Use of undefined constant id - assumed 'id' D:\vhosts\tpshop\App\Runtime\Cache\Admin\9171a5418d3a3dac17fa52ddf12588f3.php 第 128 行.
NOTIC: [8] Use of undefined constant id - assumed 'id' D:\vhosts\tpshop\App\Runtime\Cache\Admin\9171a5418d3a3dac17fa52ddf12588f3.php 第 128 行.
NOTIC: [8] Use of undefined constant id - assumed 'id' D:\vhosts\tpshop\App\Runtime\Cache\Admin\9171a5418d3a3dac17fa52ddf12588f3.php 第 128 行.
NOTIC: [8] Use of undefined constant id - assumed 'id' D:\vhosts\tpshop\App\Runtime\Cache\Admin\9171a5418d3a3dac17fa52ddf12588f3.php 第 128 行.
NOTIC: [8] Use of undefined constant id - assumed 'id' D:\vhosts\tpshop\App\Runtime\Cache\Admin\9171a5418d3a3dac17fa52ddf12588f3.php 第 128 行.
NOTIC: [8] Use of undefined constant id - assumed 'id' D:\vhosts\tpshop\App\Runtime\Cache\Admin\9171a5418d3a3dac17fa52ddf12588f3.php 第 128 行.
NOTIC: [8] Use of undefined constant id - assumed 'id' D:\vhosts\tpshop\App\Runtime\Cache\Admin\9171a5418d3a3dac17fa52ddf12588f3.php 第 128 行.
NOTIC: [8] Use of undefined constant id - assumed 'id' D:\vhosts\tpshop\App\Runtime\Cache\Admin\9171a5418d3a3dac17fa52ddf12588f3.php 第 128 行.
NOTIC: [8] Use of undefined constant id - assumed 'id' D:\vhosts\tpshop\App\Runtime\Cache\Admin\9171a5418d3a3dac17fa52ddf12588f3.php 第 128 行.
NOTIC: [8] Use of undefined constant id - assumed 'id' D:\vhosts\tpshop\App\Runtime\Cache\Admin\9171a5418d3a3dac17fa52ddf12588f3.php 第 128 行.
NOTIC: [8] Use of undefined constant id - assumed 'id' D:\vhosts\tpshop\App\Runtime\Cache\Admin\9171a5418d3a3dac17fa52ddf12588f3.php 第 128 行.
NOTIC: [8] Use of undefined constant id - assumed 'id' D:\vhosts\tpshop\App\Runtime\Cache\Admin\9171a5418d3a3dac17fa52ddf12588f3.php 第 128 行.
NOTIC: [8] Use of undefined constant id - assumed 'id' D:\vhosts\tpshop\App\Runtime\Cache\Admin\9171a5418d3a3dac17fa52ddf12588f3.php 第 128 行.
NOTIC: [8] Use of undefined constant id - assumed 'id' D:\vhosts\tpshop\App\Runtime\Cache\Admin\9171a5418d3a3dac17fa52ddf12588f3.php 第 128 行.
NOTIC: [8] Use of undefined constant id - assumed 'id' D:\vhosts\tpshop\App\Runtime\Cache\Admin\9171a5418d3a3dac17fa52ddf12588f3.php 第 128 行.
NOTIC: [8] Use of undefined constant id - assumed 'id' D:\vhosts\tpshop\App\Runtime\Cache\Admin\9171a5418d3a3dac17fa52ddf12588f3.php 第 128 行.
NOTIC: [8] Use of undefined constant id - assumed 'id' D:\vhosts\tpshop\App\Runtime\Cache\Admin\9171a5418d3a3dac17fa52ddf12588f3.php 第 128 行.
NOTIC: [8] Use of undefined constant id - assumed 'id' D:\vhosts\tpshop\App\Runtime\Cache\Admin\9171a5418d3a3dac17fa52ddf12588f3.php 第 128 行.
NOTIC: [8] Use of undefined constant id - assumed 'id' D:\vhosts\tpshop\App\Runtime\Cache\Admin\9171a5418d3a3dac17fa52ddf12588f3.php 第 128 行.
NOTIC: [8] Use of undefined constant id - assumed 'id' D:\vhosts\tpshop\App\Runtime\Cache\Admin\9171a5418d3a3dac17fa52ddf12588f3.php 第 128 行.
NOTIC: [8] Use of undefined constant id - assumed 'id' D:\vhosts\tpshop\App\Runtime\Cache\Admin\9171a5418d3a3dac17fa52ddf12588f3.php 第 128 行.
NOTIC: [8] Use of undefined constant id - assumed 'id' D:\vhosts\tpshop\App\Runtime\Cache\Admin\9171a5418d3a3dac17fa52ddf12588f3.php 第 128 行.
NOTIC: [8] Use of undefined constant id - assumed 'id' D:\vhosts\tpshop\App\Runtime\Cache\Admin\9171a5418d3a3dac17fa52ddf12588f3.php 第 128 行.
NOTIC: [8] Use of undefined constant id - assumed 'id' D:\vhosts\tpshop\App\Runtime\Cache\Admin\9171a5418d3a3dac17fa52ddf12588f3.php 第 128 行.
NOTIC: [8] Use of undefined constant id - assumed 'id' D:\vhosts\tpshop\App\Runtime\Cache\Admin\9171a5418d3a3dac17fa52ddf12588f3.php 第 128 行.
NOTIC: [8] Use of undefined constant id - assumed 'id' D:\vhosts\tpshop\App\Runtime\Cache\Admin\9171a5418d3a3dac17fa52ddf12588f3.php 第 128 行.
NOTIC: [8] Use of undefined constant id - assumed 'id' D:\vhosts\tpshop\App\Runtime\Cache\Admin\9171a5418d3a3dac17fa52ddf12588f3.php 第 128 行.
NOTIC: [8] Use of undefined constant id - assumed 'id' D:\vhosts\tpshop\App\Runtime\Cache\Admin\9171a5418d3a3dac17fa52ddf12588f3.php 第 128 行.
NOTIC: [8] Use of undefined constant id - assumed 'id' D:\vhosts\tpshop\App\Runtime\Cache\Admin\9171a5418d3a3dac17fa52ddf12588f3.php 第 128 行.
NOTIC: [8] Use of undefined constant id - assumed 'id' D:\vhosts\tpshop\App\Runtime\Cache\Admin\9171a5418d3a3dac17fa52ddf12588f3.php 第 128 行.
NOTIC: [8] Use of undefined constant id - assumed 'id' D:\vhosts\tpshop\App\Runtime\Cache\Admin\9171a5418d3a3dac17fa52ddf12588f3.php 第 128 行.
NOTIC: [8] Use of undefined constant id - assumed 'id' D:\vhosts\tpshop\App\Runtime\Cache\Admin\9171a5418d3a3dac17fa52ddf12588f3.php 第 128 行.
NOTIC: [8] Use of undefined constant id - assumed 'id' D:\vhosts\tpshop\App\Runtime\Cache\Admin\9171a5418d3a3dac17fa52ddf12588f3.php 第 128 行.
NOTIC: [8] Use of undefined constant id - assumed 'id' D:\vhosts\tpshop\App\Runtime\Cache\Admin\9171a5418d3a3dac17fa52ddf12588f3.php 第 128 行.
NOTIC: [8] Use of undefined constant id - assumed 'id' D:\vhosts\tpshop\App\Runtime\Cache\Admin\9171a5418d3a3dac17fa52ddf12588f3.php 第 128 行.
NOTIC: [8] Use of undefined constant id - assumed 'id' D:\vhosts\tpshop\App\Runtime\Cache\Admin\9171a5418d3a3dac17fa52ddf12588f3.php 第 128 行.
NOTIC: [8] Use of undefined constant id - assumed 'id' D:\vhosts\tpshop\App\Runtime\Cache\Admin\9171a5418d3a3dac17fa52ddf12588f3.php 第 128 行.
NOTIC: [8] Use of undefined constant id - assumed 'id' D:\vhosts\tpshop\App\Runtime\Cache\Admin\9171a5418d3a3dac17fa52ddf12588f3.php 第 128 行.
NOTIC: [8] Use of undefined constant id - assumed 'id' D:\vhosts\tpshop\App\Runtime\Cache\Admin\9171a5418d3a3dac17fa52ddf12588f3.php 第 128 行.
NOTIC: [8] Use of undefined constant id - assumed 'id' D:\vhosts\tpshop\App\Runtime\Cache\Admin\9171a5418d3a3dac17fa52ddf12588f3.php 第 128 行.
NOTIC: [8] Use of undefined constant id - assumed 'id' D:\vhosts\tpshop\App\Runtime\Cache\Admin\9171a5418d3a3dac17fa52ddf12588f3.php 第 128 行.
NOTIC: [8] Use of undefined constant id - assumed 'id' D:\vhosts\tpshop\App\Runtime\Cache\Admin\9171a5418d3a3dac17fa52ddf12588f3.php 第 128 行.
NOTIC: [8] Use of undefined constant id - assumed 'id' D:\vhosts\tpshop\App\Runtime\Cache\Admin\9171a5418d3a3dac17fa52ddf12588f3.php 第 128 行.
NOTIC: [8] Use of undefined constant id - assumed 'id' D:\vhosts\tpshop\App\Runtime\Cache\Admin\9171a5418d3a3dac17fa52ddf12588f3.php 第 128 行.
NOTIC: [8] Use of undefined constant id - assumed 'id' D:\vhosts\tpshop\App\Runtime\Cache\Admin\9171a5418d3a3dac17fa52ddf12588f3.php 第 128 行.
NOTIC: [8] Use of undefined constant id - assumed 'id' D:\vhosts\tpshop\App\Runtime\Cache\Admin\9171a5418d3a3dac17fa52ddf12588f3.php 第 128 行.
NOTIC: [8] Use of undefined constant id - assumed 'id' D:\vhosts\tpshop\App\Runtime\Cache\Admin\9171a5418d3a3dac17fa52ddf12588f3.php 第 128 行.
NOTIC: [8] Use of undefined constant id - assumed 'id' D:\vhosts\tpshop\App\Runtime\Cache\Admin\9171a5418d3a3dac17fa52ddf12588f3.php 第 128 行.
NOTIC: [8] Use of undefined constant id - assumed 'id' D:\vhosts\tpshop\App\Runtime\Cache\Admin\9171a5418d3a3dac17fa52ddf12588f3.php 第 128 行.
NOTIC: [8] Use of undefined constant id - assumed 'id' D:\vhosts\tpshop\App\Runtime\Cache\Admin\9171a5418d3a3dac17fa52ddf12588f3.php 第 128 行.
NOTIC: [8] Use of undefined constant id - assumed 'id' D:\vhosts\tpshop\App\Runtime\Cache\Admin\9171a5418d3a3dac17fa52ddf12588f3.php 第 128 行.
NOTIC: [8] Use of undefined constant id - assumed 'id' D:\vhosts\tpshop\App\Runtime\Cache\Admin\9171a5418d3a3dac17fa52ddf12588f3.php 第 128 行.
NOTIC: [8] Use of undefined constant id - assumed 'id' D:\vhosts\tpshop\App\Runtime\Cache\Admin\9171a5418d3a3dac17fa52ddf12588f3.php 第 128 行.
NOTIC: [8] Use of undefined constant id - assumed 'id' D:\vhosts\tpshop\App\Runtime\Cache\Admin\9171a5418d3a3dac17fa52ddf12588f3.php 第 128 行.
NOTIC: [8] Use of undefined constant id - assumed 'id' D:\vhosts\tpshop\App\Runtime\Cache\Admin\9171a5418d3a3dac17fa52ddf12588f3.php 第 128 行.
NOTIC: [8] Use of undefined constant id - assumed 'id' D:\vhosts\tpshop\App\Runtime\Cache\Admin\9171a5418d3a3dac17fa52ddf12588f3.php 第 128 行.
NOTIC: [8] Use of undefined constant id - assumed 'id' D:\vhosts\tpshop\App\Runtime\Cache\Admin\9171a5418d3a3dac17fa52ddf12588f3.php 第 128 行.
NOTIC: [8] Use of undefined constant id - assumed 'id' D:\vhosts\tpshop\App\Runtime\Cache\Admin\9171a5418d3a3dac17fa52ddf12588f3.php 第 128 行.
NOTIC: [8] Use of undefined constant id - assumed 'id' D:\vhosts\tpshop\App\Runtime\Cache\Admin\9171a5418d3a3dac17fa52ddf12588f3.php 第 128 行.
NOTIC: [8] Use of undefined constant id - assumed 'id' D:\vhosts\tpshop\App\Runtime\Cache\Admin\9171a5418d3a3dac17fa52ddf12588f3.php 第 128 行.
NOTIC: [8] Use of undefined constant id - assumed 'id' D:\vhosts\tpshop\App\Runtime\Cache\Admin\9171a5418d3a3dac17fa52ddf12588f3.php 第 128 行.
NOTIC: [8] Use of undefined constant id - assumed 'id' D:\vhosts\tpshop\App\Runtime\Cache\Admin\9171a5418d3a3dac17fa52ddf12588f3.php 第 128 行.
NOTIC: [8] Use of undefined constant id - assumed 'id' D:\vhosts\tpshop\App\Runtime\Cache\Admin\9171a5418d3a3dac17fa52ddf12588f3.php 第 128 行.
NOTIC: [8] Use of undefined constant id - assumed 'id' D:\vhosts\tpshop\App\Runtime\Cache\Admin\9171a5418d3a3dac17fa52ddf12588f3.php 第 128 行.
NOTIC: [8] Use of undefined constant id - assumed 'id' D:\vhosts\tpshop\App\Runtime\Cache\Admin\9171a5418d3a3dac17fa52ddf12588f3.php 第 128 行.
NOTIC: [8] Use of undefined constant id - assumed 'id' D:\vhosts\tpshop\App\Runtime\Cache\Admin\9171a5418d3a3dac17fa52ddf12588f3.php 第 128 行.
NOTIC: [8] Use of undefined constant id - assumed 'id' D:\vhosts\tpshop\App\Runtime\Cache\Admin\9171a5418d3a3dac17fa52ddf12588f3.php 第 128 行.
NOTIC: [8] Use of undefined constant id - assumed 'id' D:\vhosts\tpshop\App\Runtime\Cache\Admin\9171a5418d3a3dac17fa52ddf12588f3.php 第 128 行.
NOTIC: [8] Use of undefined constant id - assumed 'id' D:\vhosts\tpshop\App\Runtime\Cache\Admin\9171a5418d3a3dac17fa52ddf12588f3.php 第 128 行.
NOTIC: [8] Use of undefined constant id - assumed 'id' D:\vhosts\tpshop\App\Runtime\Cache\Admin\9171a5418d3a3dac17fa52ddf12588f3.php 第 128 行.
NOTIC: [8] Use of undefined constant id - assumed 'id' D:\vhosts\tpshop\App\Runtime\Cache\Admin\9171a5418d3a3dac17fa52ddf12588f3.php 第 128 行.
NOTIC: [8] Use of undefined constant id - assumed 'id' D:\vhosts\tpshop\App\Runtime\Cache\Admin\9171a5418d3a3dac17fa52ddf12588f3.php 第 128 行.
NOTIC: [8] Use of undefined constant id - assumed 'id' D:\vhosts\tpshop\App\Runtime\Cache\Admin\9171a5418d3a3dac17fa52ddf12588f3.php 第 128 行.
NOTIC: [8] Use of undefined constant id - assumed 'id' D:\vhosts\tpshop\App\Runtime\Cache\Admin\9171a5418d3a3dac17fa52ddf12588f3.php 第 128 行.
NOTIC: [8] Use of undefined constant id - assumed 'id' D:\vhosts\tpshop\App\Runtime\Cache\Admin\9171a5418d3a3dac17fa52ddf12588f3.php 第 128 行.
NOTIC: [8] Use of undefined constant id - assumed 'id' D:\vhosts\tpshop\App\Runtime\Cache\Admin\9171a5418d3a3dac17fa52ddf12588f3.php 第 128 行.
NOTIC: [8] Use of undefined constant id - assumed 'id' D:\vhosts\tpshop\App\Runtime\Cache\Admin\9171a5418d3a3dac17fa52ddf12588f3.php 第 128 行.
NOTIC: [8] Use of undefined constant id - assumed 'id' D:\vhosts\tpshop\App\Runtime\Cache\Admin\9171a5418d3a3dac17fa52ddf12588f3.php 第 128 行.
NOTIC: [8] Use of undefined constant id - assumed 'id' D:\vhosts\tpshop\App\Runtime\Cache\Admin\9171a5418d3a3dac17fa52ddf12588f3.php 第 128 行.
NOTIC: [8] Use of undefined constant id - assumed 'id' D:\vhosts\tpshop\App\Runtime\Cache\Admin\9171a5418d3a3dac17fa52ddf12588f3.php 第 128 行.
NOTIC: [8] Use of undefined constant id - assumed 'id' D:\vhosts\tpshop\App\Runtime\Cache\Admin\9171a5418d3a3dac17fa52ddf12588f3.php 第 128 行.
NOTIC: [8] Use of undefined constant id - assumed 'id' D:\vhosts\tpshop\App\Runtime\Cache\Admin\9171a5418d3a3dac17fa52ddf12588f3.php 第 128 行.
INFO: Run Behavior\ParseTemplateBehavior [ RunTime:0.023001s ]
INFO: [ view_parse ] --END-- [ RunTime:0.023001s ]
INFO: [ view_filter ] --START--
INFO: Run Behavior\WriteHtmlCacheBehavior [ RunTime:0.000000s ]
INFO: [ view_filter ] --END-- [ RunTime:0.000000s ]
INFO: [ app_end ] --START--
INFO: Run Behavior\ShowPageTraceBehavior [ RunTime:0.001000s ]
INFO: [ app_end ] --END-- [ RunTime:0.001000s ]

[ 2015-12-07T10:10:54+08:00 ] 127.0.0.1 /index.php/Admin/Admin/top
INFO: [ app_init ] --START--
INFO: Run Behavior\BuildLiteBehavior [ RunTime:0.000000s ]
INFO: [ app_init ] --END-- [ RunTime:0.000000s ]
INFO: [ app_begin ] --START--
INFO: Run Behavior\ReadHtmlCacheBehavior [ RunTime:0.014001s ]
INFO: [ app_begin ] --END-- [ RunTime:0.014001s ]
SQL: SHOW COLUMNS FROM `tp_admin_user` [ RunTime:0.0120s ]
SQL: SELECT * FROM `tp_admin_user` WHERE `user_name` = 'admin' LIMIT 1   [ RunTime:0.0010s ]
SQL: SELECT * FROM `tp_admin_user` WHERE `user_name` = 'admin' LIMIT 1   [ RunTime:0.0000s ]
INFO: [ view_parse ] --START--
INFO: [ template_filter ] --START--
INFO: Run Behavior\ContentReplaceBehavior [ RunTime:0.000000s ]
INFO: [ template_filter ] --END-- [ RunTime:0.000000s ]
INFO: Run Behavior\ParseTemplateBehavior [ RunTime:0.012000s ]
INFO: [ view_parse ] --END-- [ RunTime:0.013000s ]
INFO: [ view_filter ] --START--
INFO: Run Behavior\WriteHtmlCacheBehavior [ RunTime:0.001000s ]
INFO: [ view_filter ] --END-- [ RunTime:0.001000s ]
INFO: [ app_end ] --START--
INFO: Run Behavior\ShowPageTraceBehavior [ RunTime:0.001000s ]
INFO: [ app_end ] --END-- [ RunTime:0.001000s ]

[ 2015-12-07T10:10:54+08:00 ] 127.0.0.1 /index.php/Admin/Admin/drag
INFO: [ app_init ] --START--
INFO: Run Behavior\BuildLiteBehavior [ RunTime:0.000000s ]
INFO: [ app_init ] --END-- [ RunTime:0.001000s ]
INFO: [ app_begin ] --START--
INFO: Run Behavior\ReadHtmlCacheBehavior [ RunTime:0.001000s ]
INFO: [ app_begin ] --END-- [ RunTime:0.001000s ]
SQL: SHOW COLUMNS FROM `tp_admin_user` [ RunTime:0.0070s ]
SQL: SELECT * FROM `tp_admin_user` WHERE `user_name` = 'admin' LIMIT 1   [ RunTime:0.0010s ]
SQL: SELECT * FROM `tp_admin_user` WHERE `user_name` = 'admin' LIMIT 1   [ RunTime:0.0010s ]
INFO: [ view_parse ] --START--
INFO: [ template_filter ] --START--
INFO: Run Behavior\ContentReplaceBehavior [ RunTime:0.000000s ]
INFO: [ template_filter ] --END-- [ RunTime:0.001000s ]
INFO: Run Behavior\ParseTemplateBehavior [ RunTime:0.010001s ]
INFO: [ view_parse ] --END-- [ RunTime:0.010001s ]
INFO: [ view_filter ] --START--
INFO: Run Behavior\WriteHtmlCacheBehavior [ RunTime:0.000000s ]
INFO: [ view_filter ] --END-- [ RunTime:0.000000s ]
INFO: [ app_end ] --START--
INFO: Run Behavior\ShowPageTraceBehavior [ RunTime:0.000000s ]
INFO: [ app_end ] --END-- [ RunTime:0.001000s ]

[ 2015-12-07T10:10:54+08:00 ] 127.0.0.1 /index.php/Admin/Admin/main
INFO: [ app_init ] --START--
INFO: Run Behavior\BuildLiteBehavior [ RunTime:0.000000s ]
INFO: [ app_init ] --END-- [ RunTime:0.001000s ]
INFO: [ app_begin ] --START--
INFO: Run Behavior\ReadHtmlCacheBehavior [ RunTime:0.001000s ]
INFO: [ app_begin ] --END-- [ RunTime:0.001000s ]
SQL: SHOW COLUMNS FROM `tp_admin_user` [ RunTime:0.0080s ]
SQL: SELECT * FROM `tp_admin_user` WHERE `user_name` = 'admin' LIMIT 1   [ RunTime:0.0000s ]
SQL: SELECT * FROM `tp_admin_user` WHERE `user_name` = 'admin' LIMIT 1   [ RunTime:0.0010s ]
INFO: [ view_parse ] --START--
INFO: [ template_filter ] --START--
INFO: Run Behavior\ContentReplaceBehavior [ RunTime:0.000000s ]
INFO: [ template_filter ] --END-- [ RunTime:0.000000s ]
INFO: Run Behavior\ParseTemplateBehavior [ RunTime:0.015001s ]
INFO: [ view_parse ] --END-- [ RunTime:0.015001s ]
INFO: [ view_filter ] --START--
INFO: Run Behavior\WriteHtmlCacheBehavior [ RunTime:0.001000s ]
INFO: [ view_filter ] --END-- [ RunTime:0.001000s ]
INFO: [ app_end ] --START--
INFO: Run Behavior\ShowPageTraceBehavior [ RunTime:0.001000s ]
INFO: [ app_end ] --END-- [ RunTime:0.001000s ]

[ 2015-12-07T10:10:55+08:00 ] 127.0.0.1 /index.php/Admin/Category/getlist
INFO: [ app_init ] --START--
INFO: Run Behavior\BuildLiteBehavior [ RunTime:0.000000s ]
INFO: [ app_init ] --END-- [ RunTime:0.001000s ]
INFO: [ app_begin ] --START--
INFO: Run Behavior\ReadHtmlCacheBehavior [ RunTime:0.001000s ]
INFO: [ app_begin ] --END-- [ RunTime:0.001000s ]
SQL: SHOW COLUMNS FROM `tp_admin_user` [ RunTime:0.0050s ]
SQL: SELECT * FROM `tp_admin_user` WHERE `user_name` = 'admin' LIMIT 1   [ RunTime:0.0010s ]
SQL: SELECT * FROM `tp_admin_user` WHERE `user_name` = 'admin' LIMIT 1   [ RunTime:0.0010s ]
SQL: SHOW COLUMNS FROM `tp_category` [ RunTime:0.0050s ]
SQL: SHOW COLUMNS FROM `tp_category` [ RunTime:0.0060s ]
SQL: SELECT * FROM `tp_category`  [ RunTime:0.0010s ]
INFO: [ view_parse ] --START--
INFO: [ template_filter ] --START--
INFO: Run Behavior\ContentReplaceBehavior [ RunTime:0.000000s ]
INFO: [ template_filter ] --END-- [ RunTime:0.000000s ]
INFO: Run Behavior\ParseTemplateBehavior [ RunTime:0.045002s ]
INFO: [ view_parse ] --END-- [ RunTime:0.046002s ]
INFO: [ view_filter ] --START--
INFO: Run Behavior\WriteHtmlCacheBehavior [ RunTime:0.001000s ]
INFO: [ view_filter ] --END-- [ RunTime:0.001000s ]
INFO: [ app_end ] --START--
INFO: Run Behavior\ShowPageTraceBehavior [ RunTime:0.001000s ]
INFO: [ app_end ] --END-- [ RunTime:0.002000s ]

